[ 2016-09-23T14:23:36+08:00 ] 127.0.0.1 /user/
SQL: SHOW COLUMNS FROM `user` [ RunTime:0.1730s ]
SQL: SELECT * FROM `user` WHERE `id` = 1 LIMIT 1   [ RunTime:0.0800s ]
SQL: SHOW COLUMNS FROM `album` [ RunTime:0.0210s ]
SQL: SELECT COUNT(*) AS tp_count FROM `album` WHERE `user_id` = 1 LIMIT 1   [ RunTime:0.0240s ]
SQL: SELECT `path` FROM `album` WHERE `user_id` = 1 ORDER BY id desc LIMIT 3   [ RunTime:0.0100s ]
SQL: SHOW COLUMNS FROM `region` [ RunTime:0.0150s ]
SQL: SELECT * FROM `region` WHERE `id` = 0 LIMIT 1   [ RunTime:0.0190s ]
SQL: SHOW COLUMNS FROM `pho` [ RunTime:0.0190s ]
SQL: SHOW COLUMNS FROM `task` [ RunTime:0.0210s ]
SQL: SHOW COLUMNS FROM `category` [ RunTime:0.0200s ]
SQL: SELECT `id` FROM `category` WHERE `type` = 1 ORDER BY rank,id  [ RunTime:0.0180s ]
SQL: SELECT `id` FROM `category` WHERE `type` = 2 ORDER BY rank,id  [ RunTime:0.0000s ]
SQL: SELECT * FROM `category` WHERE `id` = 2 LIMIT 1   [ RunTime:0.0000s ]
SQL: SELECT * FROM `category` WHERE `id` = 3 LIMIT 1   [ RunTime:0.0000s ]
SQL: SELECT * FROM `category` WHERE `id` = 1 LIMIT 1   [ RunTime:0.0000s ]
SQL: SELECT * FROM `pho` WHERE `id` = 1 LIMIT 1   [ RunTime:0.0000s ]
SQL: SHOW COLUMNS FROM `order` [ RunTime:0.0070s ]
SQL: SELECT `status`,count(*) FROM `order` WHERE `pho_id` = 1 GROUP BY status  [ RunTime:0.0020s ]
SQL: SHOW COLUMNS FROM `join` [ RunTime:0.0070s ]
SQL: SELECT `status`,count(*) FROM `join` WHERE `user_id` = 1 GROUP BY status  [ RunTime:0.0000s ]
SQL: SELECT COUNT(*) AS tp_count FROM `task` WHERE `user_id` = 1 LIMIT 1   [ RunTime:0.0000s ]
SQL: SHOW COLUMNS FROM `collect` [ RunTime:0.0070s ]
SQL: SELECT COUNT(*) AS tp_count FROM `collect` WHERE `user_id` = 1 AND `type` = 0 LIMIT 1   [ RunTime:0.0120s ]
SQL: SELECT COUNT(*) AS tp_count FROM `collect` WHERE `user_id` = 1 AND `type` = 1 LIMIT 1   [ RunTime:0.0000s ]
SQL: SELECT `status`,count(*) FROM `order` WHERE `user_id` = 1 GROUP BY status  [ RunTime:0.0010s ]
SQL: SHOW COLUMNS FROM `user` [ RunTime:0.0040s ]

[ 2016-09-23T14:23:41+08:00 ] 127.0.0.1 /user/taskJoinDetail?id=1
SQL: SHOW COLUMNS FROM `user` [ RunTime:0.0040s ]
SQL: SELECT * FROM `user` WHERE `id` = 1 LIMIT 1   [ RunTime:0.0000s ]
SQL: SHOW COLUMNS FROM `album` [ RunTime:0.0040s ]
SQL: SELECT COUNT(*) AS tp_count FROM `album` WHERE `user_id` = 1 LIMIT 1   [ RunTime:0.0000s ]
SQL: SELECT `path` FROM `album` WHERE `user_id` = 1 ORDER BY id desc LIMIT 3   [ RunTime:0.0010s ]
SQL: SHOW COLUMNS FROM `region` [ RunTime:0.0030s ]
SQL: SELECT * FROM `region` WHERE `id` = 0 LIMIT 1   [ RunTime:0.0000s ]
SQL: SHOW COLUMNS FROM `pho` [ RunTime:0.0030s ]
SQL: SHOW COLUMNS FROM `task` [ RunTime:0.0040s ]
SQL: SHOW COLUMNS FROM `category` [ RunTime:0.0040s ]
SQL: SELECT `id` FROM `category` WHERE `type` = 1 ORDER BY rank,id  [ RunTime:0.0000s ]
SQL: SELECT `id` FROM `category` WHERE `type` = 2 ORDER BY rank,id  [ RunTime:0.0010s ]
SQL: SELECT * FROM `category` WHERE `id` = 2 LIMIT 1   [ RunTime:0.0000s ]
SQL: SELECT * FROM `category` WHERE `id` = 3 LIMIT 1   [ RunTime:0.0010s ]
SQL: SELECT * FROM `category` WHERE `id` = 1 LIMIT 1   [ RunTime:0.0000s ]
SQL: SELECT * FROM `pho` WHERE `id` = 1 LIMIT 1   [ RunTime:0.0000s ]
SQL: SHOW COLUMNS FROM `user` [ RunTime:0.0030s ]
SQL: SHOW COLUMNS FROM `join` [ RunTime:0.0040s ]
SQL: SELECT * FROM `join` WHERE `id` = 1 LIMIT 1   [ RunTime:0.0000s ]
SQL: SELECT * FROM `user` WHERE `id` = 1 LIMIT 1   [ RunTime:0.0010s ]
SQL: SELECT COUNT(*) AS tp_count FROM `album` WHERE `user_id` = 1 LIMIT 1   [ RunTime:0.0000s ]
SQL: SELECT `path` FROM `album` WHERE `user_id` = 1 ORDER BY id desc LIMIT 3   [ RunTime:0.0010s ]
SQL: SELECT * FROM `region` WHERE `id` = 0 LIMIT 1   [ RunTime:0.0000s ]
SQL: SELECT * FROM `pho` WHERE `id` = 1 LIMIT 1   [ RunTime:0.0000s ]
SQL: SELECT * FROM `pho` WHERE `id` = 1 LIMIT 1   [ RunTime:0.0010s ]
SQL: SELECT * FROM `user` WHERE `id` = 1 LIMIT 1   [ RunTime:0.0000s ]
SQL: SELECT COUNT(*) AS tp_count FROM `album` WHERE `user_id` = 1 LIMIT 1   [ RunTime:0.0000s ]
SQL: SELECT `path` FROM `album` WHERE `user_id` = 1 ORDER BY id desc LIMIT 3   [ RunTime:0.0010s ]
SQL: SELECT * FROM `region` WHERE `id` = 0 LIMIT 1   [ RunTime:0.0000s ]
SQL: SELECT * FROM `pho` WHERE `id` = 1 LIMIT 1   [ RunTime:0.0000s ]
SQL: SELECT * FROM `region` WHERE `id` = 2 LIMIT 1   [ RunTime:0.0010s ]
SQL: SELECT * FROM `region` WHERE `id` = 2 LIMIT 1   [ RunTime:0.0000s ]
SQL: SELECT `id` FROM `album` WHERE `type_id` = 1 ORDER BY add_time desc LIMIT 20   [ RunTime:0.0000s ]
SQL: SELECT * FROM `album` WHERE `id` = 117 LIMIT 1   [ RunTime:0.0010s ]
SQL: SELECT * FROM `album` WHERE `id` = 115 LIMIT 1   [ RunTime:0.0000s ]
SQL: SELECT * FROM `album` WHERE `id` = 114 LIMIT 1   [ RunTime:0.0000s ]
SQL: SELECT * FROM `album` WHERE `id` = 113 LIMIT 1   [ RunTime:0.0000s ]
SQL: SELECT * FROM `album` WHERE `id` = 112 LIMIT 1   [ RunTime:0.0000s ]
SQL: SELECT * FROM `album` WHERE `id` = 125 LIMIT 1   [ RunTime:0.0000s ]
SQL: SELECT * FROM `album` WHERE `id` = 116 LIMIT 1   [ RunTime:0.0000s ]
SQL: SELECT * FROM `album` WHERE `id` = 127 LIMIT 1   [ RunTime:0.0010s ]
SQL: SELECT * FROM `album` WHERE `id` = 126 LIMIT 1   [ RunTime:0.0000s ]
SQL: SELECT * FROM `album` WHERE `id` = 121 LIMIT 1   [ RunTime:0.0010s ]
SQL: SELECT * FROM `album` WHERE `id` = 118 LIMIT 1   [ RunTime:0.0000s ]
SQL: SELECT * FROM `album` WHERE `id` = 119 LIMIT 1   [ RunTime:0.0000s ]
SQL: SELECT * FROM `album` WHERE `id` = 120 LIMIT 1   [ RunTime:0.0000s ]
SQL: SELECT * FROM `album` WHERE `id` = 122 LIMIT 1   [ RunTime:0.0000s ]
SQL: SELECT * FROM `album` WHERE `id` = 123 LIMIT 1   [ RunTime:0.0010s ]
SQL: SELECT * FROM `album` WHERE `id` = 124 LIMIT 1   [ RunTime:0.0000s ]
SQL: SELECT * FROM `album` WHERE `id` = 110 LIMIT 1   [ RunTime:0.0010s ]
SQL: SELECT * FROM `album` WHERE `id` = 109 LIMIT 1   [ RunTime:0.0000s ]
SQL: SELECT * FROM `album` WHERE `id` = 108 LIMIT 1   [ RunTime:0.0010s ]
SQL: SELECT * FROM `album` WHERE `id` = 107 LIMIT 1   [ RunTime:0.0000s ]
SQL: SHOW COLUMNS FROM `meal` [ RunTime:0.0120s ]
SQL: SELECT `id` FROM `category` WHERE `type` = 2 ORDER BY rank,id  [ RunTime:0.0000s ]
SQL: SELECT * FROM `category` WHERE `id` = 2 LIMIT 1   [ RunTime:0.0010s ]
SQL: SELECT * FROM `category` WHERE `id` = 3 LIMIT 1   [ RunTime:0.0000s ]
SQL: SELECT * FROM `category` WHERE `id` = 1 LIMIT 1   [ RunTime:0.0000s ]
SQL: SELECT * FROM `meal` WHERE `pho_id` = 1 ORDER BY price asc LIMIT 1   [ RunTime:0.0000s ]
SQL: SHOW COLUMNS FROM `collect` [ RunTime:0.0030s ]
SQL: SELECT COUNT(*) AS tp_count FROM `collect` WHERE `node_id` = 1 AND `type` = 0 LIMIT 1   [ RunTime:0.0000s ]
SQL: SELECT `id` FROM `collect` WHERE `type` = 0 AND `node_id` = 1 AND `user_id` = 1 LIMIT 1   [ RunTime:0.0360s ]
SQL: SHOW COLUMNS FROM `report` [ RunTime:0.0100s ]
SQL: SELECT COUNT(*) AS tp_count FROM `report` WHERE `pho_id` = 1 LIMIT 1   [ RunTime:0.0010s ]
SQL: SELECT * FROM `task` WHERE `id` = 4 LIMIT 1   [ RunTime:0.0010s ]
SQL: SELECT * FROM `region` WHERE `id` = 2 LIMIT 1   [ RunTime:0.0010s ]
SQL: SELECT COUNT(*) AS tp_count FROM `join` WHERE `task_id` = 4 LIMIT 1   [ RunTime:0.0010s ]
SQL: SELECT `id` FROM `album` WHERE `type` = 0 AND `type_id` = 4 ORDER BY add_time desc LIMIT 20   [ RunTime:0.0010s ]
SQL: SELECT * FROM `album` WHERE `id` = 71 LIMIT 1   [ RunTime:0.0010s ]
SQL: SELECT * FROM `album` WHERE `id` = 72 LIMIT 1   [ RunTime:0.0010s ]
SQL: SELECT * FROM `album` WHERE `id` = 73 LIMIT 1   [ RunTime:0.0000s ]
SQL: SELECT * FROM `album` WHERE `id` = 74 LIMIT 1   [ RunTime:0.0010s ]
SQL: SELECT * FROM `album` WHERE `id` = 69 LIMIT 1   [ RunTime:0.0000s ]
SQL: SELECT * FROM `album` WHERE `id` = 70 LIMIT 1   [ RunTime:0.0010s ]
SQL: SELECT * FROM `album` WHERE `id` = 16 LIMIT 1   [ RunTime:0.0010s ]
SQL: SELECT * FROM `album` WHERE `id` = 11 LIMIT 1   [ RunTime:0.0000s ]
SQL: SELECT * FROM `user` WHERE `id` = 3 LIMIT 1   [ RunTime:0.0000s ]

