[ 2016-09-07T12:16:57+08:00 ] 127.0.0.1 /taskList
SQL: SHOW COLUMNS FROM `user` [ RunTime:0.0040s ]
SQL: SELECT * FROM `user` WHERE `id` = 1 LIMIT 1   [ RunTime:0.0010s ]
SQL: SHOW COLUMNS FROM `album` [ RunTime:0.0030s ]
SQL: SELECT COUNT(*) AS tp_count FROM `album` WHERE `user_id` = 1 LIMIT 1   [ RunTime:0.0000s ]
SQL: SELECT `path` FROM `album` WHERE `user_id` = 1 ORDER BY id desc LIMIT 3   [ RunTime:0.0000s ]
SQL: SHOW COLUMNS FROM `pho` [ RunTime:0.0030s ]
SQL: SHOW COLUMNS FROM `task` [ RunTime:0.0040s ]
SQL: SHOW COLUMNS FROM `category` [ RunTime:0.7511s ]
SQL: SELECT `id` FROM `category` WHERE `type` = 1 ORDER BY rank,id  [ RunTime:0.0010s ]
SQL: SELECT `id` FROM `category` WHERE `type` = 2 ORDER BY rank,id  [ RunTime:0.0000s ]
SQL: SELECT * FROM `category` WHERE `id` = 2 LIMIT 1   [ RunTime:0.0000s ]
SQL: SELECT * FROM `category` WHERE `id` = 3 LIMIT 1   [ RunTime:0.0010s ]
SQL: SELECT * FROM `category` WHERE `id` = 1 LIMIT 1   [ RunTime:0.0000s ]
SQL: SELECT * FROM `pho` WHERE `id` = 1 LIMIT 1   [ RunTime:0.0000s ]
SQL: SELECT COUNT(*) AS tp_count FROM `task` LIMIT 1   [ RunTime:0.0000s ]
SQL: SELECT `id` FROM `task` ORDER BY id desc LIMIT 0,15   [ RunTime:0.0000s ]
SQL: SELECT * FROM `task` WHERE `id` = 6 LIMIT 1   [ RunTime:0.0010s ]
SQL: SHOW COLUMNS FROM `region` [ RunTime:0.0030s ]
SQL: SELECT * FROM `region` WHERE `id` = 2 LIMIT 1   [ RunTime:0.0000s ]
SQL: SHOW COLUMNS FROM `join` [ RunTime:0.0040s ]
SQL: SELECT COUNT(*) AS tp_count FROM `join` WHERE `task_id` = 6 LIMIT 1   [ RunTime:0.0000s ]
SQL: SELECT `id` FROM `album` WHERE `type` = 0 AND `type_id` = 6 ORDER BY add_time desc LIMIT 20   [ RunTime:0.0010s ]
SQL: SELECT * FROM `album` WHERE `id` = 79 LIMIT 1   [ RunTime:0.0000s ]
SQL: SELECT * FROM `album` WHERE `id` = 77 LIMIT 1   [ RunTime:0.0000s ]
SQL: SELECT * FROM `user` WHERE `id` = 2 LIMIT 1   [ RunTime:0.0000s ]
SQL: SELECT COUNT(*) AS tp_count FROM `album` WHERE `user_id` = 2 LIMIT 1   [ RunTime:0.0000s ]
SQL: SELECT `path` FROM `album` WHERE `user_id` = 2 ORDER BY id desc LIMIT 3   [ RunTime:0.0000s ]
SQL: SELECT * FROM `pho` WHERE `id` = 2 LIMIT 1   [ RunTime:0.0000s ]
SQL: SELECT * FROM `task` WHERE `id` = 5 LIMIT 1   [ RunTime:0.0000s ]
SQL: SELECT * FROM `region` WHERE `id` = 2 LIMIT 1   [ RunTime:0.0010s ]
SQL: SELECT COUNT(*) AS tp_count FROM `join` WHERE `task_id` = 5 LIMIT 1   [ RunTime:0.0000s ]
SQL: SELECT `id` FROM `album` WHERE `type` = 0 AND `type_id` = 5 ORDER BY add_time desc LIMIT 20   [ RunTime:0.0000s ]
SQL: SELECT * FROM `album` WHERE `id` = 75 LIMIT 1   [ RunTime:0.0010s ]
SQL: SELECT * FROM `album` WHERE `id` = 12 LIMIT 1   [ RunTime:0.0000s ]
SQL: SELECT * FROM `user` WHERE `id` = 2 LIMIT 1   [ RunTime:0.0010s ]
SQL: SELECT COUNT(*) AS tp_count FROM `album` WHERE `user_id` = 2 LIMIT 1   [ RunTime:0.0000s ]
SQL: SELECT `path` FROM `album` WHERE `user_id` = 2 ORDER BY id desc LIMIT 3   [ RunTime:0.0000s ]
SQL: SELECT * FROM `pho` WHERE `id` = 2 LIMIT 1   [ RunTime:0.0000s ]
SQL: SELECT * FROM `task` WHERE `id` = 4 LIMIT 1   [ RunTime:0.0000s ]
SQL: SELECT * FROM `region` WHERE `id` = 2 LIMIT 1   [ RunTime:0.0010s ]
SQL: SELECT COUNT(*) AS tp_count FROM `join` WHERE `task_id` = 4 LIMIT 1   [ RunTime:0.0000s ]
SQL: SELECT `id` FROM `album` WHERE `type` = 0 AND `type_id` = 4 ORDER BY add_time desc LIMIT 20   [ RunTime:0.0000s ]
SQL: SELECT * FROM `album` WHERE `id` = 71 LIMIT 1   [ RunTime:0.0010s ]
SQL: SELECT * FROM `album` WHERE `id` = 72 LIMIT 1   [ RunTime:0.0000s ]
SQL: SELECT * FROM `album` WHERE `id` = 73 LIMIT 1   [ RunTime:0.0000s ]
SQL: SELECT * FROM `album` WHERE `id` = 74 LIMIT 1   [ RunTime:0.0000s ]
SQL: SELECT * FROM `album` WHERE `id` = 69 LIMIT 1   [ RunTime:0.0000s ]
SQL: SELECT * FROM `album` WHERE `id` = 70 LIMIT 1   [ RunTime:0.0010s ]
SQL: SELECT * FROM `album` WHERE `id` = 16 LIMIT 1   [ RunTime:0.0000s ]
SQL: SELECT * FROM `album` WHERE `id` = 11 LIMIT 1   [ RunTime:0.0010s ]
SQL: SELECT * FROM `user` WHERE `id` = 3 LIMIT 1   [ RunTime:0.0000s ]
SQL: SELECT * FROM `task` WHERE `id` = 3 LIMIT 1   [ RunTime:0.0010s ]
SQL: SELECT * FROM `region` WHERE `id` = 3 LIMIT 1   [ RunTime:0.0000s ]
SQL: SELECT COUNT(*) AS tp_count FROM `join` WHERE `task_id` = 3 LIMIT 1   [ RunTime:0.0010s ]
SQL: SELECT `id` FROM `album` WHERE `type` = 0 AND `type_id` = 3 ORDER BY add_time desc LIMIT 20   [ RunTime:0.0000s ]
SQL: SELECT * FROM `album` WHERE `id` = 15 LIMIT 1   [ RunTime:0.0000s ]
SQL: SELECT * FROM `album` WHERE `id` = 5 LIMIT 1   [ RunTime:0.0000s ]
SQL: SELECT * FROM `album` WHERE `id` = 6 LIMIT 1   [ RunTime:0.0000s ]
SQL: SELECT * FROM `user` WHERE `id` = 2 LIMIT 1   [ RunTime:0.0010s ]
SQL: SELECT COUNT(*) AS tp_count FROM `album` WHERE `user_id` = 2 LIMIT 1   [ RunTime:0.0000s ]
SQL: SELECT `path` FROM `album` WHERE `user_id` = 2 ORDER BY id desc LIMIT 3   [ RunTime:0.0000s ]
SQL: SELECT * FROM `pho` WHERE `id` = 2 LIMIT 1   [ RunTime:0.0010s ]
SQL: SELECT * FROM `task` WHERE `id` = 2 LIMIT 1   [ RunTime:0.0000s ]
SQL: SELECT * FROM `region` WHERE `id` = 3 LIMIT 1   [ RunTime:0.0000s ]
SQL: SELECT COUNT(*) AS tp_count FROM `join` WHERE `task_id` = 2 LIMIT 1   [ RunTime:0.0010s ]
SQL: SELECT `id` FROM `album` WHERE `type` = 0 AND `type_id` = 2 ORDER BY add_time desc LIMIT 20   [ RunTime:0.0000s ]
SQL: SELECT * FROM `album` WHERE `id` = 54 LIMIT 1   [ RunTime:0.0000s ]
SQL: SELECT * FROM `album` WHERE `id` = 52 LIMIT 1   [ RunTime:0.0010s ]
SQL: SELECT * FROM `album` WHERE `id` = 51 LIMIT 1   [ RunTime:0.0000s ]
SQL: SELECT * FROM `album` WHERE `id` = 50 LIMIT 1   [ RunTime:0.0000s ]
SQL: SELECT * FROM `album` WHERE `id` = 49 LIMIT 1   [ RunTime:0.0000s ]
SQL: SELECT * FROM `album` WHERE `id` = 62 LIMIT 1   [ RunTime:0.0000s ]
SQL: SELECT * FROM `album` WHERE `id` = 53 LIMIT 1   [ RunTime:0.0000s ]
SQL: SELECT * FROM `album` WHERE `id` = 64 LIMIT 1   [ RunTime:0.0000s ]
SQL: SELECT * FROM `album` WHERE `id` = 63 LIMIT 1   [ RunTime:0.0010s ]
SQL: SELECT * FROM `album` WHERE `id` = 58 LIMIT 1   [ RunTime:0.0000s ]
SQL: SELECT * FROM `album` WHERE `id` = 55 LIMIT 1   [ RunTime:0.0000s ]
SQL: SELECT * FROM `album` WHERE `id` = 56 LIMIT 1   [ RunTime:0.0000s ]
SQL: SELECT * FROM `album` WHERE `id` = 57 LIMIT 1   [ RunTime:0.0000s ]
SQL: SELECT * FROM `album` WHERE `id` = 59 LIMIT 1   [ RunTime:0.0010s ]
SQL: SELECT * FROM `album` WHERE `id` = 60 LIMIT 1   [ RunTime:0.0000s ]
SQL: SELECT * FROM `album` WHERE `id` = 61 LIMIT 1   [ RunTime:0.0000s ]
SQL: SELECT * FROM `album` WHERE `id` = 47 LIMIT 1   [ RunTime:0.0000s ]
SQL: SELECT * FROM `album` WHERE `id` = 46 LIMIT 1   [ RunTime:0.0000s ]
SQL: SELECT * FROM `album` WHERE `id` = 45 LIMIT 1   [ RunTime:0.0010s ]
SQL: SELECT * FROM `album` WHERE `id` = 44 LIMIT 1   [ RunTime:0.0000s ]
SQL: SELECT * FROM `user` WHERE `id` = 1 LIMIT 1   [ RunTime:0.0010s ]
SQL: SELECT COUNT(*) AS tp_count FROM `album` WHERE `user_id` = 1 LIMIT 1   [ RunTime:0.0000s ]
SQL: SELECT `path` FROM `album` WHERE `user_id` = 1 ORDER BY id desc LIMIT 3   [ RunTime:0.0000s ]
SQL: SELECT * FROM `pho` WHERE `id` = 1 LIMIT 1   [ RunTime:0.0000s ]
SQL: SELECT * FROM `task` WHERE `id` = 1 LIMIT 1   [ RunTime:0.0000s ]
SQL: SELECT * FROM `region` WHERE `id` = 0 LIMIT 1   [ RunTime:0.0010s ]
SQL: SELECT COUNT(*) AS tp_count FROM `join` WHERE `task_id` = 1 LIMIT 1   [ RunTime:0.0000s ]
SQL: SELECT `id` FROM `album` WHERE `type` = 0 AND `type_id` = 1 ORDER BY add_time desc LIMIT 20   [ RunTime:0.0000s ]
SQL: SELECT * FROM `album` WHERE `id` = 13 LIMIT 1   [ RunTime:0.0010s ]
SQL: SELECT * FROM `album` WHERE `id` = 7 LIMIT 1   [ RunTime:0.0000s ]
SQL: SELECT * FROM `album` WHERE `id` = 1 LIMIT 1   [ RunTime:0.0000s ]
SQL: SELECT * FROM `album` WHERE `id` = 2 LIMIT 1   [ RunTime:0.0000s ]
SQL: SELECT * FROM `user` WHERE `id` = 2 LIMIT 1   [ RunTime:0.0000s ]
SQL: SELECT COUNT(*) AS tp_count FROM `album` WHERE `user_id` = 2 LIMIT 1   [ RunTime:0.0010s ]
SQL: SELECT `path` FROM `album` WHERE `user_id` = 2 ORDER BY id desc LIMIT 3   [ RunTime:0.0000s ]
SQL: SELECT * FROM `pho` WHERE `id` = 2 LIMIT 1   [ RunTime:0.0000s ]
SQL: SELECT `id` FROM `category` WHERE `type` = 2 ORDER BY rank,id  [ RunTime:0.0010s ]
SQL: SELECT * FROM `category` WHERE `id` = 2 LIMIT 1   [ RunTime:0.0000s ]
SQL: SELECT * FROM `category` WHERE `id` = 3 LIMIT 1   [ RunTime:0.0000s ]
SQL: SELECT * FROM `category` WHERE `id` = 1 LIMIT 1   [ RunTime:0.0000s ]
SQL: SELECT `id` FROM `category` WHERE `type` = 1 ORDER BY rank,id  [ RunTime:0.0000s ]

[ 2016-09-07T12:17:01+08:00 ] 127.0.0.1 /category
SQL: SHOW COLUMNS FROM `user` [ RunTime:0.0040s ]
SQL: SELECT * FROM `user` WHERE `id` = 1 LIMIT 1   [ RunTime:0.0000s ]
SQL: SHOW COLUMNS FROM `album` [ RunTime:0.0030s ]
SQL: SELECT COUNT(*) AS tp_count FROM `album` WHERE `user_id` = 1 LIMIT 1   [ RunTime:0.0000s ]
SQL: SELECT `path` FROM `album` WHERE `user_id` = 1 ORDER BY id desc LIMIT 3   [ RunTime:0.0000s ]
SQL: SHOW COLUMNS FROM `pho` [ RunTime:0.0040s ]
SQL: SHOW COLUMNS FROM `task` [ RunTime:0.0040s ]
SQL: SHOW COLUMNS FROM `category` [ RunTime:0.0040s ]
SQL: SELECT `id` FROM `category` WHERE `type` = 1 ORDER BY rank,id  [ RunTime:0.0000s ]
SQL: SELECT `id` FROM `category` WHERE `type` = 2 ORDER BY rank,id  [ RunTime:0.0000s ]
SQL: SELECT * FROM `category` WHERE `id` = 2 LIMIT 1   [ RunTime:0.0000s ]
SQL: SELECT * FROM `category` WHERE `id` = 3 LIMIT 1   [ RunTime:0.0000s ]
SQL: SELECT * FROM `category` WHERE `id` = 1 LIMIT 1   [ RunTime:0.0010s ]
SQL: SELECT * FROM `pho` WHERE `id` = 1 LIMIT 1   [ RunTime:0.0000s ]
SQL: SHOW COLUMNS FROM `meal` [ RunTime:0.0050s ]
SQL: SELECT `id` FROM `category` WHERE `type` = 2 ORDER BY rank,id  [ RunTime:0.0000s ]
SQL: SELECT * FROM `category` WHERE `id` = 2 LIMIT 1   [ RunTime:0.0010s ]
SQL: SELECT * FROM `category` WHERE `id` = 3 LIMIT 1   [ RunTime:0.0000s ]
SQL: SELECT * FROM `category` WHERE `id` = 1 LIMIT 1   [ RunTime:0.0000s ]
SQL: SHOW COLUMNS FROM `join` [ RunTime:0.0040s ]
SQL: SHOW COLUMNS FROM `order` [ RunTime:0.0040s ]
SQL: SHOW COLUMNS FROM `user_msg` [ RunTime:0.0370s ]
SQL: SHOW COLUMNS FROM `config` [ RunTime:0.0280s ]
SQL: SELECT `id` FROM `category` WHERE `type` = 1 ORDER BY rank,id  [ RunTime:0.0000s ]
SQL: SHOW COLUMNS FROM `collect` [ RunTime:0.0030s ]
SQL: SHOW COLUMNS FROM `slide` [ RunTime:0.0040s ]

[ 2016-09-07T12:18:57+08:00 ] 127.0.0.1 /taskList
SQL: SHOW COLUMNS FROM `user` [ RunTime:0.0050s ]
SQL: SELECT * FROM `user` WHERE `id` = 1 LIMIT 1   [ RunTime:0.0000s ]
SQL: SHOW COLUMNS FROM `album` [ RunTime:0.0050s ]
SQL: SELECT COUNT(*) AS tp_count FROM `album` WHERE `user_id` = 1 LIMIT 1   [ RunTime:0.0010s ]
SQL: SELECT `path` FROM `album` WHERE `user_id` = 1 ORDER BY id desc LIMIT 3   [ RunTime:0.0000s ]
SQL: SHOW COLUMNS FROM `pho` [ RunTime:0.0050s ]
SQL: SHOW COLUMNS FROM `task` [ RunTime:0.0060s ]
SQL: SHOW COLUMNS FROM `category` [ RunTime:0.0050s ]
SQL: SELECT `id` FROM `category` WHERE `type` = 1 ORDER BY rank,id  [ RunTime:0.0010s ]
SQL: SELECT `id` FROM `category` WHERE `type` = 2 ORDER BY rank,id  [ RunTime:0.0000s ]
SQL: SELECT * FROM `category` WHERE `id` = 2 LIMIT 1   [ RunTime:0.0010s ]
SQL: SELECT * FROM `category` WHERE `id` = 3 LIMIT 1   [ RunTime:0.0000s ]
SQL: SELECT * FROM `category` WHERE `id` = 1 LIMIT 1   [ RunTime:0.0000s ]
SQL: SELECT * FROM `pho` WHERE `id` = 1 LIMIT 1   [ RunTime:0.0000s ]
SQL: SELECT COUNT(*) AS tp_count FROM `task` LIMIT 1   [ RunTime:0.0010s ]
SQL: SELECT `id` FROM `task` ORDER BY id desc LIMIT 0,15   [ RunTime:0.0000s ]
SQL: SELECT * FROM `task` WHERE `id` = 6 LIMIT 1   [ RunTime:0.0000s ]
SQL: SHOW COLUMNS FROM `region` [ RunTime:0.0040s ]
SQL: SELECT * FROM `region` WHERE `id` = 2 LIMIT 1   [ RunTime:0.0010s ]
SQL: SHOW COLUMNS FROM `join` [ RunTime:0.0050s ]
SQL: SELECT COUNT(*) AS tp_count FROM `join` WHERE `task_id` = 6 LIMIT 1   [ RunTime:0.0010s ]
SQL: SELECT `id` FROM `album` WHERE `type` = 0 AND `type_id` = 6 ORDER BY add_time desc LIMIT 20   [ RunTime:0.0000s ]
SQL: SELECT * FROM `album` WHERE `id` = 79 LIMIT 1   [ RunTime:0.0010s ]
SQL: SELECT * FROM `album` WHERE `id` = 77 LIMIT 1   [ RunTime:0.0000s ]
SQL: SELECT * FROM `user` WHERE `id` = 2 LIMIT 1   [ RunTime:0.0000s ]
SQL: SELECT COUNT(*) AS tp_count FROM `album` WHERE `user_id` = 2 LIMIT 1   [ RunTime:0.0000s ]
SQL: SELECT `path` FROM `album` WHERE `user_id` = 2 ORDER BY id desc LIMIT 3   [ RunTime:0.0010s ]
SQL: SELECT * FROM `pho` WHERE `id` = 2 LIMIT 1   [ RunTime:0.0000s ]
SQL: SELECT * FROM `task` WHERE `id` = 5 LIMIT 1   [ RunTime:0.0010s ]
SQL: SELECT * FROM `region` WHERE `id` = 2 LIMIT 1   [ RunTime:0.0000s ]
SQL: SELECT COUNT(*) AS tp_count FROM `join` WHERE `task_id` = 5 LIMIT 1   [ RunTime:0.0010s ]
SQL: SELECT `id` FROM `album` WHERE `type` = 0 AND `type_id` = 5 ORDER BY add_time desc LIMIT 20   [ RunTime:0.0000s ]
SQL: SELECT * FROM `album` WHERE `id` = 75 LIMIT 1   [ RunTime:0.0010s ]
SQL: SELECT * FROM `album` WHERE `id` = 12 LIMIT 1   [ RunTime:0.0000s ]
SQL: SELECT * FROM `user` WHERE `id` = 2 LIMIT 1   [ RunTime:0.0010s ]
SQL: SELECT COUNT(*) AS tp_count FROM `album` WHERE `user_id` = 2 LIMIT 1   [ RunTime:0.0000s ]
SQL: SELECT `path` FROM `album` WHERE `user_id` = 2 ORDER BY id desc LIMIT 3   [ RunTime:0.0000s ]
SQL: SELECT * FROM `pho` WHERE `id` = 2 LIMIT 1   [ RunTime:0.0000s ]
SQL: SELECT * FROM `task` WHERE `id` = 4 LIMIT 1   [ RunTime:0.0000s ]
SQL: SELECT * FROM `region` WHERE `id` = 2 LIMIT 1   [ RunTime:0.0010s ]
SQL: SELECT COUNT(*) AS tp_count FROM `join` WHERE `task_id` = 4 LIMIT 1   [ RunTime:0.0000s ]
SQL: SELECT `id` FROM `album` WHERE `type` = 0 AND `type_id` = 4 ORDER BY add_time desc LIMIT 20   [ RunTime:0.0010s ]
SQL: SELECT * FROM `album` WHERE `id` = 71 LIMIT 1   [ RunTime:0.0000s ]
SQL: SELECT * FROM `album` WHERE `id` = 72 LIMIT 1   [ RunTime:0.0010s ]
SQL: SELECT * FROM `album` WHERE `id` = 73 LIMIT 1   [ RunTime:0.0000s ]
SQL: SELECT * FROM `album` WHERE `id` = 74 LIMIT 1   [ RunTime:0.0010s ]
SQL: SELECT * FROM `album` WHERE `id` = 69 LIMIT 1   [ RunTime:0.0000s ]
SQL: SELECT * FROM `album` WHERE `id` = 70 LIMIT 1   [ RunTime:0.0010s ]
SQL: SELECT * FROM `album` WHERE `id` = 16 LIMIT 1   [ RunTime:0.0000s ]
SQL: SELECT * FROM `album` WHERE `id` = 11 LIMIT 1   [ RunTime:0.0010s ]
SQL: SELECT * FROM `user` WHERE `id` = 3 LIMIT 1   [ RunTime:0.0000s ]
SQL: SELECT * FROM `task` WHERE `id` = 3 LIMIT 1   [ RunTime:0.0010s ]
SQL: SELECT * FROM `region` WHERE `id` = 3 LIMIT 1   [ RunTime:0.0000s ]
SQL: SELECT COUNT(*) AS tp_count FROM `join` WHERE `task_id` = 3 LIMIT 1   [ RunTime:0.0010s ]
SQL: SELECT `id` FROM `album` WHERE `type` = 0 AND `type_id` = 3 ORDER BY add_time desc LIMIT 20   [ RunTime:0.0000s ]
SQL: SELECT * FROM `album` WHERE `id` = 15 LIMIT 1   [ RunTime:0.0000s ]
SQL: SELECT * FROM `album` WHERE `id` = 5 LIMIT 1   [ RunTime:0.0000s ]
SQL: SELECT * FROM `album` WHERE `id` = 6 LIMIT 1   [ RunTime:0.0000s ]
SQL: SELECT * FROM `user` WHERE `id` = 2 LIMIT 1   [ RunTime:0.0000s ]
SQL: SELECT COUNT(*) AS tp_count FROM `album` WHERE `user_id` = 2 LIMIT 1   [ RunTime:0.0010s ]
SQL: SELECT `path` FROM `album` WHERE `user_id` = 2 ORDER BY id desc LIMIT 3   [ RunTime:0.0000s ]
SQL: SELECT * FROM `pho` WHERE `id` = 2 LIMIT 1   [ RunTime:0.0010s ]
SQL: SELECT * FROM `task` WHERE `id` = 2 LIMIT 1   [ RunTime:0.0000s ]
SQL: SELECT * FROM `region` WHERE `id` = 3 LIMIT 1   [ RunTime:0.0010s ]
SQL: SELECT COUNT(*) AS tp_count FROM `join` WHERE `task_id` = 2 LIMIT 1   [ RunTime:0.0000s ]
SQL: SELECT `id` FROM `album` WHERE `type` = 0 AND `type_id` = 2 ORDER BY add_time desc LIMIT 20   [ RunTime:0.0000s ]
SQL: SELECT * FROM `album` WHERE `id` = 54 LIMIT 1   [ RunTime:0.0000s ]
SQL: SELECT * FROM `album` WHERE `id` = 52 LIMIT 1   [ RunTime:0.0010s ]
SQL: SELECT * FROM `album` WHERE `id` = 51 LIMIT 1   [ RunTime:0.0000s ]
SQL: SELECT * FROM `album` WHERE `id` = 50 LIMIT 1   [ RunTime:0.0000s ]
SQL: SELECT * FROM `album` WHERE `id` = 49 LIMIT 1   [ RunTime:0.0000s ]
SQL: SELECT * FROM `album` WHERE `id` = 62 LIMIT 1   [ RunTime:0.0000s ]
SQL: SELECT * FROM `album` WHERE `id` = 53 LIMIT 1   [ RunTime:0.0000s ]
SQL: SELECT * FROM `album` WHERE `id` = 64 LIMIT 1   [ RunTime:0.0000s ]
SQL: SELECT * FROM `album` WHERE `id` = 63 LIMIT 1   [ RunTime:0.0000s ]
SQL: SELECT * FROM `album` WHERE `id` = 58 LIMIT 1   [ RunTime:0.0000s ]
SQL: SELECT * FROM `album` WHERE `id` = 55 LIMIT 1   [ RunTime:0.0000s ]
SQL: SELECT * FROM `album` WHERE `id` = 56 LIMIT 1   [ RunTime:0.0000s ]
SQL: SELECT * FROM `album` WHERE `id` = 57 LIMIT 1   [ RunTime:0.0010s ]
SQL: SELECT * FROM `album` WHERE `id` = 59 LIMIT 1   [ RunTime:0.0000s ]
SQL: SELECT * FROM `album` WHERE `id` = 60 LIMIT 1   [ RunTime:0.0010s ]
SQL: SELECT * FROM `album` WHERE `id` = 61 LIMIT 1   [ RunTime:0.0000s ]
SQL: SELECT * FROM `album` WHERE `id` = 47 LIMIT 1   [ RunTime:0.0010s ]
SQL: SELECT * FROM `album` WHERE `id` = 46 LIMIT 1   [ RunTime:0.0000s ]
SQL: SELECT * FROM `album` WHERE `id` = 45 LIMIT 1   [ RunTime:0.0010s ]
SQL: SELECT * FROM `album` WHERE `id` = 44 LIMIT 1   [ RunTime:0.0000s ]
SQL: SELECT * FROM `user` WHERE `id` = 1 LIMIT 1   [ RunTime:0.0000s ]
SQL: SELECT COUNT(*) AS tp_count FROM `album` WHERE `user_id` = 1 LIMIT 1   [ RunTime:0.0010s ]
SQL: SELECT `path` FROM `album` WHERE `user_id` = 1 ORDER BY id desc LIMIT 3   [ RunTime:0.0000s ]
SQL: SELECT * FROM `pho` WHERE `id` = 1 LIMIT 1   [ RunTime:0.0010s ]
SQL: SELECT * FROM `task` WHERE `id` = 1 LIMIT 1   [ RunTime:0.0000s ]
SQL: SELECT * FROM `region` WHERE `id` = 0 LIMIT 1   [ RunTime:0.0000s ]
SQL: SELECT COUNT(*) AS tp_count FROM `join` WHERE `task_id` = 1 LIMIT 1   [ RunTime:0.0000s ]
SQL: SELECT `id` FROM `album` WHERE `type` = 0 AND `type_id` = 1 ORDER BY add_time desc LIMIT 20   [ RunTime:0.0010s ]
SQL: SELECT * FROM `album` WHERE `id` = 13 LIMIT 1   [ RunTime:0.0000s ]
SQL: SELECT * FROM `album` WHERE `id` = 7 LIMIT 1   [ RunTime:0.0010s ]
SQL: SELECT * FROM `album` WHERE `id` = 1 LIMIT 1   [ RunTime:0.0000s ]
SQL: SELECT * FROM `album` WHERE `id` = 2 LIMIT 1   [ RunTime:0.0000s ]
SQL: SELECT * FROM `user` WHERE `id` = 2 LIMIT 1   [ RunTime:0.0010s ]
SQL: SELECT COUNT(*) AS tp_count FROM `album` WHERE `user_id` = 2 LIMIT 1   [ RunTime:0.0000s ]
SQL: SELECT `path` FROM `album` WHERE `user_id` = 2 ORDER BY id desc LIMIT 3   [ RunTime:0.0010s ]
SQL: SELECT * FROM `pho` WHERE `id` = 2 LIMIT 1   [ RunTime:0.0000s ]
SQL: SELECT `id` FROM `category` WHERE `type` = 2 ORDER BY rank,id  [ RunTime:0.0010s ]
SQL: SELECT * FROM `category` WHERE `id` = 2 LIMIT 1   [ RunTime:0.0000s ]
SQL: SELECT * FROM `category` WHERE `id` = 3 LIMIT 1   [ RunTime:0.0000s ]
SQL: SELECT * FROM `category` WHERE `id` = 1 LIMIT 1   [ RunTime:0.0000s ]
SQL: SELECT `id` FROM `category` WHERE `type` = 1 ORDER BY rank,id  [ RunTime:0.0000s ]

[ 2016-09-07T12:38:21+08:00 ] 127.0.0.1 /
SQL: SHOW COLUMNS FROM `user` [ RunTime:0.0050s ]
SQL: SELECT * FROM `user` WHERE `id` = 1 LIMIT 1   [ RunTime:0.0000s ]
SQL: SHOW COLUMNS FROM `album` [ RunTime:0.0060s ]
SQL: SELECT COUNT(*) AS tp_count FROM `album` WHERE `user_id` = 1 LIMIT 1   [ RunTime:0.0010s ]
SQL: SELECT `path` FROM `album` WHERE `user_id` = 1 ORDER BY id desc LIMIT 3   [ RunTime:0.0000s ]
SQL: SHOW COLUMNS FROM `pho` [ RunTime:0.0050s ]
SQL: SHOW COLUMNS FROM `task` [ RunTime:0.0060s ]
SQL: SHOW COLUMNS FROM `category` [ RunTime:0.0050s ]
SQL: SELECT `id` FROM `category` WHERE `type` = 1 ORDER BY rank,id  [ RunTime:0.0000s ]
SQL: SELECT `id` FROM `category` WHERE `type` = 2 ORDER BY rank,id  [ RunTime:0.0000s ]
SQL: SELECT * FROM `category` WHERE `id` = 2 LIMIT 1   [ RunTime:0.0000s ]
SQL: SELECT * FROM `category` WHERE `id` = 3 LIMIT 1   [ RunTime:0.0010s ]
SQL: SELECT * FROM `category` WHERE `id` = 1 LIMIT 1   [ RunTime:0.0000s ]
SQL: SELECT * FROM `pho` WHERE `id` = 1 LIMIT 1   [ RunTime:0.0010s ]
SQL: SELECT if(city = "0",1,0) as eqcity,`id` FROM `pho` ORDER BY eqcity desc,receive_num desc LIMIT 5   [ RunTime:0.0000s ]
SQL: SELECT * FROM `pho` WHERE `id` = 1 LIMIT 1   [ RunTime:0.0000s ]
SQL: SELECT * FROM `user` WHERE `id` = 1 LIMIT 1   [ RunTime:0.0000s ]
SQL: SELECT COUNT(*) AS tp_count FROM `album` WHERE `user_id` = 1 LIMIT 1   [ RunTime:0.0000s ]
SQL: SELECT `path` FROM `album` WHERE `user_id` = 1 ORDER BY id desc LIMIT 3   [ RunTime:0.0010s ]
SQL: SELECT * FROM `pho` WHERE `id` = 1 LIMIT 1   [ RunTime:0.0000s ]
SQL: SHOW COLUMNS FROM `region` [ RunTime:0.0050s ]
SQL: SELECT * FROM `region` WHERE `id` = 2 LIMIT 1   [ RunTime:0.0000s ]
SQL: SELECT * FROM `region` WHERE `id` = 2 LIMIT 1   [ RunTime:0.0000s ]
SQL: SELECT `id` FROM `album` WHERE `type_id` = 1 ORDER BY add_time desc LIMIT 20   [ RunTime:0.0000s ]
SQL: SELECT * FROM `album` WHERE `id` = 13 LIMIT 1   [ RunTime:0.0000s ]
SQL: SELECT * FROM `album` WHERE `id` = 7 LIMIT 1   [ RunTime:0.0000s ]
SQL: SELECT * FROM `album` WHERE `id` = 1 LIMIT 1   [ RunTime:0.0000s ]
SQL: SELECT * FROM `album` WHERE `id` = 2 LIMIT 1   [ RunTime:0.0000s ]
SQL: SHOW COLUMNS FROM `meal` [ RunTime:0.0070s ]
SQL: SELECT `id` FROM `category` WHERE `type` = 2 ORDER BY rank,id  [ RunTime:0.0000s ]
SQL: SELECT * FROM `category` WHERE `id` = 2 LIMIT 1   [ RunTime:0.0000s ]
SQL: SELECT * FROM `category` WHERE `id` = 3 LIMIT 1   [ RunTime:0.0000s ]
SQL: SELECT * FROM `category` WHERE `id` = 1 LIMIT 1   [ RunTime:0.0000s ]
SQL: SELECT * FROM `meal` WHERE `pho_id` = 1 ORDER BY price asc LIMIT 1   [ RunTime:0.0010s ]
SQL: SHOW COLUMNS FROM `collect` [ RunTime:0.0050s ]
SQL: SELECT COUNT(*) AS tp_count FROM `collect` WHERE `node_id` = 1 AND `type` = 0 LIMIT 1   [ RunTime:0.0010s ]
SQL: SELECT `id` FROM `collect` WHERE `type` = 0 AND `node_id` = 1 AND `user_id` = 1 LIMIT 1   [ RunTime:0.0000s ]
SQL: SHOW COLUMNS FROM `report` [ RunTime:0.0060s ]
SQL: SELECT COUNT(*) AS tp_count FROM `report` WHERE `pho_id` = 1 LIMIT 1   [ RunTime:0.0000s ]
SQL: SELECT * FROM `pho` WHERE `id` = 2 LIMIT 1   [ RunTime:0.0000s ]
SQL: SELECT * FROM `user` WHERE `id` = 2 LIMIT 1   [ RunTime:0.0000s ]
SQL: SELECT COUNT(*) AS tp_count FROM `album` WHERE `user_id` = 2 LIMIT 1   [ RunTime:0.0000s ]
SQL: SELECT `path` FROM `album` WHERE `user_id` = 2 ORDER BY id desc LIMIT 3   [ RunTime:0.0000s ]
SQL: SELECT * FROM `pho` WHERE `id` = 2 LIMIT 1   [ RunTime:0.0010s ]
SQL: SELECT * FROM `region` WHERE `id` = 2 LIMIT 1   [ RunTime:0.0000s ]
SQL: SELECT * FROM `region` WHERE `id` = 2 LIMIT 1   [ RunTime:0.0000s ]
SQL: SELECT `id` FROM `album` WHERE `type_id` = 2 ORDER BY add_time desc LIMIT 20   [ RunTime:0.0000s ]
SQL: SELECT * FROM `album` WHERE `id` = 54 LIMIT 1   [ RunTime:0.0000s ]
SQL: SELECT * FROM `album` WHERE `id` = 52 LIMIT 1   [ RunTime:0.0000s ]
SQL: SELECT * FROM `album` WHERE `id` = 51 LIMIT 1   [ RunTime:0.0000s ]
SQL: SELECT * FROM `album` WHERE `id` = 50 LIMIT 1   [ RunTime:0.0000s ]
SQL: SELECT * FROM `album` WHERE `id` = 49 LIMIT 1   [ RunTime:0.0000s ]
SQL: SELECT * FROM `album` WHERE `id` = 62 LIMIT 1   [ RunTime:0.0000s ]
SQL: SELECT * FROM `album` WHERE `id` = 53 LIMIT 1   [ RunTime:0.0000s ]
SQL: SELECT * FROM `album` WHERE `id` = 64 LIMIT 1   [ RunTime:0.0000s ]
SQL: SELECT * FROM `album` WHERE `id` = 63 LIMIT 1   [ RunTime:0.0010s ]
SQL: SELECT * FROM `album` WHERE `id` = 58 LIMIT 1   [ RunTime:0.0000s ]
SQL: SELECT * FROM `album` WHERE `id` = 55 LIMIT 1   [ RunTime:0.0010s ]
SQL: SELECT * FROM `album` WHERE `id` = 56 LIMIT 1   [ RunTime:0.0000s ]
SQL: SELECT * FROM `album` WHERE `id` = 57 LIMIT 1   [ RunTime:0.0000s ]
SQL: SELECT * FROM `album` WHERE `id` = 59 LIMIT 1   [ RunTime:0.0010s ]
SQL: SELECT * FROM `album` WHERE `id` = 60 LIMIT 1   [ RunTime:0.0000s ]
SQL: SELECT * FROM `album` WHERE `id` = 61 LIMIT 1   [ RunTime:0.0000s ]
SQL: SELECT * FROM `album` WHERE `id` = 47 LIMIT 1   [ RunTime:0.0000s ]
SQL: SELECT * FROM `album` WHERE `id` = 46 LIMIT 1   [ RunTime:0.0000s ]
SQL: SELECT * FROM `album` WHERE `id` = 45 LIMIT 1   [ RunTime:0.0010s ]
SQL: SELECT * FROM `album` WHERE `id` = 44 LIMIT 1   [ RunTime:0.0000s ]
SQL: SELECT * FROM `meal` WHERE `pho_id` = 2 ORDER BY price asc LIMIT 1   [ RunTime:0.0000s ]
SQL: SELECT COUNT(*) AS tp_count FROM `collect` WHERE `node_id` = 2 AND `type` = 0 LIMIT 1   [ RunTime:0.0000s ]
SQL: SELECT `id` FROM `collect` WHERE `type` = 0 AND `node_id` = 2 AND `user_id` = 1 LIMIT 1   [ RunTime:0.0000s ]
SQL: SELECT COUNT(*) AS tp_count FROM `report` WHERE `pho_id` = 2 LIMIT 1   [ RunTime:0.0000s ]
SQL: SELECT `id` FROM `meal` WHERE `status` < 1 ORDER BY add_time desc LIMIT 5   [ RunTime:0.0000s ]
SQL: SELECT * FROM `meal` WHERE `id` = 6 LIMIT 1   [ RunTime:0.0000s ]
SQL: SELECT * FROM `region` WHERE `id` = 1 LIMIT 1   [ RunTime:0.0010s ]
SQL: SELECT * FROM `pho` WHERE `id` = 4 LIMIT 1   [ RunTime:0.0000s ]
SQL: SELECT `id` FROM `album` WHERE `type` = 1 AND `type_id` = 6 ORDER BY add_time desc LIMIT 20   [ RunTime:0.0000s ]
SQL: SELECT * FROM `album` WHERE `id` = 78 LIMIT 1   [ RunTime:0.0000s ]
SQL: SELECT COUNT(*) AS tp_count FROM `collect` WHERE `node_id` = 6 AND `type` = 1 LIMIT 1   [ RunTime:0.0000s ]
SQL: SELECT `id` FROM `collect` WHERE `type` = 1 AND `node_id` = 6 AND `user_id` = 1 LIMIT 1   [ RunTime:0.0000s ]
SQL: SELECT * FROM `meal` WHERE `id` = 5 LIMIT 1   [ RunTime:0.0000s ]
SQL: SELECT * FROM `region` WHERE `id` = 2 LIMIT 1   [ RunTime:0.0010s ]
SQL: SELECT * FROM `pho` WHERE `id` = 2 LIMIT 1   [ RunTime:0.0000s ]
SQL: SELECT * FROM `user` WHERE `id` = 2 LIMIT 1   [ RunTime:0.0000s ]
SQL: SELECT COUNT(*) AS tp_count FROM `album` WHERE `user_id` = 2 LIMIT 1   [ RunTime:0.0000s ]
SQL: SELECT `path` FROM `album` WHERE `user_id` = 2 ORDER BY id desc LIMIT 3   [ RunTime:0.0000s ]
SQL: SELECT * FROM `pho` WHERE `id` = 2 LIMIT 1   [ RunTime:0.0010s ]
SQL: SELECT * FROM `region` WHERE `id` = 2 LIMIT 1   [ RunTime:0.0000s ]
SQL: SELECT * FROM `region` WHERE `id` = 2 LIMIT 1   [ RunTime:0.0000s ]
SQL: SELECT `id` FROM `album` WHERE `type_id` = 2 ORDER BY add_time desc LIMIT 20   [ RunTime:0.0010s ]
SQL: SELECT * FROM `album` WHERE `id` = 54 LIMIT 1   [ RunTime:0.0000s ]
SQL: SELECT * FROM `album` WHERE `id` = 52 LIMIT 1   [ RunTime:0.0000s ]
SQL: SELECT * FROM `album` WHERE `id` = 51 LIMIT 1   [ RunTime:0.0000s ]
SQL: SELECT * FROM `album` WHERE `id` = 50 LIMIT 1   [ RunTime:0.0000s ]
SQL: SELECT * FROM `album` WHERE `id` = 49 LIMIT 1   [ RunTime:0.0000s ]
SQL: SELECT * FROM `album` WHERE `id` = 62 LIMIT 1   [ RunTime:0.0000s ]
SQL: SELECT * FROM `album` WHERE `id` = 53 LIMIT 1   [ RunTime:0.0000s ]
SQL: SELECT * FROM `album` WHERE `id` = 64 LIMIT 1   [ RunTime:0.0010s ]
SQL: SELECT * FROM `album` WHERE `id` = 63 LIMIT 1   [ RunTime:0.0000s ]
SQL: SELECT * FROM `album` WHERE `id` = 58 LIMIT 1   [ RunTime:0.0010s ]
SQL: SELECT * FROM `album` WHERE `id` = 55 LIMIT 1   [ RunTime:0.0000s ]
SQL: SELECT * FROM `album` WHERE `id` = 56 LIMIT 1   [ RunTime:0.0000s ]
SQL: SELECT * FROM `album` WHERE `id` = 57 LIMIT 1   [ RunTime:0.0000s ]
SQL: SELECT * FROM `album` WHERE `id` = 59 LIMIT 1   [ RunTime:0.0000s ]
SQL: SELECT * FROM `album` WHERE `id` = 60 LIMIT 1   [ RunTime:0.0000s ]
SQL: SELECT * FROM `album` WHERE `id` = 61 LIMIT 1   [ RunTime:0.0000s ]
SQL: SELECT * FROM `album` WHERE `id` = 47 LIMIT 1   [ RunTime:0.0000s ]
SQL: SELECT * FROM `album` WHERE `id` = 46 LIMIT 1   [ RunTime:0.0000s ]
SQL: SELECT * FROM `album` WHERE `id` = 45 LIMIT 1   [ RunTime:0.0000s ]
SQL: SELECT * FROM `album` WHERE `id` = 44 LIMIT 1   [ RunTime:0.0000s ]
SQL: SELECT * FROM `meal` WHERE `pho_id` = 2 ORDER BY price asc LIMIT 1   [ RunTime:0.0010s ]
SQL: SELECT COUNT(*) AS tp_count FROM `collect` WHERE `node_id` = 2 AND `type` = 0 LIMIT 1   [ RunTime:0.0000s ]
SQL: SELECT `id` FROM `collect` WHERE `type` = 0 AND `node_id` = 2 AND `user_id` = 1 LIMIT 1   [ RunTime:0.0000s ]
SQL: SELECT COUNT(*) AS tp_count FROM `report` WHERE `pho_id` = 2 LIMIT 1   [ RunTime:0.0000s ]
SQL: SELECT `id` FROM `album` WHERE `type` = 1 AND `type_id` = 5 ORDER BY add_time desc LIMIT 20   [ RunTime:0.0000s ]
SQL: SELECT * FROM `album` WHERE `id` = 76 LIMIT 1   [ RunTime:0.0010s ]
SQL: SELECT COUNT(*) AS tp_count FROM `collect` WHERE `node_id` = 5 AND `type` = 1 LIMIT 1   [ RunTime:0.0000s ]
SQL: SELECT `id` FROM `collect` WHERE `type` = 1 AND `node_id` = 5 AND `user_id` = 1 LIMIT 1   [ RunTime:0.0010s ]
SQL: SELECT * FROM `meal` WHERE `id` = 4 LIMIT 1   [ RunTime:0.0000s ]
SQL: SELECT * FROM `region` WHERE `id` = 0 LIMIT 1   [ RunTime:0.0000s ]
SQL: SELECT * FROM `pho` WHERE `id` = 2 LIMIT 1   [ RunTime:0.0010s ]
SQL: SELECT * FROM `user` WHERE `id` = 2 LIMIT 1   [ RunTime:0.0000s ]
SQL: SELECT COUNT(*) AS tp_count FROM `album` WHERE `user_id` = 2 LIMIT 1   [ RunTime:0.0000s ]
SQL: SELECT `path` FROM `album` WHERE `user_id` = 2 ORDER BY id desc LIMIT 3   [ RunTime:0.0000s ]
SQL: SELECT * FROM `pho` WHERE `id` = 2 LIMIT 1   [ RunTime:0.0010s ]
SQL: SELECT * FROM `region` WHERE `id` = 2 LIMIT 1   [ RunTime:0.0000s ]
SQL: SELECT * FROM `region` WHERE `id` = 2 LIMIT 1   [ RunTime:0.0010s ]
SQL: SELECT `id` FROM `album` WHERE `type_id` = 2 ORDER BY add_time desc LIMIT 20   [ RunTime:0.0000s ]
SQL: SELECT * FROM `album` WHERE `id` = 54 LIMIT 1   [ RunTime:0.0010s ]
SQL: SELECT * FROM `album` WHERE `id` = 52 LIMIT 1   [ RunTime:0.0000s ]
SQL: SELECT * FROM `album` WHERE `id` = 51 LIMIT 1   [ RunTime:0.0000s ]
SQL: SELECT * FROM `album` WHERE `id` = 50 LIMIT 1   [ RunTime:0.0010s ]
SQL: SELECT * FROM `album` WHERE `id` = 49 LIMIT 1   [ RunTime:0.0000s ]
SQL: SELECT * FROM `album` WHERE `id` = 62 LIMIT 1   [ RunTime:0.0010s ]
SQL: SELECT * FROM `album` WHERE `id` = 53 LIMIT 1   [ RunTime:0.0000s ]
SQL: SELECT * FROM `album` WHERE `id` = 64 LIMIT 1   [ RunTime:0.0000s ]
SQL: SELECT * FROM `album` WHERE `id` = 63 LIMIT 1   [ RunTime:0.0000s ]
SQL: SELECT * FROM `album` WHERE `id` = 58 LIMIT 1   [ RunTime:0.0000s ]
SQL: SELECT * FROM `album` WHERE `id` = 55 LIMIT 1   [ RunTime:0.0000s ]
SQL: SELECT * FROM `album` WHERE `id` = 56 LIMIT 1   [ RunTime:0.0000s ]
SQL: SELECT * FROM `album` WHERE `id` = 57 LIMIT 1   [ RunTime:0.0000s ]
SQL: SELECT * FROM `album` WHERE `id` = 59 LIMIT 1   [ RunTime:0.0000s ]
SQL: SELECT * FROM `album` WHERE `id` = 60 LIMIT 1   [ RunTime:0.0000s ]
SQL: SELECT * FROM `album` WHERE `id` = 61 LIMIT 1   [ RunTime:0.0000s ]
SQL: SELECT * FROM `album` WHERE `id` = 47 LIMIT 1   [ RunTime:0.0000s ]
SQL: SELECT * FROM `album` WHERE `id` = 46 LIMIT 1   [ RunTime:0.0000s ]
SQL: SELECT * FROM `album` WHERE `id` = 45 LIMIT 1   [ RunTime:0.0000s ]
SQL: SELECT * FROM `album` WHERE `id` = 44 LIMIT 1   [ RunTime:0.0000s ]
SQL: SELECT * FROM `meal` WHERE `pho_id` = 2 ORDER BY price asc LIMIT 1   [ RunTime:0.0010s ]
SQL: SELECT COUNT(*) AS tp_count FROM `collect` WHERE `node_id` = 2 AND `type` = 0 LIMIT 1   [ RunTime:0.0000s ]
SQL: SELECT `id` FROM `collect` WHERE `type` = 0 AND `node_id` = 2 AND `user_id` = 1 LIMIT 1   [ RunTime:0.0010s ]
SQL: SELECT COUNT(*) AS tp_count FROM `report` WHERE `pho_id` = 2 LIMIT 1   [ RunTime:0.0000s ]
SQL: SELECT `id` FROM `album` WHERE `type` = 1 AND `type_id` = 4 ORDER BY add_time desc LIMIT 20   [ RunTime:0.0000s ]
SQL: SELECT * FROM `album` WHERE `id` = 10 LIMIT 1   [ RunTime:0.0000s ]
SQL: SELECT COUNT(*) AS tp_count FROM `collect` WHERE `node_id` = 4 AND `type` = 1 LIMIT 1   [ RunTime:0.0000s ]
SQL: SELECT `id` FROM `collect` WHERE `type` = 1 AND `node_id` = 4 AND `user_id` = 1 LIMIT 1   [ RunTime:0.0000s ]
SQL: SELECT `id` FROM `meal` WHERE `id` NOT IN ('6','5','4') AND `status` < 1 ORDER BY star desc LIMIT 5   [ RunTime:0.0000s ]
SQL: SHOW COLUMNS FROM `slide` [ RunTime:0.0050s ]
SQL: SELECT `id` FROM `slide` ORDER BY rank LIMIT 5   [ RunTime:0.0000s ]
SQL: SELECT * FROM `slide` WHERE `id` = 1 LIMIT 1   [ RunTime:0.0000s ]
SQL: SELECT * FROM `task` WHERE `id` = 1 LIMIT 1   [ RunTime:0.0000s ]
SQL: SELECT * FROM `region` WHERE `id` = 0 LIMIT 1   [ RunTime:0.0000s ]
SQL: SHOW COLUMNS FROM `join` [ RunTime:0.0050s ]
SQL: SELECT COUNT(*) AS tp_count FROM `join` WHERE `task_id` = 1 LIMIT 1   [ RunTime:0.0010s ]
SQL: SELECT `id` FROM `album` WHERE `type` = 0 AND `type_id` = 1 ORDER BY add_time desc LIMIT 20   [ RunTime:0.0000s ]
SQL: SELECT * FROM `album` WHERE `id` = 13 LIMIT 1   [ RunTime:0.0010s ]
SQL: SELECT * FROM `album` WHERE `id` = 7 LIMIT 1   [ RunTime:0.0000s ]
SQL: SELECT * FROM `album` WHERE `id` = 1 LIMIT 1   [ RunTime:0.0000s ]
SQL: SELECT * FROM `album` WHERE `id` = 2 LIMIT 1   [ RunTime:0.0010s ]
SQL: SELECT * FROM `user` WHERE `id` = 2 LIMIT 1   [ RunTime:0.0000s ]
SQL: SELECT COUNT(*) AS tp_count FROM `album` WHERE `user_id` = 2 LIMIT 1   [ RunTime:0.0000s ]
SQL: SELECT `path` FROM `album` WHERE `user_id` = 2 ORDER BY id desc LIMIT 3   [ RunTime:0.0000s ]
SQL: SELECT * FROM `pho` WHERE `id` = 2 LIMIT 1   [ RunTime:0.0010s ]
SQL: SELECT * FROM `slide` WHERE `id` = 2 LIMIT 1   [ RunTime:0.0000s ]
SQL: SELECT * FROM `meal` WHERE `id` = 1 LIMIT 1   [ RunTime:0.0010s ]
SQL: SELECT * FROM `region` WHERE `id` = 2 LIMIT 1   [ RunTime:0.0000s ]
SQL: SELECT * FROM `pho` WHERE `id` = 1 LIMIT 1   [ RunTime:0.0010s ]
SQL: SELECT * FROM `user` WHERE `id` = 1 LIMIT 1   [ RunTime:0.0000s ]
SQL: SELECT COUNT(*) AS tp_count FROM `album` WHERE `user_id` = 1 LIMIT 1   [ RunTime:0.0010s ]
SQL: SELECT `path` FROM `album` WHERE `user_id` = 1 ORDER BY id desc LIMIT 3   [ RunTime:0.0000s ]
SQL: SELECT * FROM `pho` WHERE `id` = 1 LIMIT 1   [ RunTime:0.0010s ]
SQL: SELECT * FROM `region` WHERE `id` = 2 LIMIT 1   [ RunTime:0.0000s ]
SQL: SELECT * FROM `region` WHERE `id` = 2 LIMIT 1   [ RunTime:0.0000s ]
SQL: SELECT `id` FROM `album` WHERE `type_id` = 1 ORDER BY add_time desc LIMIT 20   [ RunTime:0.0000s ]
SQL: SELECT * FROM `album` WHERE `id` = 13 LIMIT 1   [ RunTime:0.0000s ]
SQL: SELECT * FROM `album` WHERE `id` = 7 LIMIT 1   [ RunTime:0.0000s ]
SQL: SELECT * FROM `album` WHERE `id` = 1 LIMIT 1   [ RunTime:0.0010s ]
SQL: SELECT * FROM `album` WHERE `id` = 2 LIMIT 1   [ RunTime:0.0000s ]
SQL: SELECT * FROM `meal` WHERE `pho_id` = 1 ORDER BY price asc LIMIT 1   [ RunTime:0.0010s ]
SQL: SELECT COUNT(*) AS tp_count FROM `collect` WHERE `node_id` = 1 AND `type` = 0 LIMIT 1   [ RunTime:0.0000s ]
SQL: SELECT `id` FROM `collect` WHERE `type` = 0 AND `node_id` = 1 AND `user_id` = 1 LIMIT 1   [ RunTime:0.0000s ]
SQL: SELECT COUNT(*) AS tp_count FROM `report` WHERE `pho_id` = 1 LIMIT 1   [ RunTime:0.0000s ]
SQL: SELECT `id` FROM `album` WHERE `type` = 1 AND `type_id` = 1 ORDER BY add_time desc LIMIT 20   [ RunTime:0.0000s ]
SQL: SELECT COUNT(*) AS tp_count FROM `collect` WHERE `node_id` = 1 AND `type` = 1 LIMIT 1   [ RunTime:0.0000s ]
SQL: SELECT `id` FROM `collect` WHERE `type` = 1 AND `node_id` = 1 AND `user_id` = 1 LIMIT 1   [ RunTime:0.0000s ]
SQL: SELECT COUNT(*) AS tp_count FROM `meal` WHERE `id` NOT IN ('6','5','4') AND `status` < 1 LIMIT 1   [ RunTime:0.0000s ]
SQL: SELECT `id` FROM `meal` WHERE `id` NOT IN ('6','5','4') AND `status` < 1 ORDER BY id desc LIMIT 0,15   [ RunTime:0.0000s ]

[ 2016-09-07T21:10:35+08:00 ] 127.0.0.1 /
SQL: SHOW COLUMNS FROM `user` [ RunTime:0.0040s ]
SQL: SELECT * FROM `user` WHERE `id` = 1 LIMIT 1   [ RunTime:0.0320s ]
SQL: SHOW COLUMNS FROM `album` [ RunTime:0.0040s ]
SQL: SELECT COUNT(*) AS tp_count FROM `album` WHERE `user_id` = 1 LIMIT 1   [ RunTime:0.0300s ]
SQL: SELECT `path` FROM `album` WHERE `user_id` = 1 ORDER BY id desc LIMIT 3   [ RunTime:0.0480s ]
SQL: SHOW COLUMNS FROM `pho` [ RunTime:0.0050s ]
SQL: SHOW COLUMNS FROM `task` [ RunTime:0.0040s ]
SQL: SHOW COLUMNS FROM `category` [ RunTime:0.0040s ]
SQL: SELECT `id` FROM `category` WHERE `type` = 1 ORDER BY rank,id  [ RunTime:0.0000s ]
SQL: SELECT `id` FROM `category` WHERE `type` = 2 ORDER BY rank,id  [ RunTime:0.0010s ]
SQL: SELECT * FROM `category` WHERE `id` = 2 LIMIT 1   [ RunTime:0.0000s ]
SQL: SELECT * FROM `category` WHERE `id` = 3 LIMIT 1   [ RunTime:0.0010s ]
SQL: SELECT * FROM `category` WHERE `id` = 1 LIMIT 1   [ RunTime:0.0000s ]
SQL: SELECT * FROM `pho` WHERE `id` = 1 LIMIT 1   [ RunTime:0.0360s ]
SQL: SELECT if(city = "0",1,0) as eqcity,`id` FROM `pho` ORDER BY eqcity desc,receive_num desc LIMIT 5   [ RunTime:0.0180s ]
SQL: SELECT * FROM `pho` WHERE `id` = 1 LIMIT 1   [ RunTime:0.0000s ]
SQL: SELECT * FROM `user` WHERE `id` = 1 LIMIT 1   [ RunTime:0.0010s ]
SQL: SELECT COUNT(*) AS tp_count FROM `album` WHERE `user_id` = 1 LIMIT 1   [ RunTime:0.0000s ]
SQL: SELECT `path` FROM `album` WHERE `user_id` = 1 ORDER BY id desc LIMIT 3   [ RunTime:0.0000s ]
SQL: SELECT * FROM `pho` WHERE `id` = 1 LIMIT 1   [ RunTime:0.0010s ]
SQL: SHOW COLUMNS FROM `region` [ RunTime:0.0030s ]
SQL: SELECT * FROM `region` WHERE `id` = 2 LIMIT 1   [ RunTime:0.0140s ]
SQL: SELECT * FROM `region` WHERE `id` = 2 LIMIT 1   [ RunTime:0.0000s ]
SQL: SELECT `id` FROM `album` WHERE `type_id` = 1 ORDER BY add_time desc LIMIT 20   [ RunTime:0.0000s ]
SQL: SELECT * FROM `album` WHERE `id` = 13 LIMIT 1   [ RunTime:0.0120s ]
SQL: SELECT * FROM `album` WHERE `id` = 7 LIMIT 1   [ RunTime:0.0010s ]
SQL: SELECT * FROM `album` WHERE `id` = 1 LIMIT 1   [ RunTime:0.0090s ]
SQL: SELECT * FROM `album` WHERE `id` = 2 LIMIT 1   [ RunTime:0.0100s ]
SQL: SHOW COLUMNS FROM `meal` [ RunTime:0.0040s ]
SQL: SELECT `id` FROM `category` WHERE `type` = 2 ORDER BY rank,id  [ RunTime:0.0010s ]
SQL: SELECT * FROM `category` WHERE `id` = 2 LIMIT 1   [ RunTime:0.0000s ]
SQL: SELECT * FROM `category` WHERE `id` = 3 LIMIT 1   [ RunTime:0.0000s ]
SQL: SELECT * FROM `category` WHERE `id` = 1 LIMIT 1   [ RunTime:0.0010s ]
SQL: SELECT * FROM `meal` WHERE `pho_id` = 1 ORDER BY price asc LIMIT 1   [ RunTime:0.0410s ]
SQL: SHOW COLUMNS FROM `collect` [ RunTime:0.0040s ]
SQL: SELECT COUNT(*) AS tp_count FROM `collect` WHERE `node_id` = 1 AND `type` = 0 LIMIT 1   [ RunTime:0.0390s ]
SQL: SELECT `id` FROM `collect` WHERE `type` = 0 AND `node_id` = 1 AND `user_id` = 1 LIMIT 1   [ RunTime:0.0170s ]
SQL: SHOW COLUMNS FROM `report` [ RunTime:0.0050s ]
SQL: SELECT COUNT(*) AS tp_count FROM `report` WHERE `pho_id` = 1 LIMIT 1   [ RunTime:0.0340s ]
SQL: SELECT * FROM `pho` WHERE `id` = 2 LIMIT 1   [ RunTime:0.0140s ]
SQL: SELECT * FROM `user` WHERE `id` = 2 LIMIT 1   [ RunTime:0.0040s ]
SQL: SELECT COUNT(*) AS tp_count FROM `album` WHERE `user_id` = 2 LIMIT 1   [ RunTime:0.0000s ]
SQL: SELECT `path` FROM `album` WHERE `user_id` = 2 ORDER BY id desc LIMIT 3   [ RunTime:0.0220s ]
SQL: SELECT * FROM `pho` WHERE `id` = 2 LIMIT 1   [ RunTime:0.0010s ]
SQL: SELECT * FROM `region` WHERE `id` = 2 LIMIT 1   [ RunTime:0.0000s ]
SQL: SELECT * FROM `region` WHERE `id` = 2 LIMIT 1   [ RunTime:0.0010s ]
SQL: SELECT `id` FROM `album` WHERE `type_id` = 2 ORDER BY add_time desc LIMIT 20   [ RunTime:0.0000s ]
SQL: SELECT * FROM `album` WHERE `id` = 54 LIMIT 1   [ RunTime:0.0060s ]
SQL: SELECT * FROM `album` WHERE `id` = 52 LIMIT 1   [ RunTime:0.0000s ]
SQL: SELECT * FROM `album` WHERE `id` = 51 LIMIT 1   [ RunTime:0.0000s ]
SQL: SELECT * FROM `album` WHERE `id` = 50 LIMIT 1   [ RunTime:0.0010s ]
SQL: SELECT * FROM `album` WHERE `id` = 49 LIMIT 1   [ RunTime:0.0150s ]
SQL: SELECT * FROM `album` WHERE `id` = 62 LIMIT 1   [ RunTime:0.0000s ]
SQL: SELECT * FROM `album` WHERE `id` = 53 LIMIT 1   [ RunTime:0.0110s ]
SQL: SELECT * FROM `album` WHERE `id` = 64 LIMIT 1   [ RunTime:0.0000s ]
SQL: SELECT * FROM `album` WHERE `id` = 63 LIMIT 1   [ RunTime:0.0010s ]
SQL: SELECT * FROM `album` WHERE `id` = 58 LIMIT 1   [ RunTime:0.0290s ]
SQL: SELECT * FROM `album` WHERE `id` = 55 LIMIT 1   [ RunTime:0.0010s ]
SQL: SELECT * FROM `album` WHERE `id` = 56 LIMIT 1   [ RunTime:0.0200s ]
SQL: SELECT * FROM `album` WHERE `id` = 57 LIMIT 1   [ RunTime:0.0010s ]
SQL: SELECT * FROM `album` WHERE `id` = 59 LIMIT 1   [ RunTime:0.0080s ]
SQL: SELECT * FROM `album` WHERE `id` = 60 LIMIT 1   [ RunTime:0.0040s ]
SQL: SELECT * FROM `album` WHERE `id` = 61 LIMIT 1   [ RunTime:0.0010s ]
SQL: SELECT * FROM `album` WHERE `id` = 47 LIMIT 1   [ RunTime:0.0010s ]
SQL: SELECT * FROM `album` WHERE `id` = 46 LIMIT 1   [ RunTime:0.0120s ]
SQL: SELECT * FROM `album` WHERE `id` = 45 LIMIT 1   [ RunTime:0.0010s ]
SQL: SELECT * FROM `album` WHERE `id` = 44 LIMIT 1   [ RunTime:0.0000s ]
SQL: SELECT * FROM `meal` WHERE `pho_id` = 2 ORDER BY price asc LIMIT 1   [ RunTime:0.0240s ]
SQL: SELECT COUNT(*) AS tp_count FROM `collect` WHERE `node_id` = 2 AND `type` = 0 LIMIT 1   [ RunTime:0.0000s ]
SQL: SELECT `id` FROM `collect` WHERE `type` = 0 AND `node_id` = 2 AND `user_id` = 1 LIMIT 1   [ RunTime:0.0000s ]
SQL: SELECT COUNT(*) AS tp_count FROM `report` WHERE `pho_id` = 2 LIMIT 1   [ RunTime:0.0210s ]
SQL: SELECT `id` FROM `meal` WHERE `status` < 1 ORDER BY add_time desc LIMIT 5   [ RunTime:0.0000s ]
SQL: SELECT * FROM `meal` WHERE `id` = 6 LIMIT 1   [ RunTime:0.0130s ]
SQL: SELECT * FROM `region` WHERE `id` = 1 LIMIT 1   [ RunTime:0.0000s ]
SQL: SELECT * FROM `pho` WHERE `id` = 4 LIMIT 1   [ RunTime:0.0000s ]
SQL: SELECT `id` FROM `album` WHERE `type` = 1 AND `type_id` = 6 ORDER BY add_time desc LIMIT 20   [ RunTime:0.0100s ]
SQL: SELECT * FROM `album` WHERE `id` = 78 LIMIT 1   [ RunTime:0.0010s ]
SQL: SELECT COUNT(*) AS tp_count FROM `collect` WHERE `node_id` = 6 AND `type` = 1 LIMIT 1   [ RunTime:0.0000s ]
SQL: SELECT `id` FROM `collect` WHERE `type` = 1 AND `node_id` = 6 AND `user_id` = 1 LIMIT 1   [ RunTime:0.0000s ]
SQL: SELECT * FROM `meal` WHERE `id` = 5 LIMIT 1   [ RunTime:0.0010s ]
SQL: SELECT * FROM `region` WHERE `id` = 2 LIMIT 1   [ RunTime:0.0010s ]
SQL: SELECT * FROM `pho` WHERE `id` = 2 LIMIT 1   [ RunTime:0.0000s ]
SQL: SELECT * FROM `user` WHERE `id` = 2 LIMIT 1   [ RunTime:0.0000s ]
SQL: SELECT COUNT(*) AS tp_count FROM `album` WHERE `user_id` = 2 LIMIT 1   [ RunTime:0.0010s ]
SQL: SELECT `path` FROM `album` WHERE `user_id` = 2 ORDER BY id desc LIMIT 3   [ RunTime:0.0000s ]
SQL: SELECT * FROM `pho` WHERE `id` = 2 LIMIT 1   [ RunTime:0.0010s ]
SQL: SELECT * FROM `region` WHERE `id` = 2 LIMIT 1   [ RunTime:0.0000s ]
SQL: SELECT * FROM `region` WHERE `id` = 2 LIMIT 1   [ RunTime:0.0000s ]
SQL: SELECT `id` FROM `album` WHERE `type_id` = 2 ORDER BY add_time desc LIMIT 20   [ RunTime:0.0000s ]
SQL: SELECT * FROM `album` WHERE `id` = 54 LIMIT 1   [ RunTime:0.0000s ]
SQL: SELECT * FROM `album` WHERE `id` = 52 LIMIT 1   [ RunTime:0.0000s ]
SQL: SELECT * FROM `album` WHERE `id` = 51 LIMIT 1   [ RunTime:0.0000s ]
SQL: SELECT * FROM `album` WHERE `id` = 50 LIMIT 1   [ RunTime:0.0000s ]
SQL: SELECT * FROM `album` WHERE `id` = 49 LIMIT 1   [ RunTime:0.0000s ]
SQL: SELECT * FROM `album` WHERE `id` = 62 LIMIT 1   [ RunTime:0.0000s ]
SQL: SELECT * FROM `album` WHERE `id` = 53 LIMIT 1   [ RunTime:0.0000s ]
SQL: SELECT * FROM `album` WHERE `id` = 64 LIMIT 1   [ RunTime:0.0000s ]
SQL: SELECT * FROM `album` WHERE `id` = 63 LIMIT 1   [ RunTime:0.0000s ]
SQL: SELECT * FROM `album` WHERE `id` = 58 LIMIT 1   [ RunTime:0.0010s ]
SQL: SELECT * FROM `album` WHERE `id` = 55 LIMIT 1   [ RunTime:0.0000s ]
SQL: SELECT * FROM `album` WHERE `id` = 56 LIMIT 1   [ RunTime:0.0000s ]
SQL: SELECT * FROM `album` WHERE `id` = 57 LIMIT 1   [ RunTime:0.0000s ]
SQL: SELECT * FROM `album` WHERE `id` = 59 LIMIT 1   [ RunTime:0.0010s ]
SQL: SELECT * FROM `album` WHERE `id` = 60 LIMIT 1   [ RunTime:0.0010s ]
SQL: SELECT * FROM `album` WHERE `id` = 61 LIMIT 1   [ RunTime:0.0000s ]
SQL: SELECT * FROM `album` WHERE `id` = 47 LIMIT 1   [ RunTime:0.0000s ]
SQL: SELECT * FROM `album` WHERE `id` = 46 LIMIT 1   [ RunTime:0.0000s ]
SQL: SELECT * FROM `album` WHERE `id` = 45 LIMIT 1   [ RunTime:0.0000s ]
SQL: SELECT * FROM `album` WHERE `id` = 44 LIMIT 1   [ RunTime:0.0000s ]
SQL: SELECT * FROM `meal` WHERE `pho_id` = 2 ORDER BY price asc LIMIT 1   [ RunTime:0.0000s ]
SQL: SELECT COUNT(*) AS tp_count FROM `collect` WHERE `node_id` = 2 AND `type` = 0 LIMIT 1   [ RunTime:0.0010s ]
SQL: SELECT `id` FROM `collect` WHERE `type` = 0 AND `node_id` = 2 AND `user_id` = 1 LIMIT 1   [ RunTime:0.0000s ]
SQL: SELECT COUNT(*) AS tp_count FROM `report` WHERE `pho_id` = 2 LIMIT 1   [ RunTime:0.0000s ]
SQL: SELECT `id` FROM `album` WHERE `type` = 1 AND `type_id` = 5 ORDER BY add_time desc LIMIT 20   [ RunTime:0.0010s ]
SQL: SELECT * FROM `album` WHERE `id` = 76 LIMIT 1   [ RunTime:0.0000s ]
SQL: SELECT COUNT(*) AS tp_count FROM `collect` WHERE `node_id` = 5 AND `type` = 1 LIMIT 1   [ RunTime:0.0000s ]
SQL: SELECT `id` FROM `collect` WHERE `type` = 1 AND `node_id` = 5 AND `user_id` = 1 LIMIT 1   [ RunTime:0.0010s ]
SQL: SELECT * FROM `meal` WHERE `id` = 4 LIMIT 1   [ RunTime:0.0060s ]
SQL: SELECT * FROM `region` WHERE `id` = 0 LIMIT 1   [ RunTime:0.0010s ]
SQL: SELECT * FROM `pho` WHERE `id` = 2 LIMIT 1   [ RunTime:0.0000s ]
SQL: SELECT * FROM `user` WHERE `id` = 2 LIMIT 1   [ RunTime:0.0000s ]
SQL: SELECT COUNT(*) AS tp_count FROM `album` WHERE `user_id` = 2 LIMIT 1   [ RunTime:0.0000s ]
SQL: SELECT `path` FROM `album` WHERE `user_id` = 2 ORDER BY id desc LIMIT 3   [ RunTime:0.0000s ]
SQL: SELECT * FROM `pho` WHERE `id` = 2 LIMIT 1   [ RunTime:0.0000s ]
SQL: SELECT * FROM `region` WHERE `id` = 2 LIMIT 1   [ RunTime:0.0010s ]
SQL: SELECT * FROM `region` WHERE `id` = 2 LIMIT 1   [ RunTime:0.0000s ]
SQL: SELECT `id` FROM `album` WHERE `type_id` = 2 ORDER BY add_time desc LIMIT 20   [ RunTime:0.0010s ]
SQL: SELECT * FROM `album` WHERE `id` = 54 LIMIT 1   [ RunTime:0.0000s ]
SQL: SELECT * FROM `album` WHERE `id` = 52 LIMIT 1   [ RunTime:0.0000s ]
SQL: SELECT * FROM `album` WHERE `id` = 51 LIMIT 1   [ RunTime:0.0010s ]
SQL: SELECT * FROM `album` WHERE `id` = 50 LIMIT 1   [ RunTime:0.0000s ]
SQL: SELECT * FROM `album` WHERE `id` = 49 LIMIT 1   [ RunTime:0.0000s ]
SQL: SELECT * FROM `album` WHERE `id` = 62 LIMIT 1   [ RunTime:0.0010s ]
SQL: SELECT * FROM `album` WHERE `id` = 53 LIMIT 1   [ RunTime:0.0000s ]
SQL: SELECT * FROM `album` WHERE `id` = 64 LIMIT 1   [ RunTime:0.0000s ]
SQL: SELECT * FROM `album` WHERE `id` = 63 LIMIT 1   [ RunTime:0.0000s ]
SQL: SELECT * FROM `album` WHERE `id` = 58 LIMIT 1   [ RunTime:0.0010s ]
SQL: SELECT * FROM `album` WHERE `id` = 55 LIMIT 1   [ RunTime:0.0010s ]
SQL: SELECT * FROM `album` WHERE `id` = 56 LIMIT 1   [ RunTime:0.0010s ]
SQL: SELECT * FROM `album` WHERE `id` = 57 LIMIT 1   [ RunTime:0.0000s ]
SQL: SELECT * FROM `album` WHERE `id` = 59 LIMIT 1   [ RunTime:0.0000s ]
SQL: SELECT * FROM `album` WHERE `id` = 60 LIMIT 1   [ RunTime:0.0000s ]
SQL: SELECT * FROM `album` WHERE `id` = 61 LIMIT 1   [ RunTime:0.0000s ]
SQL: SELECT * FROM `album` WHERE `id` = 47 LIMIT 1   [ RunTime:0.0010s ]
SQL: SELECT * FROM `album` WHERE `id` = 46 LIMIT 1   [ RunTime:0.0000s ]
SQL: SELECT * FROM `album` WHERE `id` = 45 LIMIT 1   [ RunTime:0.0000s ]
SQL: SELECT * FROM `album` WHERE `id` = 44 LIMIT 1   [ RunTime:0.0000s ]
SQL: SELECT * FROM `meal` WHERE `pho_id` = 2 ORDER BY price asc LIMIT 1   [ RunTime:0.0010s ]
SQL: SELECT COUNT(*) AS tp_count FROM `collect` WHERE `node_id` = 2 AND `type` = 0 LIMIT 1   [ RunTime:0.0130s ]
SQL: SELECT `id` FROM `collect` WHERE `type` = 0 AND `node_id` = 2 AND `user_id` = 1 LIMIT 1   [ RunTime:0.0000s ]
SQL: SELECT COUNT(*) AS tp_count FROM `report` WHERE `pho_id` = 2 LIMIT 1   [ RunTime:0.0000s ]
SQL: SELECT `id` FROM `album` WHERE `type` = 1 AND `type_id` = 4 ORDER BY add_time desc LIMIT 20   [ RunTime:0.0010s ]
SQL: SELECT * FROM `album` WHERE `id` = 10 LIMIT 1   [ RunTime:0.0010s ]
SQL: SELECT COUNT(*) AS tp_count FROM `collect` WHERE `node_id` = 4 AND `type` = 1 LIMIT 1   [ RunTime:0.0010s ]
SQL: SELECT `id` FROM `collect` WHERE `type` = 1 AND `node_id` = 4 AND `user_id` = 1 LIMIT 1   [ RunTime:0.0000s ]
SQL: SELECT `id` FROM `meal` WHERE `id` NOT IN ('6','5','4') AND `status` < 1 ORDER BY star desc LIMIT 5   [ RunTime:0.0610s ]
SQL: SHOW COLUMNS FROM `slide` [ RunTime:0.0070s ]
SQL: SELECT `id` FROM `slide` ORDER BY rank LIMIT 5   [ RunTime:0.0110s ]
SQL: SELECT * FROM `slide` WHERE `id` = 1 LIMIT 1   [ RunTime:0.0000s ]
SQL: SELECT * FROM `task` WHERE `id` = 1 LIMIT 1   [ RunTime:0.0240s ]
SQL: SELECT * FROM `region` WHERE `id` = 0 LIMIT 1   [ RunTime:0.0010s ]
SQL: SHOW COLUMNS FROM `join` [ RunTime:0.0070s ]
SQL: SELECT COUNT(*) AS tp_count FROM `join` WHERE `task_id` = 1 LIMIT 1   [ RunTime:0.0530s ]
SQL: SELECT `id` FROM `album` WHERE `type` = 0 AND `type_id` = 1 ORDER BY add_time desc LIMIT 20   [ RunTime:0.0010s ]
SQL: SELECT * FROM `album` WHERE `id` = 13 LIMIT 1   [ RunTime:0.0010s ]
SQL: SELECT * FROM `album` WHERE `id` = 7 LIMIT 1   [ RunTime:0.0010s ]
SQL: SELECT * FROM `album` WHERE `id` = 1 LIMIT 1   [ RunTime:0.0010s ]
SQL: SELECT * FROM `album` WHERE `id` = 2 LIMIT 1   [ RunTime:0.0010s ]
SQL: SELECT * FROM `user` WHERE `id` = 2 LIMIT 1   [ RunTime:0.0010s ]
SQL: SELECT COUNT(*) AS tp_count FROM `album` WHERE `user_id` = 2 LIMIT 1   [ RunTime:0.0000s ]
SQL: SELECT `path` FROM `album` WHERE `user_id` = 2 ORDER BY id desc LIMIT 3   [ RunTime:0.0000s ]
SQL: SELECT * FROM `pho` WHERE `id` = 2 LIMIT 1   [ RunTime:0.0010s ]
SQL: SELECT * FROM `slide` WHERE `id` = 2 LIMIT 1   [ RunTime:0.0000s ]
SQL: SELECT * FROM `meal` WHERE `id` = 1 LIMIT 1   [ RunTime:0.0000s ]
SQL: SELECT * FROM `region` WHERE `id` = 2 LIMIT 1   [ RunTime:0.0000s ]
SQL: SELECT * FROM `pho` WHERE `id` = 1 LIMIT 1   [ RunTime:0.0010s ]
SQL: SELECT * FROM `user` WHERE `id` = 1 LIMIT 1   [ RunTime:0.0000s ]
SQL: SELECT COUNT(*) AS tp_count FROM `album` WHERE `user_id` = 1 LIMIT 1   [ RunTime:0.0000s ]
SQL: SELECT `path` FROM `album` WHERE `user_id` = 1 ORDER BY id desc LIMIT 3   [ RunTime:0.0000s ]
SQL: SELECT * FROM `pho` WHERE `id` = 1 LIMIT 1   [ RunTime:0.0000s ]
SQL: SELECT * FROM `region` WHERE `id` = 2 LIMIT 1   [ RunTime:0.0000s ]
SQL: SELECT * FROM `region` WHERE `id` = 2 LIMIT 1   [ RunTime:0.0000s ]
SQL: SELECT `id` FROM `album` WHERE `type_id` = 1 ORDER BY add_time desc LIMIT 20   [ RunTime:0.0000s ]
SQL: SELECT * FROM `album` WHERE `id` = 13 LIMIT 1   [ RunTime:0.0000s ]
SQL: SELECT * FROM `album` WHERE `id` = 7 LIMIT 1   [ RunTime:0.0000s ]
SQL: SELECT * FROM `album` WHERE `id` = 1 LIMIT 1   [ RunTime:0.0000s ]
SQL: SELECT * FROM `album` WHERE `id` = 2 LIMIT 1   [ RunTime:0.0000s ]
SQL: SELECT * FROM `meal` WHERE `pho_id` = 1 ORDER BY price asc LIMIT 1   [ RunTime:0.0000s ]
SQL: SELECT COUNT(*) AS tp_count FROM `collect` WHERE `node_id` = 1 AND `type` = 0 LIMIT 1   [ RunTime:0.0000s ]
SQL: SELECT `id` FROM `collect` WHERE `type` = 0 AND `node_id` = 1 AND `user_id` = 1 LIMIT 1   [ RunTime:0.0000s ]
SQL: SELECT COUNT(*) AS tp_count FROM `report` WHERE `pho_id` = 1 LIMIT 1   [ RunTime:0.0010s ]
SQL: SELECT `id` FROM `album` WHERE `type` = 1 AND `type_id` = 1 ORDER BY add_time desc LIMIT 20   [ RunTime:0.0000s ]
SQL: SELECT COUNT(*) AS tp_count FROM `collect` WHERE `node_id` = 1 AND `type` = 1 LIMIT 1   [ RunTime:0.0000s ]
SQL: SELECT `id` FROM `collect` WHERE `type` = 1 AND `node_id` = 1 AND `user_id` = 1 LIMIT 1   [ RunTime:0.0010s ]
SQL: SELECT COUNT(*) AS tp_count FROM `meal` WHERE `id` NOT IN ('6','5','4') AND `status` < 1 LIMIT 1   [ RunTime:0.0010s ]
SQL: SELECT `id` FROM `meal` WHERE `id` NOT IN ('6','5','4') AND `status` < 1 ORDER BY id desc LIMIT 0,15   [ RunTime:0.0000s ]

[ 2016-09-07T22:17:18+08:00 ] 127.0.0.1 /login
SQL: SHOW COLUMNS FROM `user` [ RunTime:0.0040s ]
SQL: SELECT * FROM `user` WHERE `id` = 1 LIMIT 1   [ RunTime:0.0000s ]
SQL: SHOW COLUMNS FROM `album` [ RunTime:0.0040s ]
SQL: SELECT COUNT(*) AS tp_count FROM `album` WHERE `user_id` = 1 LIMIT 1   [ RunTime:0.0010s ]
SQL: SELECT `path` FROM `album` WHERE `user_id` = 1 ORDER BY id desc LIMIT 3   [ RunTime:0.0000s ]
SQL: SHOW COLUMNS FROM `pho` [ RunTime:0.0040s ]
SQL: SHOW COLUMNS FROM `task` [ RunTime:0.0030s ]
SQL: SHOW COLUMNS FROM `category` [ RunTime:0.0030s ]
SQL: SELECT `id` FROM `category` WHERE `type` = 1 ORDER BY rank,id  [ RunTime:0.0000s ]
SQL: SELECT `id` FROM `category` WHERE `type` = 2 ORDER BY rank,id  [ RunTime:0.0000s ]
SQL: SELECT * FROM `category` WHERE `id` = 2 LIMIT 1   [ RunTime:0.0010s ]
SQL: SELECT * FROM `category` WHERE `id` = 3 LIMIT 1   [ RunTime:0.0000s ]
SQL: SELECT * FROM `category` WHERE `id` = 1 LIMIT 1   [ RunTime:0.0000s ]
SQL: SELECT * FROM `pho` WHERE `id` = 1 LIMIT 1   [ RunTime:0.0000s ]
SQL: SHOW COLUMNS FROM `user` [ RunTime:0.0040s ]
SQL: SELECT * FROM `user` WHERE `qq_id` = '111111' LIMIT 1   [ RunTime:0.0000s ]
SQL: UPDATE `user` SET `last_login`='1473257838' WHERE `id` = 1 [ RunTime:0.1860s ]
SQL: SELECT * FROM `user` WHERE `id` = 1 LIMIT 1   [ RunTime:0.0110s ]
SQL: SELECT COUNT(*) AS tp_count FROM `album` WHERE `user_id` = 1 LIMIT 1   [ RunTime:0.0000s ]
SQL: SELECT `path` FROM `album` WHERE `user_id` = 1 ORDER BY id desc LIMIT 3   [ RunTime:0.0000s ]
SQL: SELECT * FROM `pho` WHERE `id` = 1 LIMIT 1   [ RunTime:0.0000s ]

[ 2016-09-07T22:20:17+08:00 ] 127.0.0.1 /vercode?mobile=18652985024&sid=7jqio8fjivdou04bemuavn8st1
Err: {"code":-3,"msg":"IP","detail":"IP 58.212.104.134 ,->IP"}
[ 2016-09-07T22:20:17+08:00 ] 127.0.0.1 /vercode?mobile=18652985024&sid=7jqio8fjivdou04bemuavn8st1
SQL: SHOW COLUMNS FROM `user` [ RunTime:0.0040s ]
SQL: SELECT * FROM `user` WHERE `id` = 1 LIMIT 1   [ RunTime:0.0000s ]
SQL: SHOW COLUMNS FROM `album` [ RunTime:0.0030s ]
SQL: SELECT COUNT(*) AS tp_count FROM `album` WHERE `user_id` = 1 LIMIT 1   [ RunTime:0.0000s ]
SQL: SELECT `path` FROM `album` WHERE `user_id` = 1 ORDER BY id desc LIMIT 3   [ RunTime:0.0000s ]
SQL: SHOW COLUMNS FROM `pho` [ RunTime:0.0030s ]
SQL: SHOW COLUMNS FROM `task` [ RunTime:0.0030s ]
SQL: SHOW COLUMNS FROM `category` [ RunTime:0.0040s ]
SQL: SELECT `id` FROM `category` WHERE `type` = 1 ORDER BY rank,id  [ RunTime:0.0000s ]
SQL: SELECT `id` FROM `category` WHERE `type` = 2 ORDER BY rank,id  [ RunTime:0.0010s ]
SQL: SELECT * FROM `category` WHERE `id` = 2 LIMIT 1   [ RunTime:0.0000s ]
SQL: SELECT * FROM `category` WHERE `id` = 3 LIMIT 1   [ RunTime:0.0000s ]
SQL: SELECT * FROM `category` WHERE `id` = 1 LIMIT 1   [ RunTime:0.0000s ]
SQL: SELECT * FROM `pho` WHERE `id` = 1 LIMIT 1   [ RunTime:0.0000s ]
SQL: SHOW COLUMNS FROM `user` [ RunTime:0.0040s ]
SQL: SHOW COLUMNS FROM `config` [ RunTime:0.0040s ]

[ 2016-09-07T23:13:38+08:00 ] 127.0.0.1 /user/taskJoinList
SQL: SHOW COLUMNS FROM `user` [ RunTime:0.0040s ]
SQL: SELECT * FROM `user` WHERE `id` = 1 LIMIT 1   [ RunTime:0.0000s ]
SQL: SHOW COLUMNS FROM `album` [ RunTime:0.0030s ]
SQL: SELECT COUNT(*) AS tp_count FROM `album` WHERE `user_id` = 1 LIMIT 1   [ RunTime:0.0000s ]
SQL: SELECT `path` FROM `album` WHERE `user_id` = 1 ORDER BY id desc LIMIT 3   [ RunTime:0.0000s ]
SQL: SHOW COLUMNS FROM `pho` [ RunTime:0.0030s ]
SQL: SHOW COLUMNS FROM `task` [ RunTime:0.0040s ]
SQL: SHOW COLUMNS FROM `category` [ RunTime:0.0030s ]
SQL: SELECT `id` FROM `category` WHERE `type` = 1 ORDER BY rank,id  [ RunTime:0.0000s ]
SQL: SELECT `id` FROM `category` WHERE `type` = 2 ORDER BY rank,id  [ RunTime:0.0000s ]
SQL: SELECT * FROM `category` WHERE `id` = 2 LIMIT 1   [ RunTime:0.0010s ]
SQL: SELECT * FROM `category` WHERE `id` = 3 LIMIT 1   [ RunTime:0.0000s ]
SQL: SELECT * FROM `category` WHERE `id` = 1 LIMIT 1   [ RunTime:0.0000s ]
SQL: SELECT * FROM `pho` WHERE `id` = 1 LIMIT 1   [ RunTime:0.0010s ]
SQL: SHOW COLUMNS FROM `user` [ RunTime:0.0030s ]
SQL: SHOW COLUMNS FROM `join` [ RunTime:0.0040s ]
SQL: SELECT COUNT(*) AS tp_count FROM `join` LIMIT 1   [ RunTime:0.0000s ]
SQL: SELECT `id` FROM `join` ORDER BY add_time desc LIMIT 0,15   [ RunTime:0.4893s ]
SQL: SELECT * FROM `join` WHERE `id` = 5 LIMIT 1   [ RunTime:0.0090s ]
SQL: SELECT * FROM `user` WHERE `id` = 1 LIMIT 1   [ RunTime:0.0350s ]
SQL: SELECT COUNT(*) AS tp_count FROM `album` WHERE `user_id` = 1 LIMIT 1   [ RunTime:0.0000s ]
SQL: SELECT `path` FROM `album` WHERE `user_id` = 1 ORDER BY id desc LIMIT 3   [ RunTime:0.0000s ]
SQL: SELECT * FROM `pho` WHERE `id` = 1 LIMIT 1   [ RunTime:0.0010s ]
SQL: SELECT * FROM `pho` WHERE `id` = 1 LIMIT 1   [ RunTime:0.0000s ]
SQL: SELECT * FROM `user` WHERE `id` = 1 LIMIT 1   [ RunTime:0.0000s ]
SQL: SELECT COUNT(*) AS tp_count FROM `album` WHERE `user_id` = 1 LIMIT 1   [ RunTime:0.0000s ]
SQL: SELECT `path` FROM `album` WHERE `user_id` = 1 ORDER BY id desc LIMIT 3   [ RunTime:0.0000s ]
SQL: SELECT * FROM `pho` WHERE `id` = 1 LIMIT 1   [ RunTime:0.0000s ]
SQL: SHOW COLUMNS FROM `region` [ RunTime:0.0030s ]
SQL: SELECT * FROM `region` WHERE `id` = 2 LIMIT 1   [ RunTime:0.0000s ]
SQL: SELECT * FROM `region` WHERE `id` = 2 LIMIT 1   [ RunTime:0.0000s ]
SQL: SELECT `id` FROM `album` WHERE `type_id` = 1 ORDER BY add_time desc LIMIT 20   [ RunTime:0.0010s ]
SQL: SELECT * FROM `album` WHERE `id` = 13 LIMIT 1   [ RunTime:0.0000s ]
SQL: SELECT * FROM `album` WHERE `id` = 7 LIMIT 1   [ RunTime:0.0010s ]
SQL: SELECT * FROM `album` WHERE `id` = 1 LIMIT 1   [ RunTime:0.0000s ]
SQL: SELECT * FROM `album` WHERE `id` = 2 LIMIT 1   [ RunTime:0.0000s ]
SQL: SHOW COLUMNS FROM `meal` [ RunTime:0.0050s ]
SQL: SELECT `id` FROM `category` WHERE `type` = 2 ORDER BY rank,id  [ RunTime:0.0000s ]
SQL: SELECT * FROM `category` WHERE `id` = 2 LIMIT 1   [ RunTime:0.0010s ]
SQL: SELECT * FROM `category` WHERE `id` = 3 LIMIT 1   [ RunTime:0.0000s ]
SQL: SELECT * FROM `category` WHERE `id` = 1 LIMIT 1   [ RunTime:0.0000s ]
SQL: SELECT * FROM `meal` WHERE `pho_id` = 1 ORDER BY price asc LIMIT 1   [ RunTime:0.0000s ]
SQL: SHOW COLUMNS FROM `collect` [ RunTime:0.0040s ]
SQL: SELECT COUNT(*) AS tp_count FROM `collect` WHERE `node_id` = 1 AND `type` = 0 LIMIT 1   [ RunTime:0.0000s ]
SQL: SELECT `id` FROM `collect` WHERE `type` = 0 AND `node_id` = 1 AND `user_id` = 1 LIMIT 1   [ RunTime:0.0010s ]
SQL: SHOW COLUMNS FROM `report` [ RunTime:0.0040s ]
SQL: SELECT COUNT(*) AS tp_count FROM `report` WHERE `pho_id` = 1 LIMIT 1   [ RunTime:0.0000s ]
SQL: SELECT * FROM `task` WHERE `id` = 6 LIMIT 1   [ RunTime:0.0000s ]
SQL: SELECT * FROM `region` WHERE `id` = 2 LIMIT 1   [ RunTime:0.0000s ]
SQL: SELECT COUNT(*) AS tp_count FROM `join` WHERE `task_id` = 6 LIMIT 1   [ RunTime:0.0000s ]
SQL: SELECT `id` FROM `album` WHERE `type` = 0 AND `type_id` = 6 ORDER BY add_time desc LIMIT 20   [ RunTime:0.0010s ]
SQL: SELECT * FROM `album` WHERE `id` = 79 LIMIT 1   [ RunTime:0.0000s ]
SQL: SELECT * FROM `album` WHERE `id` = 77 LIMIT 1   [ RunTime:0.0000s ]
SQL: SELECT * FROM `user` WHERE `id` = 2 LIMIT 1   [ RunTime:0.0010s ]
SQL: SELECT COUNT(*) AS tp_count FROM `album` WHERE `user_id` = 2 LIMIT 1   [ RunTime:0.0000s ]
SQL: SELECT `path` FROM `album` WHERE `user_id` = 2 ORDER BY id desc LIMIT 3   [ RunTime:0.0000s ]
SQL: SELECT * FROM `pho` WHERE `id` = 2 LIMIT 1   [ RunTime:0.0010s ]
SQL: SELECT * FROM `join` WHERE `id` = 4 LIMIT 1   [ RunTime:0.0000s ]
SQL: SELECT * FROM `user` WHERE `id` = 4 LIMIT 1   [ RunTime:0.0000s ]
SQL: SELECT COUNT(*) AS tp_count FROM `album` WHERE `user_id` = 4 LIMIT 1   [ RunTime:0.0010s ]
SQL: SELECT `path` FROM `album` WHERE `user_id` = 4 ORDER BY id desc LIMIT 3   [ RunTime:0.0000s ]
SQL: SELECT * FROM `pho` WHERE `id` = 4 LIMIT 1   [ RunTime:0.0000s ]
SQL: SELECT * FROM `pho` WHERE `id` = 4 LIMIT 1   [ RunTime:0.0000s ]
SQL: SELECT * FROM `task` WHERE `id` = 1 LIMIT 1   [ RunTime:0.0000s ]
SQL: SELECT * FROM `region` WHERE `id` = 0 LIMIT 1   [ RunTime:0.0000s ]
SQL: SELECT COUNT(*) AS tp_count FROM `join` WHERE `task_id` = 1 LIMIT 1   [ RunTime:0.0000s ]
SQL: SELECT `id` FROM `album` WHERE `type` = 0 AND `type_id` = 1 ORDER BY add_time desc LIMIT 20   [ RunTime:0.0010s ]
SQL: SELECT * FROM `album` WHERE `id` = 13 LIMIT 1   [ RunTime:0.0000s ]
SQL: SELECT * FROM `album` WHERE `id` = 7 LIMIT 1   [ RunTime:0.0000s ]
SQL: SELECT * FROM `album` WHERE `id` = 1 LIMIT 1   [ RunTime:0.0010s ]
SQL: SELECT * FROM `album` WHERE `id` = 2 LIMIT 1   [ RunTime:0.0000s ]
SQL: SELECT * FROM `user` WHERE `id` = 2 LIMIT 1   [ RunTime:0.0000s ]
SQL: SELECT COUNT(*) AS tp_count FROM `album` WHERE `user_id` = 2 LIMIT 1   [ RunTime:0.0000s ]
SQL: SELECT `path` FROM `album` WHERE `user_id` = 2 ORDER BY id desc LIMIT 3   [ RunTime:0.0000s ]
SQL: SELECT * FROM `pho` WHERE `id` = 2 LIMIT 1   [ RunTime:0.0000s ]
SQL: SELECT * FROM `join` WHERE `id` = 3 LIMIT 1   [ RunTime:0.0000s ]
SQL: SELECT * FROM `user` WHERE `id` = 2 LIMIT 1   [ RunTime:0.0000s ]
SQL: SELECT COUNT(*) AS tp_count FROM `album` WHERE `user_id` = 2 LIMIT 1   [ RunTime:0.0000s ]
SQL: SELECT `path` FROM `album` WHERE `user_id` = 2 ORDER BY id desc LIMIT 3   [ RunTime:0.0000s ]
SQL: SELECT * FROM `pho` WHERE `id` = 2 LIMIT 1   [ RunTime:0.0010s ]
SQL: SELECT * FROM `pho` WHERE `id` = 2 LIMIT 1   [ RunTime:0.0000s ]
SQL: SELECT * FROM `user` WHERE `id` = 2 LIMIT 1   [ RunTime:0.0000s ]
SQL: SELECT COUNT(*) AS tp_count FROM `album` WHERE `user_id` = 2 LIMIT 1   [ RunTime:0.0000s ]
SQL: SELECT `path` FROM `album` WHERE `user_id` = 2 ORDER BY id desc LIMIT 3   [ RunTime:0.0000s ]
SQL: SELECT * FROM `pho` WHERE `id` = 2 LIMIT 1   [ RunTime:0.0010s ]
SQL: SELECT * FROM `region` WHERE `id` = 2 LIMIT 1   [ RunTime:0.0000s ]
SQL: SELECT * FROM `region` WHERE `id` = 2 LIMIT 1   [ RunTime:0.0010s ]
SQL: SELECT `id` FROM `album` WHERE `type_id` = 2 ORDER BY add_time desc LIMIT 20   [ RunTime:0.0000s ]
SQL: SELECT * FROM `album` WHERE `id` = 54 LIMIT 1   [ RunTime:0.0000s ]
SQL: SELECT * FROM `album` WHERE `id` = 52 LIMIT 1   [ RunTime:0.0000s ]
SQL: SELECT * FROM `album` WHERE `id` = 51 LIMIT 1   [ RunTime:0.0000s ]
SQL: SELECT * FROM `album` WHERE `id` = 50 LIMIT 1   [ RunTime:0.0000s ]
SQL: SELECT * FROM `album` WHERE `id` = 49 LIMIT 1   [ RunTime:0.0000s ]
SQL: SELECT * FROM `album` WHERE `id` = 62 LIMIT 1   [ RunTime:0.0010s ]
SQL: SELECT * FROM `album` WHERE `id` = 53 LIMIT 1   [ RunTime:0.0000s ]
SQL: SELECT * FROM `album` WHERE `id` = 64 LIMIT 1   [ RunTime:0.0000s ]
SQL: SELECT * FROM `album` WHERE `id` = 63 LIMIT 1   [ RunTime:0.0000s ]
SQL: SELECT * FROM `album` WHERE `id` = 58 LIMIT 1   [ RunTime:0.0000s ]
SQL: SELECT * FROM `album` WHERE `id` = 55 LIMIT 1   [ RunTime:0.0010s ]
SQL: SELECT * FROM `album` WHERE `id` = 56 LIMIT 1   [ RunTime:0.0000s ]
SQL: SELECT * FROM `album` WHERE `id` = 57 LIMIT 1   [ RunTime:0.0000s ]
SQL: SELECT * FROM `album` WHERE `id` = 59 LIMIT 1   [ RunTime:0.0000s ]
SQL: SELECT * FROM `album` WHERE `id` = 60 LIMIT 1   [ RunTime:0.0000s ]
SQL: SELECT * FROM `album` WHERE `id` = 61 LIMIT 1   [ RunTime:0.0010s ]
SQL: SELECT * FROM `album` WHERE `id` = 47 LIMIT 1   [ RunTime:0.0000s ]
SQL: SELECT * FROM `album` WHERE `id` = 46 LIMIT 1   [ RunTime:0.0000s ]
SQL: SELECT * FROM `album` WHERE `id` = 45 LIMIT 1   [ RunTime:0.0000s ]
SQL: SELECT * FROM `album` WHERE `id` = 44 LIMIT 1   [ RunTime:0.0000s ]
SQL: SELECT * FROM `meal` WHERE `pho_id` = 2 ORDER BY price asc LIMIT 1   [ RunTime:0.0000s ]
SQL: SELECT COUNT(*) AS tp_count FROM `collect` WHERE `node_id` = 2 AND `type` = 0 LIMIT 1   [ RunTime:0.0000s ]
SQL: SELECT `id` FROM `collect` WHERE `type` = 0 AND `node_id` = 2 AND `user_id` = 1 LIMIT 1   [ RunTime:0.0000s ]
SQL: SELECT COUNT(*) AS tp_count FROM `report` WHERE `pho_id` = 2 LIMIT 1   [ RunTime:0.0000s ]
SQL: SELECT * FROM `task` WHERE `id` = 1 LIMIT 1   [ RunTime:0.0010s ]
SQL: SELECT * FROM `region` WHERE `id` = 0 LIMIT 1   [ RunTime:0.0000s ]
SQL: SELECT COUNT(*) AS tp_count FROM `join` WHERE `task_id` = 1 LIMIT 1   [ RunTime:0.0000s ]
SQL: SELECT `id` FROM `album` WHERE `type` = 0 AND `type_id` = 1 ORDER BY add_time desc LIMIT 20   [ RunTime:0.0010s ]
SQL: SELECT * FROM `album` WHERE `id` = 13 LIMIT 1   [ RunTime:0.0000s ]
SQL: SELECT * FROM `album` WHERE `id` = 7 LIMIT 1   [ RunTime:0.0000s ]
SQL: SELECT * FROM `album` WHERE `id` = 1 LIMIT 1   [ RunTime:0.0000s ]
SQL: SELECT * FROM `album` WHERE `id` = 2 LIMIT 1   [ RunTime:0.0000s ]
SQL: SELECT * FROM `user` WHERE `id` = 2 LIMIT 1   [ RunTime:0.0010s ]
SQL: SELECT COUNT(*) AS tp_count FROM `album` WHERE `user_id` = 2 LIMIT 1   [ RunTime:0.0000s ]
SQL: SELECT `path` FROM `album` WHERE `user_id` = 2 ORDER BY id desc LIMIT 3   [ RunTime:0.0000s ]
SQL: SELECT * FROM `pho` WHERE `id` = 2 LIMIT 1   [ RunTime:0.0010s ]
SQL: SELECT * FROM `join` WHERE `id` = 2 LIMIT 1   [ RunTime:0.0000s ]
SQL: SELECT * FROM `user` WHERE `id` = 2 LIMIT 1   [ RunTime:0.0000s ]
SQL: SELECT COUNT(*) AS tp_count FROM `album` WHERE `user_id` = 2 LIMIT 1   [ RunTime:0.0000s ]
SQL: SELECT `path` FROM `album` WHERE `user_id` = 2 ORDER BY id desc LIMIT 3   [ RunTime:0.0000s ]
SQL: SELECT * FROM `pho` WHERE `id` = 2 LIMIT 1   [ RunTime:0.0010s ]
SQL: SELECT * FROM `pho` WHERE `id` = 2 LIMIT 1   [ RunTime:0.0000s ]
SQL: SELECT * FROM `user` WHERE `id` = 2 LIMIT 1   [ RunTime:0.0000s ]
SQL: SELECT COUNT(*) AS tp_count FROM `album` WHERE `user_id` = 2 LIMIT 1   [ RunTime:0.0000s ]
SQL: SELECT `path` FROM `album` WHERE `user_id` = 2 ORDER BY id desc LIMIT 3   [ RunTime:0.0000s ]
SQL: SELECT * FROM `pho` WHERE `id` = 2 LIMIT 1   [ RunTime:0.0010s ]
SQL: SELECT * FROM `region` WHERE `id` = 2 LIMIT 1   [ RunTime:0.0000s ]
SQL: SELECT * FROM `region` WHERE `id` = 2 LIMIT 1   [ RunTime:0.0000s ]
SQL: SELECT `id` FROM `album` WHERE `type_id` = 2 ORDER BY add_time desc LIMIT 20   [ RunTime:0.0010s ]
SQL: SELECT * FROM `album` WHERE `id` = 54 LIMIT 1   [ RunTime:0.0000s ]
SQL: SELECT * FROM `album` WHERE `id` = 52 LIMIT 1   [ RunTime:0.0010s ]
SQL: SELECT * FROM `album` WHERE `id` = 51 LIMIT 1   [ RunTime:0.0000s ]
SQL: SELECT * FROM `album` WHERE `id` = 50 LIMIT 1   [ RunTime:0.0000s ]
SQL: SELECT * FROM `album` WHERE `id` = 49 LIMIT 1   [ RunTime:0.0000s ]
SQL: SELECT * FROM `album` WHERE `id` = 62 LIMIT 1   [ RunTime:0.0000s ]
SQL: SELECT * FROM `album` WHERE `id` = 53 LIMIT 1   [ RunTime:0.0000s ]
SQL: SELECT * FROM `album` WHERE `id` = 64 LIMIT 1   [ RunTime:0.0000s ]
SQL: SELECT * FROM `album` WHERE `id` = 63 LIMIT 1   [ RunTime:0.0000s ]
SQL: SELECT * FROM `album` WHERE `id` = 58 LIMIT 1   [ RunTime:0.0010s ]
SQL: SELECT * FROM `album` WHERE `id` = 55 LIMIT 1   [ RunTime:0.0000s ]
SQL: SELECT * FROM `album` WHERE `id` = 56 LIMIT 1   [ RunTime:0.0010s ]
SQL: SELECT * FROM `album` WHERE `id` = 57 LIMIT 1   [ RunTime:0.0000s ]
SQL: SELECT * FROM `album` WHERE `id` = 59 LIMIT 1   [ RunTime:0.0000s ]
SQL: SELECT * FROM `album` WHERE `id` = 60 LIMIT 1   [ RunTime:0.0000s ]
SQL: SELECT * FROM `album` WHERE `id` = 61 LIMIT 1   [ RunTime:0.0000s ]
SQL: SELECT * FROM `album` WHERE `id` = 47 LIMIT 1   [ RunTime:0.0010s ]
SQL: SELECT * FROM `album` WHERE `id` = 46 LIMIT 1   [ RunTime:0.0000s ]
SQL: SELECT * FROM `album` WHERE `id` = 45 LIMIT 1   [ RunTime:0.0000s ]
SQL: SELECT * FROM `album` WHERE `id` = 44 LIMIT 1   [ RunTime:0.0000s ]
SQL: SELECT * FROM `meal` WHERE `pho_id` = 2 ORDER BY price asc LIMIT 1   [ RunTime:0.0000s ]
SQL: SELECT COUNT(*) AS tp_count FROM `collect` WHERE `node_id` = 2 AND `type` = 0 LIMIT 1   [ RunTime:0.0000s ]
SQL: SELECT `id` FROM `collect` WHERE `type` = 0 AND `node_id` = 2 AND `user_id` = 1 LIMIT 1   [ RunTime:0.0000s ]
SQL: SELECT COUNT(*) AS tp_count FROM `report` WHERE `pho_id` = 2 LIMIT 1   [ RunTime:0.0000s ]
SQL: SELECT * FROM `task` WHERE `id` = 5 LIMIT 1   [ RunTime:0.0000s ]
SQL: SELECT * FROM `region` WHERE `id` = 2 LIMIT 1   [ RunTime:0.0010s ]
SQL: SELECT COUNT(*) AS tp_count FROM `join` WHERE `task_id` = 5 LIMIT 1   [ RunTime:0.0000s ]
SQL: SELECT `id` FROM `album` WHERE `type` = 0 AND `type_id` = 5 ORDER BY add_time desc LIMIT 20   [ RunTime:0.0000s ]
SQL: SELECT * FROM `album` WHERE `id` = 75 LIMIT 1   [ RunTime:0.0000s ]
SQL: SELECT * FROM `album` WHERE `id` = 12 LIMIT 1   [ RunTime:0.0000s ]
SQL: SELECT * FROM `user` WHERE `id` = 2 LIMIT 1   [ RunTime:0.0000s ]
SQL: SELECT COUNT(*) AS tp_count FROM `album` WHERE `user_id` = 2 LIMIT 1   [ RunTime:0.0000s ]
SQL: SELECT `path` FROM `album` WHERE `user_id` = 2 ORDER BY id desc LIMIT 3   [ RunTime:0.0000s ]
SQL: SELECT * FROM `pho` WHERE `id` = 2 LIMIT 1   [ RunTime:0.0000s ]
SQL: SELECT * FROM `join` WHERE `id` = 1 LIMIT 1   [ RunTime:0.0010s ]
SQL: SELECT * FROM `user` WHERE `id` = 1 LIMIT 1   [ RunTime:0.0000s ]
SQL: SELECT COUNT(*) AS tp_count FROM `album` WHERE `user_id` = 1 LIMIT 1   [ RunTime:0.0000s ]
SQL: SELECT `path` FROM `album` WHERE `user_id` = 1 ORDER BY id desc LIMIT 3   [ RunTime:0.0010s ]
SQL: SELECT * FROM `pho` WHERE `id` = 1 LIMIT 1   [ RunTime:0.0000s ]
SQL: SELECT * FROM `pho` WHERE `id` = 1 LIMIT 1   [ RunTime:0.0000s ]
SQL: SELECT * FROM `user` WHERE `id` = 1 LIMIT 1   [ RunTime:0.0010s ]
SQL: SELECT COUNT(*) AS tp_count FROM `album` WHERE `user_id` = 1 LIMIT 1   [ RunTime:0.0000s ]
SQL: SELECT `path` FROM `album` WHERE `user_id` = 1 ORDER BY id desc LIMIT 3   [ RunTime:0.0000s ]
SQL: SELECT * FROM `pho` WHERE `id` = 1 LIMIT 1   [ RunTime:0.0010s ]
SQL: SELECT * FROM `region` WHERE `id` = 2 LIMIT 1   [ RunTime:0.0000s ]
SQL: SELECT * FROM `region` WHERE `id` = 2 LIMIT 1   [ RunTime:0.0000s ]
SQL: SELECT `id` FROM `album` WHERE `type_id` = 1 ORDER BY add_time desc LIMIT 20   [ RunTime:0.0000s ]
SQL: SELECT * FROM `album` WHERE `id` = 13 LIMIT 1   [ RunTime:0.0010s ]
SQL: SELECT * FROM `album` WHERE `id` = 7 LIMIT 1   [ RunTime:0.0000s ]
SQL: SELECT * FROM `album` WHERE `id` = 1 LIMIT 1   [ RunTime:0.0000s ]
SQL: SELECT * FROM `album` WHERE `id` = 2 LIMIT 1   [ RunTime:0.0000s ]
SQL: SELECT * FROM `meal` WHERE `pho_id` = 1 ORDER BY price asc LIMIT 1   [ RunTime:0.0000s ]
SQL: SELECT COUNT(*) AS tp_count FROM `collect` WHERE `node_id` = 1 AND `type` = 0 LIMIT 1   [ RunTime:0.0000s ]
SQL: SELECT `id` FROM `collect` WHERE `type` = 0 AND `node_id` = 1 AND `user_id` = 1 LIMIT 1   [ RunTime:0.0000s ]
SQL: SELECT COUNT(*) AS tp_count FROM `report` WHERE `pho_id` = 1 LIMIT 1   [ RunTime:0.0000s ]
SQL: SELECT * FROM `task` WHERE `id` = 4 LIMIT 1   [ RunTime:0.0000s ]
SQL: SELECT * FROM `region` WHERE `id` = 2 LIMIT 1   [ RunTime:0.0000s ]
SQL: SELECT COUNT(*) AS tp_count FROM `join` WHERE `task_id` = 4 LIMIT 1   [ RunTime:0.0000s ]
SQL: SELECT `id` FROM `album` WHERE `type` = 0 AND `type_id` = 4 ORDER BY add_time desc LIMIT 20   [ RunTime:0.0000s ]
SQL: SELECT * FROM `album` WHERE `id` = 71 LIMIT 1   [ RunTime:0.0000s ]
SQL: SELECT * FROM `album` WHERE `id` = 72 LIMIT 1   [ RunTime:0.0000s ]
SQL: SELECT * FROM `album` WHERE `id` = 73 LIMIT 1   [ RunTime:0.0000s ]
SQL: SELECT * FROM `album` WHERE `id` = 74 LIMIT 1   [ RunTime:0.0010s ]
SQL: SELECT * FROM `album` WHERE `id` = 69 LIMIT 1   [ RunTime:0.0000s ]
SQL: SELECT * FROM `album` WHERE `id` = 70 LIMIT 1   [ RunTime:0.0000s ]
SQL: SELECT * FROM `album` WHERE `id` = 16 LIMIT 1   [ RunTime:0.0000s ]
SQL: SELECT * FROM `album` WHERE `id` = 11 LIMIT 1   [ RunTime:0.0000s ]
SQL: SELECT * FROM `user` WHERE `id` = 3 LIMIT 1   [ RunTime:0.0000s ]

