[ 2017-04-10T10:56:46+08:00 ] 127.0.0.1 /
WARN: Home/Controller/IndexController
[ 2017-04-10T10:56:46+08:00 ] 127.0.0.1 /
WARN: Home/Model/PhoModel
[ 2017-04-10T10:56:46+08:00 ] 127.0.0.1 /
WARN: Common.Model.PhoModel
[ 2017-04-10T10:56:46+08:00 ] 127.0.0.1 /
WARN: Common.Model.BaseModel
[ 2017-04-10T10:56:46+08:00 ] 127.0.0.1 /
WARN: Home/Model/TaskModel
[ 2017-04-10T10:56:46+08:00 ] 127.0.0.1 /
WARN: Common.Model.TaskModel
[ 2017-04-10T10:56:46+08:00 ] 127.0.0.1 /
WARN: Home/Model/CategoryModel
[ 2017-04-10T10:56:46+08:00 ] 127.0.0.1 /
WARN: Common.Model.CategoryModel
[ 2017-04-10T10:56:46+08:00 ] 127.0.0.1 /
WARN: Home/Model/UserModel
[ 2017-04-10T10:56:46+08:00 ] 127.0.0.1 /
WARN: Common.Model.UserModel
[ 2017-04-10T10:56:46+08:00 ] 127.0.0.1 /
WARN: Org.Util.Validator
[ 2017-04-10T10:56:46+08:00 ] 127.0.0.1 /
WARN: Home/Model/AlbumModel
[ 2017-04-10T10:56:46+08:00 ] 127.0.0.1 /
WARN: Common.Model.AlbumModel
[ 2017-04-10T10:56:46+08:00 ] 127.0.0.1 /
WARN: Home/Model/RegionModel
[ 2017-04-10T10:56:46+08:00 ] 127.0.0.1 /
WARN: Common.Model.RegionModel
[ 2017-04-10T10:56:46+08:00 ] 127.0.0.1 /
WARN: Home/Model/MealModel
[ 2017-04-10T10:56:46+08:00 ] 127.0.0.1 /
WARN: Common.Model.MealModel
[ 2017-04-10T10:56:46+08:00 ] 127.0.0.1 /
WARN: Home/Model/CollectModel
[ 2017-04-10T10:56:46+08:00 ] 127.0.0.1 /
WARN: Common.Model.CollectModel
[ 2017-04-10T10:56:46+08:00 ] 127.0.0.1 /
SQL: SHOW COLUMNS FROM `pho` [ RunTime:0.0050s ]
SQL: SHOW COLUMNS FROM `task` [ RunTime:0.0030s ]
SQL: SHOW COLUMNS FROM `category` [ RunTime:0.0040s ]
SQL: SELECT `id` FROM `category` WHERE `type` = 1 ORDER BY rank,id  [ RunTime:0.0000s ]
SQL: SELECT `id` FROM `category` WHERE `type` = 2 ORDER BY rank,id  [ RunTime:0.0000s ]
SQL: SELECT * FROM `category` WHERE `id` = 2 LIMIT 1   [ RunTime:0.0010s ]
SQL: SELECT * FROM `category` WHERE `id` = 3 LIMIT 1   [ RunTime:0.0000s ]
SQL: SELECT * FROM `category` WHERE `id` = 1 LIMIT 1   [ RunTime:0.0000s ]
SQL: SELECT if(city = "",1,0) as eqcity,`id` FROM `pho` WHERE `status` = 1 ORDER BY eqcity desc,star desc LIMIT 10   [ RunTime:0.0000s ]
SQL: SELECT * FROM `pho` WHERE `id` = 2 LIMIT 1   [ RunTime:0.0000s ]
SQL: SHOW COLUMNS FROM `user` [ RunTime:0.0040s ]
SQL: SELECT * FROM `user` WHERE `id` = 2 LIMIT 1   [ RunTime:0.0000s ]
SQL: SHOW COLUMNS FROM `album` [ RunTime:0.0040s ]
SQL: SELECT COUNT(*) AS tp_count FROM `album` WHERE `user_id` = 2 LIMIT 1   [ RunTime:0.0000s ]
SQL: SELECT `path` FROM `album` WHERE `user_id` = 2 ORDER BY id desc LIMIT 3   [ RunTime:0.0000s ]
SQL: SHOW COLUMNS FROM `region` [ RunTime:0.0040s ]
SQL: SELECT * FROM `region` WHERE `id` = 2 LIMIT 1   [ RunTime:0.0000s ]
SQL: SELECT * FROM `pho` WHERE `id` = 2 LIMIT 1   [ RunTime:0.0010s ]
SQL: SELECT * FROM `region` WHERE `id` = 0 LIMIT 1   [ RunTime:0.0000s ]
SQL: SELECT * FROM `region` WHERE `id` = 2 LIMIT 1   [ RunTime:0.0000s ]
SQL: SELECT `id` FROM `album` WHERE `type_id` = 2 ORDER BY add_time desc LIMIT 20   [ RunTime:0.0000s ]
SQL: SELECT * FROM `album` WHERE `id` = 54 LIMIT 1   [ RunTime:0.0010s ]
SQL: SELECT * FROM `album` WHERE `id` = 52 LIMIT 1   [ RunTime:0.0000s ]
SQL: SELECT * FROM `album` WHERE `id` = 51 LIMIT 1   [ RunTime:0.0000s ]
SQL: SELECT * FROM `album` WHERE `id` = 50 LIMIT 1   [ RunTime:0.0010s ]
SQL: SELECT * FROM `album` WHERE `id` = 49 LIMIT 1   [ RunTime:0.0000s ]
SQL: SELECT * FROM `album` WHERE `id` = 62 LIMIT 1   [ RunTime:0.0000s ]
SQL: SELECT * FROM `album` WHERE `id` = 53 LIMIT 1   [ RunTime:0.0010s ]
SQL: SELECT * FROM `album` WHERE `id` = 64 LIMIT 1   [ RunTime:0.0000s ]
SQL: SELECT * FROM `album` WHERE `id` = 63 LIMIT 1   [ RunTime:0.0000s ]
SQL: SELECT * FROM `album` WHERE `id` = 58 LIMIT 1   [ RunTime:0.0010s ]
SQL: SELECT * FROM `album` WHERE `id` = 55 LIMIT 1   [ RunTime:0.0000s ]
SQL: SELECT * FROM `album` WHERE `id` = 56 LIMIT 1   [ RunTime:0.0000s ]
SQL: SELECT * FROM `album` WHERE `id` = 57 LIMIT 1   [ RunTime:0.0000s ]
SQL: SELECT * FROM `album` WHERE `id` = 59 LIMIT 1   [ RunTime:0.0000s ]
SQL: SELECT * FROM `album` WHERE `id` = 60 LIMIT 1   [ RunTime:0.0010s ]
SQL: SELECT * FROM `album` WHERE `id` = 61 LIMIT 1   [ RunTime:0.0000s ]
SQL: SELECT * FROM `album` WHERE `id` = 47 LIMIT 1   [ RunTime:0.0000s ]
SQL: SELECT * FROM `album` WHERE `id` = 46 LIMIT 1   [ RunTime:0.0010s ]
SQL: SELECT * FROM `album` WHERE `id` = 45 LIMIT 1   [ RunTime:0.0000s ]
SQL: SELECT * FROM `album` WHERE `id` = 44 LIMIT 1   [ RunTime:0.0000s ]
SQL: SHOW COLUMNS FROM `meal` [ RunTime:0.0040s ]
SQL: SELECT `id` FROM `category` WHERE `type` = 2 ORDER BY rank,id  [ RunTime:0.0000s ]
SQL: SELECT * FROM `category` WHERE `id` = 2 LIMIT 1   [ RunTime:0.0000s ]
SQL: SELECT * FROM `category` WHERE `id` = 3 LIMIT 1   [ RunTime:0.0000s ]
SQL: SELECT * FROM `category` WHERE `id` = 1 LIMIT 1   [ RunTime:0.0000s ]
SQL: SELECT * FROM `meal` WHERE `pho_id` = 2 AND `status` = 0 ORDER BY price asc LIMIT 1   [ RunTime:0.0000s ]
SQL: SHOW COLUMNS FROM `collect` [ RunTime:0.0040s ]
SQL: SELECT COUNT(*) AS tp_count FROM `collect` WHERE `node_id` = 2 AND `type` = 0 LIMIT 1   [ RunTime:0.0000s ]
ERR: Too few arguments to function CollectModel::isCollect(), 1 passed in G:\workplace\php\thinkApp\shixinda\Application\Common\Model\PhoModel.class.php on line 150 and at least 2 expected

[ 2017-04-10T10:57:41+08:00 ] 127.0.0.1 /
WARN: Home/Controller/IndexController
[ 2017-04-10T10:57:41+08:00 ] 127.0.0.1 /
WARN: Home/Model/PhoModel
[ 2017-04-10T10:57:41+08:00 ] 127.0.0.1 /
WARN: Common.Model.PhoModel
[ 2017-04-10T10:57:41+08:00 ] 127.0.0.1 /
WARN: Common.Model.BaseModel
[ 2017-04-10T10:57:41+08:00 ] 127.0.0.1 /
WARN: Home/Model/TaskModel
[ 2017-04-10T10:57:41+08:00 ] 127.0.0.1 /
WARN: Common.Model.TaskModel
[ 2017-04-10T10:57:41+08:00 ] 127.0.0.1 /
WARN: Home/Model/CategoryModel
[ 2017-04-10T10:57:41+08:00 ] 127.0.0.1 /
WARN: Common.Model.CategoryModel
[ 2017-04-10T10:57:41+08:00 ] 127.0.0.1 /
WARN: Home/Model/UserModel
[ 2017-04-10T10:57:41+08:00 ] 127.0.0.1 /
WARN: Common.Model.UserModel
[ 2017-04-10T10:57:41+08:00 ] 127.0.0.1 /
WARN: Org.Util.Validator
[ 2017-04-10T10:57:41+08:00 ] 127.0.0.1 /
WARN: Home/Model/AlbumModel
[ 2017-04-10T10:57:41+08:00 ] 127.0.0.1 /
WARN: Common.Model.AlbumModel
[ 2017-04-10T10:57:41+08:00 ] 127.0.0.1 /
WARN: Home/Model/RegionModel
[ 2017-04-10T10:57:41+08:00 ] 127.0.0.1 /
WARN: Common.Model.RegionModel
[ 2017-04-10T10:57:41+08:00 ] 127.0.0.1 /
WARN: Home/Model/MealModel
[ 2017-04-10T10:57:41+08:00 ] 127.0.0.1 /
WARN: Common.Model.MealModel
[ 2017-04-10T10:57:41+08:00 ] 127.0.0.1 /
WARN: Home/Model/CollectModel
[ 2017-04-10T10:57:41+08:00 ] 127.0.0.1 /
WARN: Common.Model.CollectModel
[ 2017-04-10T10:57:41+08:00 ] 127.0.0.1 /
WARN: Home/Model/ReportModel
[ 2017-04-10T10:57:41+08:00 ] 127.0.0.1 /
WARN: Common.Model.ReportModel
[ 2017-04-10T10:57:41+08:00 ] 127.0.0.1 /
WARN: Home/Model/SlideModel
[ 2017-04-10T10:57:41+08:00 ] 127.0.0.1 /
WARN: Common.Model.SlideModel
[ 2017-04-10T10:57:41+08:00 ] 127.0.0.1 /
WARN: Home/Model/JoinModel
[ 2017-04-10T10:57:41+08:00 ] 127.0.0.1 /
WARN: Common.Model.JoinModel
[ 2017-04-10T10:57:41+08:00 ] 127.0.0.1 /
SQL: SHOW COLUMNS FROM `pho` [ RunTime:0.0040s ]
SQL: SHOW COLUMNS FROM `task` [ RunTime:0.0030s ]
SQL: SHOW COLUMNS FROM `category` [ RunTime:0.0040s ]
SQL: SELECT `id` FROM `category` WHERE `type` = 1 ORDER BY rank,id  [ RunTime:0.0000s ]
SQL: SELECT `id` FROM `category` WHERE `type` = 2 ORDER BY rank,id  [ RunTime:0.0000s ]
SQL: SELECT * FROM `category` WHERE `id` = 2 LIMIT 1   [ RunTime:0.0000s ]
SQL: SELECT * FROM `category` WHERE `id` = 3 LIMIT 1   [ RunTime:0.0000s ]
SQL: SELECT * FROM `category` WHERE `id` = 1 LIMIT 1   [ RunTime:0.0010s ]
SQL: SELECT if(city = "",1,0) as eqcity,`id` FROM `pho` WHERE `status` = 1 ORDER BY eqcity desc,star desc LIMIT 10   [ RunTime:0.0000s ]
SQL: SELECT * FROM `pho` WHERE `id` = 2 LIMIT 1   [ RunTime:0.0000s ]
SQL: SHOW COLUMNS FROM `user` [ RunTime:0.0040s ]
SQL: SELECT * FROM `user` WHERE `id` = 2 LIMIT 1   [ RunTime:0.0010s ]
SQL: SHOW COLUMNS FROM `album` [ RunTime:0.0040s ]
SQL: SELECT COUNT(*) AS tp_count FROM `album` WHERE `user_id` = 2 LIMIT 1   [ RunTime:0.0000s ]
SQL: SELECT `path` FROM `album` WHERE `user_id` = 2 ORDER BY id desc LIMIT 3   [ RunTime:0.0000s ]
SQL: SHOW COLUMNS FROM `region` [ RunTime:0.0030s ]
SQL: SELECT * FROM `region` WHERE `id` = 2 LIMIT 1   [ RunTime:0.0000s ]
SQL: SELECT * FROM `pho` WHERE `id` = 2 LIMIT 1   [ RunTime:0.0000s ]
SQL: SELECT * FROM `region` WHERE `id` = 0 LIMIT 1   [ RunTime:0.0000s ]
SQL: SELECT * FROM `region` WHERE `id` = 2 LIMIT 1   [ RunTime:0.0000s ]
SQL: SELECT `id` FROM `album` WHERE `type_id` = 2 ORDER BY add_time desc LIMIT 20   [ RunTime:0.0010s ]
SQL: SELECT * FROM `album` WHERE `id` = 54 LIMIT 1   [ RunTime:0.0000s ]
SQL: SELECT * FROM `album` WHERE `id` = 52 LIMIT 1   [ RunTime:0.0000s ]
SQL: SELECT * FROM `album` WHERE `id` = 51 LIMIT 1   [ RunTime:0.0000s ]
SQL: SELECT * FROM `album` WHERE `id` = 50 LIMIT 1   [ RunTime:0.0000s ]
SQL: SELECT * FROM `album` WHERE `id` = 49 LIMIT 1   [ RunTime:0.0000s ]
SQL: SELECT * FROM `album` WHERE `id` = 62 LIMIT 1   [ RunTime:0.0000s ]
SQL: SELECT * FROM `album` WHERE `id` = 53 LIMIT 1   [ RunTime:0.0000s ]
SQL: SELECT * FROM `album` WHERE `id` = 64 LIMIT 1   [ RunTime:0.0010s ]
SQL: SELECT * FROM `album` WHERE `id` = 63 LIMIT 1   [ RunTime:0.0000s ]
SQL: SELECT * FROM `album` WHERE `id` = 58 LIMIT 1   [ RunTime:0.0000s ]
SQL: SELECT * FROM `album` WHERE `id` = 55 LIMIT 1   [ RunTime:0.0010s ]
SQL: SELECT * FROM `album` WHERE `id` = 56 LIMIT 1   [ RunTime:0.0000s ]
SQL: SELECT * FROM `album` WHERE `id` = 57 LIMIT 1   [ RunTime:0.0000s ]
SQL: SELECT * FROM `album` WHERE `id` = 59 LIMIT 1   [ RunTime:0.0010s ]
SQL: SELECT * FROM `album` WHERE `id` = 60 LIMIT 1   [ RunTime:0.0000s ]
SQL: SELECT * FROM `album` WHERE `id` = 61 LIMIT 1   [ RunTime:0.0000s ]
SQL: SELECT * FROM `album` WHERE `id` = 47 LIMIT 1   [ RunTime:0.0000s ]
SQL: SELECT * FROM `album` WHERE `id` = 46 LIMIT 1   [ RunTime:0.0000s ]
SQL: SELECT * FROM `album` WHERE `id` = 45 LIMIT 1   [ RunTime:0.0000s ]
SQL: SELECT * FROM `album` WHERE `id` = 44 LIMIT 1   [ RunTime:0.0000s ]
SQL: SHOW COLUMNS FROM `meal` [ RunTime:0.0040s ]
SQL: SELECT `id` FROM `category` WHERE `type` = 2 ORDER BY rank,id  [ RunTime:0.0000s ]
SQL: SELECT * FROM `category` WHERE `id` = 2 LIMIT 1   [ RunTime:0.0000s ]
SQL: SELECT * FROM `category` WHERE `id` = 3 LIMIT 1   [ RunTime:0.0000s ]
SQL: SELECT * FROM `category` WHERE `id` = 1 LIMIT 1   [ RunTime:0.0000s ]
SQL: SELECT * FROM `meal` WHERE `pho_id` = 2 AND `status` = 0 ORDER BY price asc LIMIT 1   [ RunTime:0.0010s ]
SQL: SHOW COLUMNS FROM `collect` [ RunTime:0.0040s ]
SQL: SELECT COUNT(*) AS tp_count FROM `collect` WHERE `node_id` = 2 AND `type` = 0 LIMIT 1   [ RunTime:0.0000s ]
SQL: SHOW COLUMNS FROM `report` [ RunTime:0.0030s ]
SQL: SELECT COUNT(*) AS tp_count FROM `report` WHERE `pho_id` = 2 LIMIT 1   [ RunTime:0.0010s ]
SQL: SELECT `id` FROM `meal` WHERE `status` < 1 ORDER BY add_time desc LIMIT 5   [ RunTime:0.0000s ]
SQL: SELECT * FROM `meal` WHERE `id` = 6 LIMIT 1   [ RunTime:0.0000s ]
SQL: SELECT * FROM `region` WHERE `id` = 1 LIMIT 1   [ RunTime:0.0010s ]
SQL: SELECT * FROM `pho` WHERE `id` = 4 LIMIT 1   [ RunTime:0.0000s ]
SQL: SELECT `id` FROM `album` WHERE `type` = 1 AND `type_id` = 6 ORDER BY add_time desc LIMIT 20   [ RunTime:0.0000s ]
SQL: SELECT * FROM `album` WHERE `id` = 78 LIMIT 1   [ RunTime:0.0000s ]
SQL: SELECT COUNT(*) AS tp_count FROM `collect` WHERE `node_id` = 6 AND `type` = 1 LIMIT 1   [ RunTime:0.0000s ]
SQL: SELECT * FROM `meal` WHERE `id` = 5 LIMIT 1   [ RunTime:0.0000s ]
SQL: SELECT * FROM `region` WHERE `id` = 2 LIMIT 1   [ RunTime:0.0000s ]
SQL: SELECT * FROM `pho` WHERE `id` = 2 LIMIT 1   [ RunTime:0.0010s ]
SQL: SELECT * FROM `user` WHERE `id` = 2 LIMIT 1   [ RunTime:0.0000s ]
SQL: SELECT COUNT(*) AS tp_count FROM `album` WHERE `user_id` = 2 LIMIT 1   [ RunTime:0.0000s ]
SQL: SELECT `path` FROM `album` WHERE `user_id` = 2 ORDER BY id desc LIMIT 3   [ RunTime:0.0000s ]
SQL: SELECT * FROM `region` WHERE `id` = 2 LIMIT 1   [ RunTime:0.0010s ]
SQL: SELECT * FROM `pho` WHERE `id` = 2 LIMIT 1   [ RunTime:0.0000s ]
SQL: SELECT * FROM `region` WHERE `id` = 0 LIMIT 1   [ RunTime:0.0000s ]
SQL: SELECT * FROM `region` WHERE `id` = 2 LIMIT 1   [ RunTime:0.0000s ]
SQL: SELECT `id` FROM `album` WHERE `type_id` = 2 ORDER BY add_time desc LIMIT 20   [ RunTime:0.0010s ]
SQL: SELECT * FROM `album` WHERE `id` = 54 LIMIT 1   [ RunTime:0.0000s ]
SQL: SELECT * FROM `album` WHERE `id` = 52 LIMIT 1   [ RunTime:0.0000s ]
SQL: SELECT * FROM `album` WHERE `id` = 51 LIMIT 1   [ RunTime:0.0000s ]
SQL: SELECT * FROM `album` WHERE `id` = 50 LIMIT 1   [ RunTime:0.0000s ]
SQL: SELECT * FROM `album` WHERE `id` = 49 LIMIT 1   [ RunTime:0.0000s ]
SQL: SELECT * FROM `album` WHERE `id` = 62 LIMIT 1   [ RunTime:0.0000s ]
SQL: SELECT * FROM `album` WHERE `id` = 53 LIMIT 1   [ RunTime:0.0010s ]
SQL: SELECT * FROM `album` WHERE `id` = 64 LIMIT 1   [ RunTime:0.0000s ]
SQL: SELECT * FROM `album` WHERE `id` = 63 LIMIT 1   [ RunTime:0.0000s ]
SQL: SELECT * FROM `album` WHERE `id` = 58 LIMIT 1   [ RunTime:0.0010s ]
SQL: SELECT * FROM `album` WHERE `id` = 55 LIMIT 1   [ RunTime:0.0000s ]
SQL: SELECT * FROM `album` WHERE `id` = 56 LIMIT 1   [ RunTime:0.0000s ]
SQL: SELECT * FROM `album` WHERE `id` = 57 LIMIT 1   [ RunTime:0.0000s ]
SQL: SELECT * FROM `album` WHERE `id` = 59 LIMIT 1   [ RunTime:0.0000s ]
SQL: SELECT * FROM `album` WHERE `id` = 60 LIMIT 1   [ RunTime:0.0010s ]
SQL: SELECT * FROM `album` WHERE `id` = 61 LIMIT 1   [ RunTime:0.0000s ]
SQL: SELECT * FROM `album` WHERE `id` = 47 LIMIT 1   [ RunTime:0.0000s ]
SQL: SELECT * FROM `album` WHERE `id` = 46 LIMIT 1   [ RunTime:0.0000s ]
SQL: SELECT * FROM `album` WHERE `id` = 45 LIMIT 1   [ RunTime:0.0000s ]
SQL: SELECT * FROM `album` WHERE `id` = 44 LIMIT 1   [ RunTime:0.0010s ]
SQL: SELECT * FROM `meal` WHERE `pho_id` = 2 AND `status` = 0 ORDER BY price asc LIMIT 1   [ RunTime:0.0000s ]
SQL: SELECT COUNT(*) AS tp_count FROM `collect` WHERE `node_id` = 2 AND `type` = 0 LIMIT 1   [ RunTime:0.0000s ]
SQL: SELECT COUNT(*) AS tp_count FROM `report` WHERE `pho_id` = 2 LIMIT 1   [ RunTime:0.0000s ]
SQL: SELECT `id` FROM `album` WHERE `type` = 1 AND `type_id` = 5 ORDER BY add_time desc LIMIT 20   [ RunTime:0.0000s ]
SQL: SELECT * FROM `album` WHERE `id` = 76 LIMIT 1   [ RunTime:0.0000s ]
SQL: SELECT COUNT(*) AS tp_count FROM `collect` WHERE `node_id` = 5 AND `type` = 1 LIMIT 1   [ RunTime:0.0000s ]
SQL: SELECT * FROM `meal` WHERE `id` = 3 LIMIT 1   [ RunTime:0.0010s ]
SQL: SELECT * FROM `region` WHERE `id` = 0 LIMIT 1   [ RunTime:0.0000s ]
SQL: SELECT * FROM `pho` WHERE `id` = 2 LIMIT 1   [ RunTime:0.0000s ]
SQL: SELECT * FROM `user` WHERE `id` = 2 LIMIT 1   [ RunTime:0.0000s ]
SQL: SELECT COUNT(*) AS tp_count FROM `album` WHERE `user_id` = 2 LIMIT 1   [ RunTime:0.0010s ]
SQL: SELECT `path` FROM `album` WHERE `user_id` = 2 ORDER BY id desc LIMIT 3   [ RunTime:0.0000s ]
SQL: SELECT * FROM `region` WHERE `id` = 2 LIMIT 1   [ RunTime:0.0000s ]
SQL: SELECT * FROM `pho` WHERE `id` = 2 LIMIT 1   [ RunTime:0.0000s ]
SQL: SELECT * FROM `region` WHERE `id` = 0 LIMIT 1   [ RunTime:0.0000s ]
SQL: SELECT * FROM `region` WHERE `id` = 2 LIMIT 1   [ RunTime:0.0000s ]
SQL: SELECT `id` FROM `album` WHERE `type_id` = 2 ORDER BY add_time desc LIMIT 20   [ RunTime:0.0000s ]
SQL: SELECT * FROM `album` WHERE `id` = 54 LIMIT 1   [ RunTime:0.0000s ]
SQL: SELECT * FROM `album` WHERE `id` = 52 LIMIT 1   [ RunTime:0.0000s ]
SQL: SELECT * FROM `album` WHERE `id` = 51 LIMIT 1   [ RunTime:0.0000s ]
SQL: SELECT * FROM `album` WHERE `id` = 50 LIMIT 1   [ RunTime:0.0000s ]
SQL: SELECT * FROM `album` WHERE `id` = 49 LIMIT 1   [ RunTime:0.0000s ]
SQL: SELECT * FROM `album` WHERE `id` = 62 LIMIT 1   [ RunTime:0.0010s ]
SQL: SELECT * FROM `album` WHERE `id` = 53 LIMIT 1   [ RunTime:0.0000s ]
SQL: SELECT * FROM `album` WHERE `id` = 64 LIMIT 1   [ RunTime:0.0000s ]
SQL: SELECT * FROM `album` WHERE `id` = 63 LIMIT 1   [ RunTime:0.0000s ]
SQL: SELECT * FROM `album` WHERE `id` = 58 LIMIT 1   [ RunTime:0.0000s ]
SQL: SELECT * FROM `album` WHERE `id` = 55 LIMIT 1   [ RunTime:0.0000s ]
SQL: SELECT * FROM `album` WHERE `id` = 56 LIMIT 1   [ RunTime:0.0000s ]
SQL: SELECT * FROM `album` WHERE `id` = 57 LIMIT 1   [ RunTime:0.0000s ]
SQL: SELECT * FROM `album` WHERE `id` = 59 LIMIT 1   [ RunTime:0.0000s ]
SQL: SELECT * FROM `album` WHERE `id` = 60 LIMIT 1   [ RunTime:0.0000s ]
SQL: SELECT * FROM `album` WHERE `id` = 61 LIMIT 1   [ RunTime:0.0000s ]
SQL: SELECT * FROM `album` WHERE `id` = 47 LIMIT 1   [ RunTime:0.0000s ]
SQL: SELECT * FROM `album` WHERE `id` = 46 LIMIT 1   [ RunTime:0.0000s ]
SQL: SELECT * FROM `album` WHERE `id` = 45 LIMIT 1   [ RunTime:0.0000s ]
SQL: SELECT * FROM `album` WHERE `id` = 44 LIMIT 1   [ RunTime:0.0000s ]
SQL: SELECT * FROM `meal` WHERE `pho_id` = 2 AND `status` = 0 ORDER BY price asc LIMIT 1   [ RunTime:0.0000s ]
SQL: SELECT COUNT(*) AS tp_count FROM `collect` WHERE `node_id` = 2 AND `type` = 0 LIMIT 1   [ RunTime:0.0000s ]
SQL: SELECT COUNT(*) AS tp_count FROM `report` WHERE `pho_id` = 2 LIMIT 1   [ RunTime:0.0010s ]
SQL: SELECT `id` FROM `album` WHERE `type` = 1 AND `type_id` = 3 ORDER BY add_time desc LIMIT 20   [ RunTime:0.0000s ]
SQL: SELECT * FROM `album` WHERE `id` = 9 LIMIT 1   [ RunTime:0.0000s ]
SQL: SELECT COUNT(*) AS tp_count FROM `collect` WHERE `node_id` = 3 AND `type` = 1 LIMIT 1   [ RunTime:0.0000s ]
SQL: SELECT `id` FROM `meal` WHERE `id` NOT IN ('6','5','3') AND `status` < 1 ORDER BY star desc LIMIT 5   [ RunTime:0.0000s ]
SQL: SHOW COLUMNS FROM `slide` [ RunTime:0.0040s ]
SQL: SELECT `id` FROM `slide` ORDER BY rank LIMIT 5   [ RunTime:0.0010s ]
SQL: SELECT * FROM `slide` WHERE `id` = 1 LIMIT 1   [ RunTime:0.0000s ]
SQL: SELECT * FROM `task` WHERE `id` = 1 LIMIT 1   [ RunTime:0.0000s ]
SQL: SELECT * FROM `region` WHERE `id` = 2 LIMIT 1   [ RunTime:0.0010s ]
SQL: SHOW COLUMNS FROM `join` [ RunTime:0.0030s ]
SQL: SELECT COUNT(*) AS tp_count FROM `join` WHERE `task_id` = 1 LIMIT 1   [ RunTime:0.0010s ]
SQL: SELECT `id` FROM `album` WHERE `type` = 0 AND `type_id` = 1 ORDER BY add_time desc LIMIT 20   [ RunTime:0.0000s ]
SQL: SELECT * FROM `album` WHERE `id` = 117 LIMIT 1   [ RunTime:0.0000s ]
SQL: SELECT * FROM `album` WHERE `id` = 115 LIMIT 1   [ RunTime:0.0000s ]
SQL: SELECT * FROM `album` WHERE `id` = 114 LIMIT 1   [ RunTime:0.0000s ]
SQL: SELECT * FROM `album` WHERE `id` = 113 LIMIT 1   [ RunTime:0.0000s ]
SQL: SELECT * FROM `album` WHERE `id` = 112 LIMIT 1   [ RunTime:0.0000s ]
SQL: SELECT * FROM `album` WHERE `id` = 125 LIMIT 1   [ RunTime:0.0000s ]
SQL: SELECT * FROM `album` WHERE `id` = 116 LIMIT 1   [ RunTime:0.0010s ]
SQL: SELECT * FROM `album` WHERE `id` = 127 LIMIT 1   [ RunTime:0.0000s ]
SQL: SELECT * FROM `album` WHERE `id` = 126 LIMIT 1   [ RunTime:0.0000s ]
SQL: SELECT * FROM `album` WHERE `id` = 121 LIMIT 1   [ RunTime:0.0010s ]
SQL: SELECT * FROM `album` WHERE `id` = 118 LIMIT 1   [ RunTime:0.0000s ]
SQL: SELECT * FROM `album` WHERE `id` = 119 LIMIT 1   [ RunTime:0.0000s ]
SQL: SELECT * FROM `album` WHERE `id` = 120 LIMIT 1   [ RunTime:0.0010s ]
SQL: SELECT * FROM `album` WHERE `id` = 122 LIMIT 1   [ RunTime:0.0000s ]
SQL: SELECT * FROM `album` WHERE `id` = 123 LIMIT 1   [ RunTime:0.0000s ]
SQL: SELECT * FROM `album` WHERE `id` = 124 LIMIT 1   [ RunTime:0.0000s ]
SQL: SELECT * FROM `album` WHERE `id` = 110 LIMIT 1   [ RunTime:0.0000s ]
SQL: SELECT * FROM `album` WHERE `id` = 109 LIMIT 1   [ RunTime:0.0000s ]
SQL: SELECT * FROM `album` WHERE `id` = 108 LIMIT 1   [ RunTime:0.0000s ]
SQL: SELECT * FROM `album` WHERE `id` = 107 LIMIT 1   [ RunTime:0.0010s ]
SQL: SELECT * FROM `user` WHERE `id` = 2 LIMIT 1   [ RunTime:0.0000s ]
SQL: SELECT COUNT(*) AS tp_count FROM `album` WHERE `user_id` = 2 LIMIT 1   [ RunTime:0.0000s ]
SQL: SELECT `path` FROM `album` WHERE `user_id` = 2 ORDER BY id desc LIMIT 3   [ RunTime:0.0000s ]
SQL: SELECT * FROM `region` WHERE `id` = 2 LIMIT 1   [ RunTime:0.0010s ]
SQL: SELECT * FROM `pho` WHERE `id` = 2 LIMIT 1   [ RunTime:0.0000s ]
SQL: SELECT * FROM `slide` WHERE `id` = 2 LIMIT 1   [ RunTime:0.0000s ]
SQL: SELECT * FROM `meal` WHERE `id` = 1 LIMIT 1   [ RunTime:0.0000s ]
SQL: SELECT * FROM `region` WHERE `id` = 2 LIMIT 1   [ RunTime:0.0010s ]
SQL: SELECT * FROM `pho` WHERE `id` = 1 LIMIT 1   [ RunTime:0.0000s ]
SQL: SELECT * FROM `user` WHERE `id` = 1 LIMIT 1   [ RunTime:0.0000s ]
SQL: SELECT COUNT(*) AS tp_count FROM `album` WHERE `user_id` = 1 LIMIT 1   [ RunTime:0.0000s ]
SQL: SELECT `path` FROM `album` WHERE `user_id` = 1 ORDER BY id desc LIMIT 3   [ RunTime:0.0000s ]
SQL: SELECT * FROM `region` WHERE `id` = 0 LIMIT 1   [ RunTime:0.0000s ]
SQL: SELECT * FROM `pho` WHERE `id` = 1 LIMIT 1   [ RunTime:0.0000s ]
SQL: SELECT * FROM `region` WHERE `id` = 2 LIMIT 1   [ RunTime:0.0000s ]
SQL: SELECT * FROM `region` WHERE `id` = 2 LIMIT 1   [ RunTime:0.0000s ]
SQL: SELECT `id` FROM `album` WHERE `type_id` = 1 ORDER BY add_time desc LIMIT 20   [ RunTime:0.0000s ]
SQL: SELECT * FROM `album` WHERE `id` = 117 LIMIT 1   [ RunTime:0.0000s ]
SQL: SELECT * FROM `album` WHERE `id` = 115 LIMIT 1   [ RunTime:0.0000s ]
SQL: SELECT * FROM `album` WHERE `id` = 114 LIMIT 1   [ RunTime:0.0000s ]
SQL: SELECT * FROM `album` WHERE `id` = 113 LIMIT 1   [ RunTime:0.0010s ]
SQL: SELECT * FROM `album` WHERE `id` = 112 LIMIT 1   [ RunTime:0.0000s ]
SQL: SELECT * FROM `album` WHERE `id` = 125 LIMIT 1   [ RunTime:0.0000s ]
SQL: SELECT * FROM `album` WHERE `id` = 116 LIMIT 1   [ RunTime:0.0000s ]
SQL: SELECT * FROM `album` WHERE `id` = 127 LIMIT 1   [ RunTime:0.0000s ]
SQL: SELECT * FROM `album` WHERE `id` = 126 LIMIT 1   [ RunTime:0.0000s ]
SQL: SELECT * FROM `album` WHERE `id` = 121 LIMIT 1   [ RunTime:0.0000s ]
SQL: SELECT * FROM `album` WHERE `id` = 118 LIMIT 1   [ RunTime:0.0000s ]
SQL: SELECT * FROM `album` WHERE `id` = 119 LIMIT 1   [ RunTime:0.0000s ]
SQL: SELECT * FROM `album` WHERE `id` = 120 LIMIT 1   [ RunTime:0.0010s ]
SQL: SELECT * FROM `album` WHERE `id` = 122 LIMIT 1   [ RunTime:0.0000s ]
SQL: SELECT * FROM `album` WHERE `id` = 123 LIMIT 1   [ RunTime:0.0000s ]
SQL: SELECT * FROM `album` WHERE `id` = 124 LIMIT 1   [ RunTime:0.0000s ]
SQL: SELECT * FROM `album` WHERE `id` = 110 LIMIT 1   [ RunTime:0.0000s ]
SQL: SELECT * FROM `album` WHERE `id` = 109 LIMIT 1   [ RunTime:0.0010s ]
SQL: SELECT * FROM `album` WHERE `id` = 108 LIMIT 1   [ RunTime:0.0000s ]
SQL: SELECT * FROM `album` WHERE `id` = 107 LIMIT 1   [ RunTime:0.0000s ]
SQL: SELECT * FROM `meal` WHERE `pho_id` = 1 AND `status` = 0 ORDER BY price asc LIMIT 1   [ RunTime:0.0010s ]
SQL: SELECT COUNT(*) AS tp_count FROM `collect` WHERE `node_id` = 1 AND `type` = 0 LIMIT 1   [ RunTime:0.0000s ]
SQL: SELECT COUNT(*) AS tp_count FROM `report` WHERE `pho_id` = 1 LIMIT 1   [ RunTime:0.0000s ]
SQL: SELECT `id` FROM `album` WHERE `type` = 1 AND `type_id` = 1 ORDER BY add_time desc LIMIT 20   [ RunTime:0.0000s ]
SQL: SELECT COUNT(*) AS tp_count FROM `collect` WHERE `node_id` = 1 AND `type` = 1 LIMIT 1   [ RunTime:0.0000s ]
SQL: SELECT * FROM `slide` WHERE `id` = 3 LIMIT 1   [ RunTime:0.0000s ]
SQL: SELECT * FROM `task` WHERE `id` = 5 LIMIT 1   [ RunTime:0.0000s ]
SQL: SELECT * FROM `region` WHERE `id` = 2 LIMIT 1   [ RunTime:0.0010s ]
SQL: SELECT COUNT(*) AS tp_count FROM `join` WHERE `task_id` = 5 LIMIT 1   [ RunTime:0.0000s ]
SQL: SELECT `id` FROM `album` WHERE `type` = 0 AND `type_id` = 5 ORDER BY add_time desc LIMIT 20   [ RunTime:0.0000s ]
SQL: SELECT * FROM `album` WHERE `id` = 75 LIMIT 1   [ RunTime:0.0000s ]
SQL: SELECT * FROM `album` WHERE `id` = 12 LIMIT 1   [ RunTime:0.0010s ]
SQL: SELECT * FROM `user` WHERE `id` = 2 LIMIT 1   [ RunTime:0.0000s ]
SQL: SELECT COUNT(*) AS tp_count FROM `album` WHERE `user_id` = 2 LIMIT 1   [ RunTime:0.0000s ]
SQL: SELECT `path` FROM `album` WHERE `user_id` = 2 ORDER BY id desc LIMIT 3   [ RunTime:0.0010s ]
SQL: SELECT * FROM `region` WHERE `id` = 2 LIMIT 1   [ RunTime:0.0000s ]
SQL: SELECT * FROM `pho` WHERE `id` = 2 LIMIT 1   [ RunTime:0.0000s ]
SQL: SELECT * FROM `slide` WHERE `id` = 5 LIMIT 1   [ RunTime:0.0000s ]
SQL: SELECT * FROM `slide` WHERE `id` = 4 LIMIT 1   [ RunTime:0.0000s ]
SQL: SELECT COUNT(*) AS tp_count FROM `meal` WHERE `id` NOT IN ('6','5','3') AND `status` < 1 LIMIT 1   [ RunTime:0.0000s ]
SQL: SELECT `id` FROM `meal` WHERE `id` NOT IN ('6','5','3') AND `status` < 1 ORDER BY id desc LIMIT 0,15   [ RunTime:0.0000s ]

[ 2017-04-10T10:58:46+08:00 ] 127.0.0.1 /
WARN: Home/Controller/IndexController
[ 2017-04-10T10:59:24+08:00 ] 127.0.0.1 /
WARN: Home/Controller/IndexController
[ 2017-04-10T16:37:54+08:00 ] 127.0.0.1 /
WARN: Home/Controller/IndexController
[ 2017-04-10T16:38:07+08:00 ] 127.0.0.1 /Public/js/jquery.min.js
WARN: Home/Controller/PublicController
[ 2017-04-10T16:38:07+08:00 ] 127.0.0.1 /Public/js/bootstrap.min.js
WARN: Home/Controller/PublicController
[ 2017-04-10T16:38:21+08:00 ] 127.0.0.1 /Public/js/jquery.min.js
WARN: Home/Controller/PublicController
[ 2017-04-10T16:38:21+08:00 ] 127.0.0.1 /Public/js/bootstrap.min.js
WARN: Home/Controller/PublicController
[ 2017-04-10T16:50:32+08:00 ] 127.0.0.1 /Public/js/jquery.min.js
WARN: Home/Controller/PublicController
[ 2017-04-10T16:50:32+08:00 ] 127.0.0.1 /Public/js/bootstrap.min.js
WARN: Home/Controller/PublicController
