[ 2016-09-10T14:17:25+08:00 ] 127.0.0.1 /Admin/Run/slideEdit
SQL: SHOW COLUMNS FROM `user` [ RunTime:0.0040s ]
SQL: SHOW COLUMNS FROM `slide` [ RunTime:0.0030s ]

[ 2016-09-10T14:20:39+08:00 ] 127.0.0.1 /Admin/Run/slideEdit
SQL: SHOW COLUMNS FROM `user` [ RunTime:0.0050s ]
SQL: SHOW COLUMNS FROM `slide` [ RunTime:0.0040s ]

[ 2016-09-10T14:21:48+08:00 ] 127.0.0.1 /Admin/Run/slideEdit
SQL: SHOW COLUMNS FROM `user` [ RunTime:0.0040s ]
SQL: SHOW COLUMNS FROM `slide` [ RunTime:0.0030s ]

[ 2016-09-10T14:23:00+08:00 ] 127.0.0.1 /Admin/Run/slideEdit
SQL: SHOW COLUMNS FROM `user` [ RunTime:0.0050s ]
SQL: SHOW COLUMNS FROM `slide` [ RunTime:0.0030s ]

[ 2016-09-10T14:23:16+08:00 ] 127.0.0.1 /Admin/Run/slideEdit
SQL: SHOW COLUMNS FROM `user` [ RunTime:0.0040s ]
SQL: SHOW COLUMNS FROM `slide` [ RunTime:0.0030s ]

[ 2016-09-10T14:23:32+08:00 ] 127.0.0.1 /Admin/Run/slideEdit/id/1
SQL: SHOW COLUMNS FROM `user` [ RunTime:0.0050s ]
SQL: SHOW COLUMNS FROM `slide` [ RunTime:0.0040s ]
SQL: SELECT * FROM `slide` WHERE `id` = 1 LIMIT 1   [ RunTime:0.0000s ]
SQL: SHOW COLUMNS FROM `task` [ RunTime:0.0030s ]
SQL: SHOW COLUMNS FROM `category` [ RunTime:0.0030s ]
SQL: SELECT `id` FROM `category` WHERE `type` = 1 ORDER BY rank,id  [ RunTime:0.0000s ]
SQL: SELECT * FROM `task` WHERE `id` = 1 LIMIT 1   [ RunTime:0.0000s ]
SQL: SHOW COLUMNS FROM `region` [ RunTime:0.0090s ]
SQL: SELECT * FROM `region` WHERE `id` = 0 LIMIT 1   [ RunTime:0.0000s ]
SQL: SHOW COLUMNS FROM `join` [ RunTime:0.0040s ]
SQL: SELECT COUNT(*) AS tp_count FROM `join` WHERE `task_id` = 1 LIMIT 1   [ RunTime:0.0000s ]
SQL: SHOW COLUMNS FROM `album` [ RunTime:0.0040s ]
SQL: SELECT `id` FROM `album` WHERE `type` = 0 AND `type_id` = 1 ORDER BY add_time desc LIMIT 20   [ RunTime:0.0000s ]
SQL: SELECT * FROM `album` WHERE `id` = 13 LIMIT 1   [ RunTime:0.0000s ]
SQL: SELECT * FROM `album` WHERE `id` = 7 LIMIT 1   [ RunTime:0.0000s ]
SQL: SELECT * FROM `album` WHERE `id` = 1 LIMIT 1   [ RunTime:0.0010s ]
SQL: SELECT * FROM `album` WHERE `id` = 2 LIMIT 1   [ RunTime:0.0000s ]
SQL: SELECT * FROM `user` WHERE `id` = 2 LIMIT 1   [ RunTime:0.0010s ]
SQL: SELECT COUNT(*) AS tp_count FROM `album` WHERE `user_id` = 2 LIMIT 1   [ RunTime:0.0000s ]
SQL: SELECT `path` FROM `album` WHERE `user_id` = 2 ORDER BY id desc LIMIT 3   [ RunTime:0.0000s ]
SQL: SHOW COLUMNS FROM `pho` [ RunTime:0.0040s ]
SQL: SELECT `id` FROM `category` WHERE `type` = 2 ORDER BY rank,id  [ RunTime:0.0000s ]
SQL: SELECT * FROM `category` WHERE `id` = 2 LIMIT 1   [ RunTime:0.0000s ]
SQL: SELECT * FROM `category` WHERE `id` = 3 LIMIT 1   [ RunTime:0.0010s ]
SQL: SELECT * FROM `category` WHERE `id` = 1 LIMIT 1   [ RunTime:0.0000s ]
SQL: SELECT * FROM `pho` WHERE `id` = 2 LIMIT 1   [ RunTime:0.0000s ]

[ 2016-09-10T14:25:09+08:00 ] 127.0.0.1 /Admin/Run/slideEdit
SQL: SHOW COLUMNS FROM `user` [ RunTime:0.0040s ]
SQL: SHOW COLUMNS FROM `slide` [ RunTime:0.0040s ]

[ 2016-09-10T14:32:57+08:00 ] 127.0.0.1 /Admin/Run/slideEdit/id/1
SQL: SHOW COLUMNS FROM `user` [ RunTime:0.0050s ]
SQL: SHOW COLUMNS FROM `slide` [ RunTime:0.0050s ]
SQL: SELECT * FROM `slide` WHERE `id` = 1 LIMIT 1   [ RunTime:0.0000s ]
SQL: SHOW COLUMNS FROM `task` [ RunTime:0.0060s ]
SQL: SHOW COLUMNS FROM `category` [ RunTime:0.0050s ]
SQL: SELECT `id` FROM `category` WHERE `type` = 1 ORDER BY rank,id  [ RunTime:0.0010s ]
SQL: SELECT * FROM `task` WHERE `id` = 1 LIMIT 1   [ RunTime:0.0000s ]
SQL: SHOW COLUMNS FROM `region` [ RunTime:0.0050s ]
SQL: SELECT * FROM `region` WHERE `id` = 0 LIMIT 1   [ RunTime:0.0000s ]
SQL: SHOW COLUMNS FROM `join` [ RunTime:0.0050s ]
SQL: SELECT COUNT(*) AS tp_count FROM `join` WHERE `task_id` = 1 LIMIT 1   [ RunTime:0.0010s ]
SQL: SHOW COLUMNS FROM `album` [ RunTime:0.0050s ]
SQL: SELECT `id` FROM `album` WHERE `type` = 0 AND `type_id` = 1 ORDER BY add_time desc LIMIT 20   [ RunTime:0.0000s ]
SQL: SELECT * FROM `album` WHERE `id` = 13 LIMIT 1   [ RunTime:0.0000s ]
SQL: SELECT * FROM `album` WHERE `id` = 7 LIMIT 1   [ RunTime:0.0000s ]
SQL: SELECT * FROM `album` WHERE `id` = 1 LIMIT 1   [ RunTime:0.0000s ]
SQL: SELECT * FROM `album` WHERE `id` = 2 LIMIT 1   [ RunTime:0.0010s ]
SQL: SELECT * FROM `user` WHERE `id` = 2 LIMIT 1   [ RunTime:0.0000s ]
SQL: SELECT COUNT(*) AS tp_count FROM `album` WHERE `user_id` = 2 LIMIT 1   [ RunTime:0.0000s ]
SQL: SELECT `path` FROM `album` WHERE `user_id` = 2 ORDER BY id desc LIMIT 3   [ RunTime:0.0000s ]
SQL: SHOW COLUMNS FROM `pho` [ RunTime:0.0050s ]
SQL: SELECT `id` FROM `category` WHERE `type` = 2 ORDER BY rank,id  [ RunTime:0.0000s ]
SQL: SELECT * FROM `category` WHERE `id` = 2 LIMIT 1   [ RunTime:0.0010s ]
SQL: SELECT * FROM `category` WHERE `id` = 3 LIMIT 1   [ RunTime:0.0000s ]
SQL: SELECT * FROM `category` WHERE `id` = 1 LIMIT 1   [ RunTime:0.0010s ]
SQL: SELECT * FROM `pho` WHERE `id` = 2 LIMIT 1   [ RunTime:0.0000s ]

[ 2016-09-10T14:40:28+08:00 ] 127.0.0.1 /Admin/Run/slideEdit/id/1
SQL: SHOW COLUMNS FROM `user` [ RunTime:0.0050s ]
SQL: SHOW COLUMNS FROM `slide` [ RunTime:0.0060s ]
SQL: SELECT * FROM `slide` WHERE `id` = 1 LIMIT 1   [ RunTime:0.0010s ]
SQL: SHOW COLUMNS FROM `task` [ RunTime:0.0050s ]
SQL: SHOW COLUMNS FROM `category` [ RunTime:0.0050s ]
SQL: SELECT `id` FROM `category` WHERE `type` = 1 ORDER BY rank,id  [ RunTime:0.0000s ]
SQL: SELECT * FROM `task` WHERE `id` = 1 LIMIT 1   [ RunTime:0.0000s ]
SQL: SHOW COLUMNS FROM `region` [ RunTime:0.0050s ]
SQL: SELECT * FROM `region` WHERE `id` = 0 LIMIT 1   [ RunTime:0.0000s ]
SQL: SHOW COLUMNS FROM `join` [ RunTime:0.0050s ]
SQL: SELECT COUNT(*) AS tp_count FROM `join` WHERE `task_id` = 1 LIMIT 1   [ RunTime:0.0000s ]
SQL: SHOW COLUMNS FROM `album` [ RunTime:0.0050s ]
SQL: SELECT `id` FROM `album` WHERE `type` = 0 AND `type_id` = 1 ORDER BY add_time desc LIMIT 20   [ RunTime:0.0000s ]
SQL: SELECT * FROM `album` WHERE `id` = 13 LIMIT 1   [ RunTime:0.0000s ]
SQL: SELECT * FROM `album` WHERE `id` = 7 LIMIT 1   [ RunTime:0.0000s ]
SQL: SELECT * FROM `album` WHERE `id` = 1 LIMIT 1   [ RunTime:0.0010s ]
SQL: SELECT * FROM `album` WHERE `id` = 2 LIMIT 1   [ RunTime:0.0000s ]
SQL: SELECT * FROM `user` WHERE `id` = 2 LIMIT 1   [ RunTime:0.0000s ]
SQL: SELECT COUNT(*) AS tp_count FROM `album` WHERE `user_id` = 2 LIMIT 1   [ RunTime:0.0000s ]
SQL: SELECT `path` FROM `album` WHERE `user_id` = 2 ORDER BY id desc LIMIT 3   [ RunTime:0.0000s ]
SQL: SHOW COLUMNS FROM `pho` [ RunTime:0.0050s ]
SQL: SELECT `id` FROM `category` WHERE `type` = 2 ORDER BY rank,id  [ RunTime:0.0000s ]
SQL: SELECT * FROM `category` WHERE `id` = 2 LIMIT 1   [ RunTime:0.0010s ]
SQL: SELECT * FROM `category` WHERE `id` = 3 LIMIT 1   [ RunTime:0.0000s ]
SQL: SELECT * FROM `category` WHERE `id` = 1 LIMIT 1   [ RunTime:0.0000s ]
SQL: SELECT * FROM `pho` WHERE `id` = 2 LIMIT 1   [ RunTime:0.0000s ]

[ 2016-09-10T14:40:42+08:00 ] 127.0.0.1 /Admin/Run/slideEdit/id/2
SQL: SHOW COLUMNS FROM `user` [ RunTime:0.0050s ]
SQL: SHOW COLUMNS FROM `slide` [ RunTime:0.0050s ]
SQL: SELECT * FROM `slide` WHERE `id` = 2 LIMIT 1   [ RunTime:0.0000s ]
SQL: SHOW COLUMNS FROM `meal` [ RunTime:0.0060s ]
SQL: SHOW COLUMNS FROM `category` [ RunTime:0.0050s ]
SQL: SELECT `id` FROM `category` WHERE `type` = 2 ORDER BY rank,id  [ RunTime:0.0000s ]
SQL: SELECT * FROM `category` WHERE `id` = 2 LIMIT 1   [ RunTime:0.0010s ]
SQL: SELECT * FROM `category` WHERE `id` = 3 LIMIT 1   [ RunTime:0.0000s ]
SQL: SELECT * FROM `category` WHERE `id` = 1 LIMIT 1   [ RunTime:0.0000s ]
SQL: SHOW COLUMNS FROM `task` [ RunTime:0.0060s ]
SQL: SELECT `id` FROM `category` WHERE `type` = 1 ORDER BY rank,id  [ RunTime:0.0000s ]
SQL: SELECT * FROM `meal` WHERE `id` = 1 LIMIT 1   [ RunTime:0.0000s ]
SQL: SHOW COLUMNS FROM `region` [ RunTime:0.0040s ]
SQL: SELECT * FROM `region` WHERE `id` = 2 LIMIT 1   [ RunTime:0.0010s ]
SQL: SHOW COLUMNS FROM `pho` [ RunTime:0.0050s ]
SQL: SELECT `id` FROM `category` WHERE `type` = 2 ORDER BY rank,id  [ RunTime:0.0000s ]
SQL: SELECT * FROM `category` WHERE `id` = 2 LIMIT 1   [ RunTime:0.0000s ]
SQL: SELECT * FROM `category` WHERE `id` = 3 LIMIT 1   [ RunTime:0.0000s ]
SQL: SELECT * FROM `category` WHERE `id` = 1 LIMIT 1   [ RunTime:0.0000s ]
SQL: SELECT * FROM `pho` WHERE `id` = 1 LIMIT 1   [ RunTime:0.0000s ]
SQL: SHOW COLUMNS FROM `album` [ RunTime:0.0050s ]
SQL: SELECT `id` FROM `album` WHERE `type` = 1 AND `type_id` = 1 ORDER BY add_time desc LIMIT 20   [ RunTime:0.0010s ]
SQL: SHOW COLUMNS FROM `collect` [ RunTime:0.0050s ]
SQL: SELECT COUNT(*) AS tp_count FROM `collect` WHERE `node_id` = 1 AND `type` = 1 LIMIT 1   [ RunTime:0.0000s ]
SQL: SELECT `id` FROM `collect` WHERE `type` = 1 AND `node_id` = 1 AND `user_id` = 1 LIMIT 1   [ RunTime:0.0010s ]

[ 2016-09-10T14:41:14+08:00 ] 127.0.0.1 /Admin/Run/slideEdit/id/2
SQL: SHOW COLUMNS FROM `user` [ RunTime:0.0120s ]
SQL: SHOW COLUMNS FROM `slide` [ RunTime:0.0060s ]
SQL: SELECT * FROM `slide` WHERE `id` = 2 LIMIT 1   [ RunTime:0.0000s ]
SQL: SHOW COLUMNS FROM `meal` [ RunTime:0.0050s ]
SQL: SHOW COLUMNS FROM `category` [ RunTime:0.0070s ]
SQL: SELECT `id` FROM `category` WHERE `type` = 2 ORDER BY rank,id  [ RunTime:0.0000s ]
SQL: SELECT * FROM `category` WHERE `id` = 2 LIMIT 1   [ RunTime:0.0000s ]
SQL: SELECT * FROM `category` WHERE `id` = 3 LIMIT 1   [ RunTime:0.0000s ]
SQL: SELECT * FROM `category` WHERE `id` = 1 LIMIT 1   [ RunTime:0.0000s ]
SQL: SHOW COLUMNS FROM `task` [ RunTime:0.0050s ]
SQL: SELECT `id` FROM `category` WHERE `type` = 1 ORDER BY rank,id  [ RunTime:0.0000s ]
SQL: SELECT * FROM `meal` WHERE `id` = 1 LIMIT 1   [ RunTime:0.0010s ]
SQL: SHOW COLUMNS FROM `region` [ RunTime:0.0050s ]
SQL: SELECT * FROM `region` WHERE `id` = 2 LIMIT 1   [ RunTime:0.0010s ]
SQL: SHOW COLUMNS FROM `pho` [ RunTime:0.0050s ]
SQL: SELECT `id` FROM `category` WHERE `type` = 2 ORDER BY rank,id  [ RunTime:0.0000s ]
SQL: SELECT * FROM `category` WHERE `id` = 2 LIMIT 1   [ RunTime:0.0010s ]
SQL: SELECT * FROM `category` WHERE `id` = 3 LIMIT 1   [ RunTime:0.0000s ]
SQL: SELECT * FROM `category` WHERE `id` = 1 LIMIT 1   [ RunTime:0.0010s ]
SQL: SELECT * FROM `pho` WHERE `id` = 1 LIMIT 1   [ RunTime:0.0000s ]
SQL: SHOW COLUMNS FROM `album` [ RunTime:0.0050s ]
SQL: SELECT `id` FROM `album` WHERE `type` = 1 AND `type_id` = 1 ORDER BY add_time desc LIMIT 20   [ RunTime:0.0000s ]
SQL: SHOW COLUMNS FROM `collect` [ RunTime:0.0050s ]
SQL: SELECT COUNT(*) AS tp_count FROM `collect` WHERE `node_id` = 1 AND `type` = 1 LIMIT 1   [ RunTime:0.0000s ]
SQL: SELECT `id` FROM `collect` WHERE `type` = 1 AND `node_id` = 1 AND `user_id` = 1 LIMIT 1   [ RunTime:0.0000s ]

[ 2016-09-10T14:41:31+08:00 ] 127.0.0.1 /Admin/Run/slideEdit/id/1
SQL: SHOW COLUMNS FROM `user` [ RunTime:0.0050s ]
SQL: SHOW COLUMNS FROM `slide` [ RunTime:0.0040s ]
SQL: SELECT * FROM `slide` WHERE `id` = 1 LIMIT 1   [ RunTime:0.0000s ]
SQL: SHOW COLUMNS FROM `task` [ RunTime:0.0050s ]
SQL: SHOW COLUMNS FROM `category` [ RunTime:0.0050s ]
SQL: SELECT `id` FROM `category` WHERE `type` = 1 ORDER BY rank,id  [ RunTime:0.0000s ]
SQL: SELECT * FROM `task` WHERE `id` = 1 LIMIT 1   [ RunTime:0.0010s ]
SQL: SHOW COLUMNS FROM `region` [ RunTime:0.0050s ]
SQL: SELECT * FROM `region` WHERE `id` = 0 LIMIT 1   [ RunTime:0.0000s ]
SQL: SHOW COLUMNS FROM `join` [ RunTime:0.0060s ]
SQL: SELECT COUNT(*) AS tp_count FROM `join` WHERE `task_id` = 1 LIMIT 1   [ RunTime:0.0000s ]
SQL: SHOW COLUMNS FROM `album` [ RunTime:0.0050s ]
SQL: SELECT `id` FROM `album` WHERE `type` = 0 AND `type_id` = 1 ORDER BY add_time desc LIMIT 20   [ RunTime:0.0000s ]
SQL: SELECT * FROM `album` WHERE `id` = 13 LIMIT 1   [ RunTime:0.0010s ]
SQL: SELECT * FROM `album` WHERE `id` = 7 LIMIT 1   [ RunTime:0.0000s ]
SQL: SELECT * FROM `album` WHERE `id` = 1 LIMIT 1   [ RunTime:0.0000s ]
SQL: SELECT * FROM `album` WHERE `id` = 2 LIMIT 1   [ RunTime:0.0000s ]
SQL: SELECT * FROM `user` WHERE `id` = 2 LIMIT 1   [ RunTime:0.0000s ]
SQL: SELECT COUNT(*) AS tp_count FROM `album` WHERE `user_id` = 2 LIMIT 1   [ RunTime:0.0010s ]
SQL: SELECT `path` FROM `album` WHERE `user_id` = 2 ORDER BY id desc LIMIT 3   [ RunTime:0.0000s ]
SQL: SHOW COLUMNS FROM `pho` [ RunTime:0.0050s ]
SQL: SELECT `id` FROM `category` WHERE `type` = 2 ORDER BY rank,id  [ RunTime:0.0000s ]
SQL: SELECT * FROM `category` WHERE `id` = 2 LIMIT 1   [ RunTime:0.0010s ]
SQL: SELECT * FROM `category` WHERE `id` = 3 LIMIT 1   [ RunTime:0.0000s ]
SQL: SELECT * FROM `category` WHERE `id` = 1 LIMIT 1   [ RunTime:0.0010s ]
SQL: SELECT * FROM `pho` WHERE `id` = 2 LIMIT 1   [ RunTime:0.0000s ]

[ 2016-09-10T14:42:17+08:00 ] 127.0.0.1 /Admin/Run/slideEdit/id/1
SQL: SHOW COLUMNS FROM `user` [ RunTime:0.0050s ]
SQL: SHOW COLUMNS FROM `slide` [ RunTime:0.0050s ]
SQL: SELECT * FROM `slide` WHERE `id` = 1 LIMIT 1   [ RunTime:0.0000s ]
SQL: SHOW COLUMNS FROM `task` [ RunTime:0.0050s ]
SQL: SHOW COLUMNS FROM `category` [ RunTime:0.0050s ]
SQL: SELECT `id` FROM `category` WHERE `type` = 1 ORDER BY rank,id  [ RunTime:0.0010s ]
SQL: SELECT * FROM `task` WHERE `id` = 1 LIMIT 1   [ RunTime:0.0000s ]
SQL: SHOW COLUMNS FROM `region` [ RunTime:0.0060s ]
SQL: SELECT * FROM `region` WHERE `id` = 0 LIMIT 1   [ RunTime:0.0000s ]
SQL: SHOW COLUMNS FROM `join` [ RunTime:0.0050s ]
SQL: SELECT COUNT(*) AS tp_count FROM `join` WHERE `task_id` = 1 LIMIT 1   [ RunTime:0.0000s ]
SQL: SHOW COLUMNS FROM `album` [ RunTime:0.0040s ]
SQL: SELECT `id` FROM `album` WHERE `type` = 0 AND `type_id` = 1 ORDER BY add_time desc LIMIT 20   [ RunTime:0.0000s ]
SQL: SELECT * FROM `album` WHERE `id` = 13 LIMIT 1   [ RunTime:0.0000s ]
SQL: SELECT * FROM `album` WHERE `id` = 7 LIMIT 1   [ RunTime:0.0000s ]
SQL: SELECT * FROM `album` WHERE `id` = 1 LIMIT 1   [ RunTime:0.0010s ]
SQL: SELECT * FROM `album` WHERE `id` = 2 LIMIT 1   [ RunTime:0.0000s ]
SQL: SELECT * FROM `user` WHERE `id` = 2 LIMIT 1   [ RunTime:0.0000s ]
SQL: SELECT COUNT(*) AS tp_count FROM `album` WHERE `user_id` = 2 LIMIT 1   [ RunTime:0.0000s ]
SQL: SELECT `path` FROM `album` WHERE `user_id` = 2 ORDER BY id desc LIMIT 3   [ RunTime:0.0000s ]
SQL: SHOW COLUMNS FROM `pho` [ RunTime:0.0050s ]
SQL: SELECT `id` FROM `category` WHERE `type` = 2 ORDER BY rank,id  [ RunTime:0.0000s ]
SQL: SELECT * FROM `category` WHERE `id` = 2 LIMIT 1   [ RunTime:0.0010s ]
SQL: SELECT * FROM `category` WHERE `id` = 3 LIMIT 1   [ RunTime:0.0000s ]
SQL: SELECT * FROM `category` WHERE `id` = 1 LIMIT 1   [ RunTime:0.0010s ]
SQL: SELECT * FROM `pho` WHERE `id` = 2 LIMIT 1   [ RunTime:0.0000s ]

[ 2016-09-10T14:42:53+08:00 ] 127.0.0.1 /Admin/Run/slideEdit/id/1
SQL: SHOW COLUMNS FROM `user` [ RunTime:0.0050s ]
SQL: SHOW COLUMNS FROM `slide` [ RunTime:0.0050s ]
SQL: SELECT * FROM `slide` WHERE `id` = 1 LIMIT 1   [ RunTime:0.0000s ]
SQL: SHOW COLUMNS FROM `task` [ RunTime:0.0170s ]
SQL: SHOW COLUMNS FROM `category` [ RunTime:0.0040s ]
SQL: SELECT `id` FROM `category` WHERE `type` = 1 ORDER BY rank,id  [ RunTime:0.0000s ]
SQL: SELECT * FROM `task` WHERE `id` = 1 LIMIT 1   [ RunTime:0.0000s ]
SQL: SHOW COLUMNS FROM `region` [ RunTime:0.0050s ]
SQL: SELECT * FROM `region` WHERE `id` = 0 LIMIT 1   [ RunTime:0.0000s ]
SQL: SHOW COLUMNS FROM `join` [ RunTime:0.0050s ]
SQL: SELECT COUNT(*) AS tp_count FROM `join` WHERE `task_id` = 1 LIMIT 1   [ RunTime:0.0000s ]
SQL: SHOW COLUMNS FROM `album` [ RunTime:0.0050s ]
SQL: SELECT `id` FROM `album` WHERE `type` = 0 AND `type_id` = 1 ORDER BY add_time desc LIMIT 20   [ RunTime:0.0010s ]
SQL: SELECT * FROM `album` WHERE `id` = 13 LIMIT 1   [ RunTime:0.0000s ]
SQL: SELECT * FROM `album` WHERE `id` = 7 LIMIT 1   [ RunTime:0.0000s ]
SQL: SELECT * FROM `album` WHERE `id` = 1 LIMIT 1   [ RunTime:0.0010s ]
SQL: SELECT * FROM `album` WHERE `id` = 2 LIMIT 1   [ RunTime:0.0000s ]
SQL: SELECT * FROM `user` WHERE `id` = 2 LIMIT 1   [ RunTime:0.0000s ]
SQL: SELECT COUNT(*) AS tp_count FROM `album` WHERE `user_id` = 2 LIMIT 1   [ RunTime:0.0000s ]
SQL: SELECT `path` FROM `album` WHERE `user_id` = 2 ORDER BY id desc LIMIT 3   [ RunTime:0.0000s ]
SQL: SHOW COLUMNS FROM `pho` [ RunTime:0.0060s ]
SQL: SELECT `id` FROM `category` WHERE `type` = 2 ORDER BY rank,id  [ RunTime:0.0000s ]
SQL: SELECT * FROM `category` WHERE `id` = 2 LIMIT 1   [ RunTime:0.0010s ]
SQL: SELECT * FROM `category` WHERE `id` = 3 LIMIT 1   [ RunTime:0.0000s ]
SQL: SELECT * FROM `category` WHERE `id` = 1 LIMIT 1   [ RunTime:0.0010s ]
SQL: SELECT * FROM `pho` WHERE `id` = 2 LIMIT 1   [ RunTime:0.0000s ]

[ 2016-09-10T14:43:22+08:00 ] 127.0.0.1 /Admin/Run/slideEdit/id/1
SQL: SHOW COLUMNS FROM `user` [ RunTime:0.0060s ]
SQL: SHOW COLUMNS FROM `slide` [ RunTime:0.0050s ]
SQL: SELECT * FROM `slide` WHERE `id` = 1 LIMIT 1   [ RunTime:0.0000s ]
SQL: SHOW COLUMNS FROM `task` [ RunTime:0.0060s ]
SQL: SHOW COLUMNS FROM `category` [ RunTime:0.0050s ]
SQL: SELECT `id` FROM `category` WHERE `type` = 1 ORDER BY rank,id  [ RunTime:0.0000s ]
SQL: SELECT * FROM `task` WHERE `id` = 1 LIMIT 1   [ RunTime:0.0000s ]
SQL: SHOW COLUMNS FROM `region` [ RunTime:0.0050s ]
SQL: SELECT * FROM `region` WHERE `id` = 0 LIMIT 1   [ RunTime:0.0000s ]
SQL: SHOW COLUMNS FROM `join` [ RunTime:0.0050s ]
SQL: SELECT COUNT(*) AS tp_count FROM `join` WHERE `task_id` = 1 LIMIT 1   [ RunTime:0.0000s ]
SQL: SHOW COLUMNS FROM `album` [ RunTime:0.0050s ]
SQL: SELECT `id` FROM `album` WHERE `type` = 0 AND `type_id` = 1 ORDER BY add_time desc LIMIT 20   [ RunTime:0.0010s ]
SQL: SELECT * FROM `album` WHERE `id` = 13 LIMIT 1   [ RunTime:0.0000s ]
SQL: SELECT * FROM `album` WHERE `id` = 7 LIMIT 1   [ RunTime:0.0010s ]
SQL: SELECT * FROM `album` WHERE `id` = 1 LIMIT 1   [ RunTime:0.0000s ]
SQL: SELECT * FROM `album` WHERE `id` = 2 LIMIT 1   [ RunTime:0.0000s ]
SQL: SELECT * FROM `user` WHERE `id` = 2 LIMIT 1   [ RunTime:0.0000s ]
SQL: SELECT COUNT(*) AS tp_count FROM `album` WHERE `user_id` = 2 LIMIT 1   [ RunTime:0.0000s ]
SQL: SELECT `path` FROM `album` WHERE `user_id` = 2 ORDER BY id desc LIMIT 3   [ RunTime:0.0000s ]
SQL: SHOW COLUMNS FROM `pho` [ RunTime:0.0050s ]
SQL: SELECT `id` FROM `category` WHERE `type` = 2 ORDER BY rank,id  [ RunTime:0.0000s ]
SQL: SELECT * FROM `category` WHERE `id` = 2 LIMIT 1   [ RunTime:0.0000s ]
SQL: SELECT * FROM `category` WHERE `id` = 3 LIMIT 1   [ RunTime:0.0000s ]
SQL: SELECT * FROM `category` WHERE `id` = 1 LIMIT 1   [ RunTime:0.0000s ]
SQL: SELECT * FROM `pho` WHERE `id` = 2 LIMIT 1   [ RunTime:0.0000s ]

[ 2016-09-10T14:44:01+08:00 ] 127.0.0.1 /Admin/Run/slideEdit/id/1
SQL: SHOW COLUMNS FROM `user` [ RunTime:0.0050s ]
SQL: SHOW COLUMNS FROM `slide` [ RunTime:0.0050s ]
SQL: SELECT * FROM `slide` WHERE `id` = 1 LIMIT 1   [ RunTime:0.0000s ]
SQL: SHOW COLUMNS FROM `task` [ RunTime:0.0070s ]
SQL: SHOW COLUMNS FROM `category` [ RunTime:0.0060s ]
SQL: SELECT `id` FROM `category` WHERE `type` = 1 ORDER BY rank,id  [ RunTime:0.0010s ]
SQL: SELECT * FROM `task` WHERE `id` = 1 LIMIT 1   [ RunTime:0.0000s ]
SQL: SHOW COLUMNS FROM `region` [ RunTime:0.0080s ]
SQL: SELECT * FROM `region` WHERE `id` = 0 LIMIT 1   [ RunTime:0.0000s ]
SQL: SHOW COLUMNS FROM `join` [ RunTime:0.0060s ]
SQL: SELECT COUNT(*) AS tp_count FROM `join` WHERE `task_id` = 1 LIMIT 1   [ RunTime:0.0000s ]
SQL: SHOW COLUMNS FROM `album` [ RunTime:0.0060s ]
SQL: SELECT `id` FROM `album` WHERE `type` = 0 AND `type_id` = 1 ORDER BY add_time desc LIMIT 20   [ RunTime:0.0010s ]
SQL: SELECT * FROM `album` WHERE `id` = 13 LIMIT 1   [ RunTime:0.0000s ]
SQL: SELECT * FROM `album` WHERE `id` = 7 LIMIT 1   [ RunTime:0.0000s ]
SQL: SELECT * FROM `album` WHERE `id` = 1 LIMIT 1   [ RunTime:0.0000s ]
SQL: SELECT * FROM `album` WHERE `id` = 2 LIMIT 1   [ RunTime:0.0010s ]
SQL: SELECT * FROM `user` WHERE `id` = 2 LIMIT 1   [ RunTime:0.0010s ]
SQL: SELECT COUNT(*) AS tp_count FROM `album` WHERE `user_id` = 2 LIMIT 1   [ RunTime:0.0000s ]
SQL: SELECT `path` FROM `album` WHERE `user_id` = 2 ORDER BY id desc LIMIT 3   [ RunTime:0.0000s ]
SQL: SHOW COLUMNS FROM `pho` [ RunTime:0.0080s ]
SQL: SELECT `id` FROM `category` WHERE `type` = 2 ORDER BY rank,id  [ RunTime:0.0010s ]
SQL: SELECT * FROM `category` WHERE `id` = 2 LIMIT 1   [ RunTime:0.0000s ]
SQL: SELECT * FROM `category` WHERE `id` = 3 LIMIT 1   [ RunTime:0.0000s ]
SQL: SELECT * FROM `category` WHERE `id` = 1 LIMIT 1   [ RunTime:0.0000s ]
SQL: SELECT * FROM `pho` WHERE `id` = 2 LIMIT 1   [ RunTime:0.0010s ]

[ 2016-09-10T14:44:15+08:00 ] 127.0.0.1 /Admin/Run/slideEdit/id/1
SQL: SHOW COLUMNS FROM `user` [ RunTime:0.0050s ]
SQL: SHOW COLUMNS FROM `slide` [ RunTime:0.0050s ]
SQL: SELECT * FROM `slide` WHERE `id` = 1 LIMIT 1   [ RunTime:0.0010s ]
SQL: SHOW COLUMNS FROM `task` [ RunTime:0.0050s ]
SQL: SHOW COLUMNS FROM `category` [ RunTime:0.0050s ]
SQL: SELECT `id` FROM `category` WHERE `type` = 1 ORDER BY rank,id  [ RunTime:0.0010s ]
SQL: SELECT * FROM `task` WHERE `id` = 1 LIMIT 1   [ RunTime:0.0000s ]
SQL: SHOW COLUMNS FROM `region` [ RunTime:0.0050s ]
SQL: SELECT * FROM `region` WHERE `id` = 0 LIMIT 1   [ RunTime:0.0000s ]
SQL: SHOW COLUMNS FROM `join` [ RunTime:0.0050s ]
SQL: SELECT COUNT(*) AS tp_count FROM `join` WHERE `task_id` = 1 LIMIT 1   [ RunTime:0.0000s ]
SQL: SHOW COLUMNS FROM `album` [ RunTime:0.0050s ]
SQL: SELECT `id` FROM `album` WHERE `type` = 0 AND `type_id` = 1 ORDER BY add_time desc LIMIT 20   [ RunTime:0.0010s ]
SQL: SELECT * FROM `album` WHERE `id` = 13 LIMIT 1   [ RunTime:0.0000s ]
SQL: SELECT * FROM `album` WHERE `id` = 7 LIMIT 1   [ RunTime:0.0010s ]
SQL: SELECT * FROM `album` WHERE `id` = 1 LIMIT 1   [ RunTime:0.0000s ]
SQL: SELECT * FROM `album` WHERE `id` = 2 LIMIT 1   [ RunTime:0.0010s ]
SQL: SELECT * FROM `user` WHERE `id` = 2 LIMIT 1   [ RunTime:0.0000s ]
SQL: SELECT COUNT(*) AS tp_count FROM `album` WHERE `user_id` = 2 LIMIT 1   [ RunTime:0.0000s ]
SQL: SELECT `path` FROM `album` WHERE `user_id` = 2 ORDER BY id desc LIMIT 3   [ RunTime:0.0000s ]
SQL: SHOW COLUMNS FROM `pho` [ RunTime:0.0060s ]
SQL: SELECT `id` FROM `category` WHERE `type` = 2 ORDER BY rank,id  [ RunTime:0.0010s ]
SQL: SELECT * FROM `category` WHERE `id` = 2 LIMIT 1   [ RunTime:0.0000s ]
SQL: SELECT * FROM `category` WHERE `id` = 3 LIMIT 1   [ RunTime:0.0000s ]
SQL: SELECT * FROM `category` WHERE `id` = 1 LIMIT 1   [ RunTime:0.0000s ]
SQL: SELECT * FROM `pho` WHERE `id` = 2 LIMIT 1   [ RunTime:0.0010s ]

[ 2016-09-10T14:44:44+08:00 ] 127.0.0.1 /Admin/Run/slideEdit/id/1
SQL: SHOW COLUMNS FROM `user` [ RunTime:0.0050s ]
SQL: SHOW COLUMNS FROM `slide` [ RunTime:0.0050s ]
SQL: SELECT * FROM `slide` WHERE `id` = 1 LIMIT 1   [ RunTime:0.0000s ]
SQL: SHOW COLUMNS FROM `task` [ RunTime:0.0050s ]
SQL: SHOW COLUMNS FROM `category` [ RunTime:0.0050s ]
SQL: SELECT `id` FROM `category` WHERE `type` = 1 ORDER BY rank,id  [ RunTime:0.0010s ]
SQL: SELECT * FROM `task` WHERE `id` = 1 LIMIT 1   [ RunTime:0.0000s ]
SQL: SHOW COLUMNS FROM `region` [ RunTime:0.0050s ]
SQL: SELECT * FROM `region` WHERE `id` = 0 LIMIT 1   [ RunTime:0.0000s ]
SQL: SHOW COLUMNS FROM `join` [ RunTime:0.0050s ]
SQL: SELECT COUNT(*) AS tp_count FROM `join` WHERE `task_id` = 1 LIMIT 1   [ RunTime:0.0010s ]
SQL: SHOW COLUMNS FROM `album` [ RunTime:0.0050s ]
SQL: SELECT `id` FROM `album` WHERE `type` = 0 AND `type_id` = 1 ORDER BY add_time desc LIMIT 20   [ RunTime:0.0000s ]
SQL: SELECT * FROM `album` WHERE `id` = 13 LIMIT 1   [ RunTime:0.0010s ]
SQL: SELECT * FROM `album` WHERE `id` = 7 LIMIT 1   [ RunTime:0.0000s ]
SQL: SELECT * FROM `album` WHERE `id` = 1 LIMIT 1   [ RunTime:0.0000s ]
SQL: SELECT * FROM `album` WHERE `id` = 2 LIMIT 1   [ RunTime:0.0000s ]
SQL: SELECT * FROM `user` WHERE `id` = 2 LIMIT 1   [ RunTime:0.0010s ]
SQL: SELECT COUNT(*) AS tp_count FROM `album` WHERE `user_id` = 2 LIMIT 1   [ RunTime:0.0000s ]
SQL: SELECT `path` FROM `album` WHERE `user_id` = 2 ORDER BY id desc LIMIT 3   [ RunTime:0.0010s ]
SQL: SHOW COLUMNS FROM `pho` [ RunTime:0.0050s ]
SQL: SELECT `id` FROM `category` WHERE `type` = 2 ORDER BY rank,id  [ RunTime:0.0010s ]
SQL: SELECT * FROM `category` WHERE `id` = 2 LIMIT 1   [ RunTime:0.0000s ]
SQL: SELECT * FROM `category` WHERE `id` = 3 LIMIT 1   [ RunTime:0.0010s ]
SQL: SELECT * FROM `category` WHERE `id` = 1 LIMIT 1   [ RunTime:0.0000s ]
SQL: SELECT * FROM `pho` WHERE `id` = 2 LIMIT 1   [ RunTime:0.0010s ]

[ 2016-09-10T14:45:03+08:00 ] 127.0.0.1 /Admin/Run/slideEdit/id/1
SQL: SHOW COLUMNS FROM `user` [ RunTime:0.0060s ]
SQL: SHOW COLUMNS FROM `slide` [ RunTime:0.0040s ]
SQL: SELECT * FROM `slide` WHERE `id` = 1 LIMIT 1   [ RunTime:0.0000s ]
SQL: SHOW COLUMNS FROM `task` [ RunTime:0.0050s ]
SQL: SHOW COLUMNS FROM `category` [ RunTime:0.0050s ]
SQL: SELECT `id` FROM `category` WHERE `type` = 1 ORDER BY rank,id  [ RunTime:0.0010s ]
SQL: SELECT * FROM `task` WHERE `id` = 1 LIMIT 1   [ RunTime:0.0000s ]
SQL: SHOW COLUMNS FROM `region` [ RunTime:0.0050s ]
SQL: SELECT * FROM `region` WHERE `id` = 0 LIMIT 1   [ RunTime:0.0000s ]
SQL: SHOW COLUMNS FROM `join` [ RunTime:0.0240s ]
SQL: SELECT COUNT(*) AS tp_count FROM `join` WHERE `task_id` = 1 LIMIT 1   [ RunTime:0.0010s ]
SQL: SHOW COLUMNS FROM `album` [ RunTime:0.0040s ]
SQL: SELECT `id` FROM `album` WHERE `type` = 0 AND `type_id` = 1 ORDER BY add_time desc LIMIT 20   [ RunTime:0.0000s ]
SQL: SELECT * FROM `album` WHERE `id` = 13 LIMIT 1   [ RunTime:0.0010s ]
SQL: SELECT * FROM `album` WHERE `id` = 7 LIMIT 1   [ RunTime:0.0000s ]
SQL: SELECT * FROM `album` WHERE `id` = 1 LIMIT 1   [ RunTime:0.0010s ]
SQL: SELECT * FROM `album` WHERE `id` = 2 LIMIT 1   [ RunTime:0.0000s ]
SQL: SELECT * FROM `user` WHERE `id` = 2 LIMIT 1   [ RunTime:0.0000s ]
SQL: SELECT COUNT(*) AS tp_count FROM `album` WHERE `user_id` = 2 LIMIT 1   [ RunTime:0.0000s ]
SQL: SELECT `path` FROM `album` WHERE `user_id` = 2 ORDER BY id desc LIMIT 3   [ RunTime:0.0000s ]
SQL: SHOW COLUMNS FROM `pho` [ RunTime:0.0060s ]
SQL: SELECT `id` FROM `category` WHERE `type` = 2 ORDER BY rank,id  [ RunTime:0.0000s ]
SQL: SELECT * FROM `category` WHERE `id` = 2 LIMIT 1   [ RunTime:0.0000s ]
SQL: SELECT * FROM `category` WHERE `id` = 3 LIMIT 1   [ RunTime:0.0000s ]
SQL: SELECT * FROM `category` WHERE `id` = 1 LIMIT 1   [ RunTime:0.0000s ]
SQL: SELECT * FROM `pho` WHERE `id` = 2 LIMIT 1   [ RunTime:0.0000s ]

[ 2016-09-10T14:45:14+08:00 ] 127.0.0.1 /Admin/Run/slideEdit/id/1
SQL: SHOW COLUMNS FROM `user` [ RunTime:0.0050s ]
SQL: SHOW COLUMNS FROM `slide` [ RunTime:0.0050s ]
SQL: SELECT * FROM `slide` WHERE `id` = 1 LIMIT 1   [ RunTime:0.0010s ]
SQL: SHOW COLUMNS FROM `task` [ RunTime:0.0050s ]
SQL: SHOW COLUMNS FROM `category` [ RunTime:0.0050s ]
SQL: SELECT `id` FROM `category` WHERE `type` = 1 ORDER BY rank,id  [ RunTime:0.0000s ]
SQL: SELECT * FROM `task` WHERE `id` = 1 LIMIT 1   [ RunTime:0.0000s ]
SQL: SHOW COLUMNS FROM `region` [ RunTime:0.0050s ]
SQL: SELECT * FROM `region` WHERE `id` = 0 LIMIT 1   [ RunTime:0.0010s ]
SQL: SHOW COLUMNS FROM `join` [ RunTime:0.0040s ]
SQL: SELECT COUNT(*) AS tp_count FROM `join` WHERE `task_id` = 1 LIMIT 1   [ RunTime:0.0000s ]
SQL: SHOW COLUMNS FROM `album` [ RunTime:0.0050s ]
SQL: SELECT `id` FROM `album` WHERE `type` = 0 AND `type_id` = 1 ORDER BY add_time desc LIMIT 20   [ RunTime:0.0010s ]
SQL: SELECT * FROM `album` WHERE `id` = 13 LIMIT 1   [ RunTime:0.0000s ]
SQL: SELECT * FROM `album` WHERE `id` = 7 LIMIT 1   [ RunTime:0.0000s ]
SQL: SELECT * FROM `album` WHERE `id` = 1 LIMIT 1   [ RunTime:0.0000s ]
SQL: SELECT * FROM `album` WHERE `id` = 2 LIMIT 1   [ RunTime:0.0000s ]
SQL: SELECT * FROM `user` WHERE `id` = 2 LIMIT 1   [ RunTime:0.0010s ]
SQL: SELECT COUNT(*) AS tp_count FROM `album` WHERE `user_id` = 2 LIMIT 1   [ RunTime:0.0000s ]
SQL: SELECT `path` FROM `album` WHERE `user_id` = 2 ORDER BY id desc LIMIT 3   [ RunTime:0.0000s ]
SQL: SHOW COLUMNS FROM `pho` [ RunTime:0.0050s ]
SQL: SELECT `id` FROM `category` WHERE `type` = 2 ORDER BY rank,id  [ RunTime:0.0000s ]
SQL: SELECT * FROM `category` WHERE `id` = 2 LIMIT 1   [ RunTime:0.0010s ]
SQL: SELECT * FROM `category` WHERE `id` = 3 LIMIT 1   [ RunTime:0.0000s ]
SQL: SELECT * FROM `category` WHERE `id` = 1 LIMIT 1   [ RunTime:0.0000s ]
SQL: SELECT * FROM `pho` WHERE `id` = 2 LIMIT 1   [ RunTime:0.0010s ]

[ 2016-09-10T14:45:19+08:00 ] 127.0.0.1 /Admin/Run/slideEdit
SQL: SHOW COLUMNS FROM `user` [ RunTime:0.0050s ]
SQL: SHOW COLUMNS FROM `slide` [ RunTime:0.0050s ]

[ 2016-09-10T14:45:34+08:00 ] 127.0.0.1 /Admin/Run/slideEdit
SQL: SHOW COLUMNS FROM `user` [ RunTime:0.0060s ]
SQL: SHOW COLUMNS FROM `slide` [ RunTime:0.0050s ]

[ 2016-09-10T14:45:42+08:00 ] 127.0.0.1 /Admin/Run/slideEdit
SQL: SHOW COLUMNS FROM `user` [ RunTime:0.0050s ]
SQL: SHOW COLUMNS FROM `slide` [ RunTime:0.0040s ]

[ 2016-09-10T14:45:46+08:00 ] 127.0.0.1 /Admin/Run/slideEdit
SQL: SHOW COLUMNS FROM `user` [ RunTime:0.0050s ]
SQL: SHOW COLUMNS FROM `slide` [ RunTime:0.0060s ]
SQL: INSERT INTO `slide` (`type`,`node_id`,`link`,`image`,`rank`,`id`,`add_time`,`update_time`) VALUES ('1','5','','/public/upload/image/2016-06-20/57680789c2e02.jpg','1','0','1473489946','1473489946') [ RunTime:0.0500s ]

[ 2016-09-10T14:45:49+08:00 ] 127.0.0.1 /Admin/Run/slideEdit
SQL: SHOW COLUMNS FROM `user` [ RunTime:0.0050s ]
SQL: SHOW COLUMNS FROM `slide` [ RunTime:0.0040s ]

[ 2016-09-10T14:45:59+08:00 ] 127.0.0.1 /Admin/Run/slideEdit
SQL: SHOW COLUMNS FROM `user` [ RunTime:0.0050s ]
SQL: SHOW COLUMNS FROM `slide` [ RunTime:0.0050s ]
SQL: INSERT INTO `slide` (`type`,`node_id`,`link`,`image`,`rank`,`id`,`add_time`,`update_time`) VALUES ('4','0','https://www.baidu.com/','/public/upload/image/2016-06-20/57680d6928b7d.png','4','0','1473489959','1473489959') [ RunTime:0.0150s ]

[ 2016-09-10T14:47:45+08:00 ] 127.0.0.1 /Admin/Run/slideEdit/id/4
SQL: SHOW COLUMNS FROM `user` [ RunTime:0.0050s ]
SQL: SHOW COLUMNS FROM `slide` [ RunTime:0.0060s ]
SQL: SELECT * FROM `slide` WHERE `id` = 4 LIMIT 1   [ RunTime:0.0010s ]

[ 2016-09-10T14:49:49+08:00 ] 127.0.0.1 /Admin/Run/slideEdit/id/1
SQL: SHOW COLUMNS FROM `user` [ RunTime:0.0060s ]
SQL: SHOW COLUMNS FROM `slide` [ RunTime:0.0050s ]
SQL: SELECT * FROM `slide` WHERE `id` = 1 LIMIT 1   [ RunTime:0.0010s ]
SQL: SHOW COLUMNS FROM `task` [ RunTime:0.0050s ]
SQL: SHOW COLUMNS FROM `category` [ RunTime:0.0050s ]
SQL: SELECT `id` FROM `category` WHERE `type` = 1 ORDER BY rank,id  [ RunTime:0.0000s ]
SQL: SELECT * FROM `task` WHERE `id` = 1 LIMIT 1   [ RunTime:0.0000s ]
SQL: SHOW COLUMNS FROM `region` [ RunTime:0.0040s ]
SQL: SELECT * FROM `region` WHERE `id` = 0 LIMIT 1   [ RunTime:0.0000s ]
SQL: SHOW COLUMNS FROM `join` [ RunTime:0.0050s ]
SQL: SELECT COUNT(*) AS tp_count FROM `join` WHERE `task_id` = 1 LIMIT 1   [ RunTime:0.0000s ]
SQL: SHOW COLUMNS FROM `album` [ RunTime:0.0050s ]
SQL: SELECT `id` FROM `album` WHERE `type` = 0 AND `type_id` = 1 ORDER BY add_time desc LIMIT 20   [ RunTime:0.0010s ]
SQL: SELECT * FROM `album` WHERE `id` = 13 LIMIT 1   [ RunTime:0.0000s ]
SQL: SELECT * FROM `album` WHERE `id` = 7 LIMIT 1   [ RunTime:0.0010s ]
SQL: SELECT * FROM `album` WHERE `id` = 1 LIMIT 1   [ RunTime:0.0000s ]
SQL: SELECT * FROM `album` WHERE `id` = 2 LIMIT 1   [ RunTime:0.0000s ]
SQL: SELECT * FROM `user` WHERE `id` = 2 LIMIT 1   [ RunTime:0.0010s ]
SQL: SELECT COUNT(*) AS tp_count FROM `album` WHERE `user_id` = 2 LIMIT 1   [ RunTime:0.0000s ]
SQL: SELECT `path` FROM `album` WHERE `user_id` = 2 ORDER BY id desc LIMIT 3   [ RunTime:0.0010s ]
SQL: SHOW COLUMNS FROM `pho` [ RunTime:0.0050s ]
SQL: SELECT `id` FROM `category` WHERE `type` = 2 ORDER BY rank,id  [ RunTime:0.0000s ]
SQL: SELECT * FROM `category` WHERE `id` = 2 LIMIT 1   [ RunTime:0.0000s ]
SQL: SELECT * FROM `category` WHERE `id` = 3 LIMIT 1   [ RunTime:0.0000s ]
SQL: SELECT * FROM `category` WHERE `id` = 1 LIMIT 1   [ RunTime:0.0000s ]
SQL: SELECT * FROM `pho` WHERE `id` = 2 LIMIT 1   [ RunTime:0.0010s ]

[ 2016-09-10T14:50:04+08:00 ] 127.0.0.1 /Admin/Run/slideEdit/id/1
SQL: SHOW COLUMNS FROM `user` [ RunTime:0.0050s ]
SQL: SHOW COLUMNS FROM `slide` [ RunTime:0.0050s ]
SQL: SELECT * FROM `slide` WHERE `id` = 1 LIMIT 1   [ RunTime:0.0010s ]
SQL: SHOW COLUMNS FROM `task` [ RunTime:0.0050s ]
SQL: SHOW COLUMNS FROM `category` [ RunTime:0.0050s ]
SQL: SELECT `id` FROM `category` WHERE `type` = 1 ORDER BY rank,id  [ RunTime:0.0000s ]
SQL: SELECT * FROM `task` WHERE `id` = 1 LIMIT 1   [ RunTime:0.0010s ]
SQL: SHOW COLUMNS FROM `region` [ RunTime:0.0050s ]
SQL: SELECT * FROM `region` WHERE `id` = 0 LIMIT 1   [ RunTime:0.0000s ]
SQL: SHOW COLUMNS FROM `join` [ RunTime:0.0050s ]
SQL: SELECT COUNT(*) AS tp_count FROM `join` WHERE `task_id` = 1 LIMIT 1   [ RunTime:0.0000s ]
SQL: SHOW COLUMNS FROM `album` [ RunTime:0.0050s ]
SQL: SELECT `id` FROM `album` WHERE `type` = 0 AND `type_id` = 1 ORDER BY add_time desc LIMIT 20   [ RunTime:0.0000s ]
SQL: SELECT * FROM `album` WHERE `id` = 13 LIMIT 1   [ RunTime:0.0000s ]
SQL: SELECT * FROM `album` WHERE `id` = 7 LIMIT 1   [ RunTime:0.0010s ]
SQL: SELECT * FROM `album` WHERE `id` = 1 LIMIT 1   [ RunTime:0.0000s ]
SQL: SELECT * FROM `album` WHERE `id` = 2 LIMIT 1   [ RunTime:0.0000s ]
SQL: SELECT * FROM `user` WHERE `id` = 2 LIMIT 1   [ RunTime:0.0010s ]
SQL: SELECT COUNT(*) AS tp_count FROM `album` WHERE `user_id` = 2 LIMIT 1   [ RunTime:0.0000s ]
SQL: SELECT `path` FROM `album` WHERE `user_id` = 2 ORDER BY id desc LIMIT 3   [ RunTime:0.0010s ]
SQL: SHOW COLUMNS FROM `pho` [ RunTime:0.0050s ]
SQL: SELECT `id` FROM `category` WHERE `type` = 2 ORDER BY rank,id  [ RunTime:0.0000s ]
SQL: SELECT * FROM `category` WHERE `id` = 2 LIMIT 1   [ RunTime:0.0000s ]
SQL: SELECT * FROM `category` WHERE `id` = 3 LIMIT 1   [ RunTime:0.0000s ]
SQL: SELECT * FROM `category` WHERE `id` = 1 LIMIT 1   [ RunTime:0.0000s ]
SQL: SELECT * FROM `pho` WHERE `id` = 2 LIMIT 1   [ RunTime:0.0000s ]

[ 2016-09-10T14:50:15+08:00 ] 127.0.0.1 /Admin/Run/slideEdit
SQL: SHOW COLUMNS FROM `user` [ RunTime:0.0050s ]
SQL: SHOW COLUMNS FROM `slide` [ RunTime:0.0050s ]
SQL: UPDATE `slide` SET `type`='1',`node_id`='1',`link`='',`image`='/Public/upload/image/2016-09-10/57d3ad25d55f8.jpg',`rank`='0',`id`='1',`update_time`='1473490215' WHERE ( id=1 ) [ RunTime:0.0320s ]

[ 2016-09-10T14:50:59+08:00 ] 127.0.0.1 /Admin/Run/slideEdit/id/1
SQL: SHOW COLUMNS FROM `user` [ RunTime:0.0050s ]
SQL: SHOW COLUMNS FROM `slide` [ RunTime:0.0040s ]
SQL: SELECT * FROM `slide` WHERE `id` = 1 LIMIT 1   [ RunTime:0.0000s ]
SQL: SHOW COLUMNS FROM `task` [ RunTime:0.0050s ]
SQL: SHOW COLUMNS FROM `category` [ RunTime:0.0050s ]
SQL: SELECT `id` FROM `category` WHERE `type` = 1 ORDER BY rank,id  [ RunTime:0.0000s ]
SQL: SELECT * FROM `task` WHERE `id` = 1 LIMIT 1   [ RunTime:0.0010s ]
SQL: SHOW COLUMNS FROM `region` [ RunTime:0.0040s ]
SQL: SELECT * FROM `region` WHERE `id` = 0 LIMIT 1   [ RunTime:0.0000s ]
SQL: SHOW COLUMNS FROM `join` [ RunTime:0.0050s ]
SQL: SELECT COUNT(*) AS tp_count FROM `join` WHERE `task_id` = 1 LIMIT 1   [ RunTime:0.0000s ]
SQL: SHOW COLUMNS FROM `album` [ RunTime:0.0050s ]
SQL: SELECT `id` FROM `album` WHERE `type` = 0 AND `type_id` = 1 ORDER BY add_time desc LIMIT 20   [ RunTime:0.0010s ]
SQL: SELECT * FROM `album` WHERE `id` = 13 LIMIT 1   [ RunTime:0.0000s ]
SQL: SELECT * FROM `album` WHERE `id` = 7 LIMIT 1   [ RunTime:0.0000s ]
SQL: SELECT * FROM `album` WHERE `id` = 1 LIMIT 1   [ RunTime:0.0010s ]
SQL: SELECT * FROM `album` WHERE `id` = 2 LIMIT 1   [ RunTime:0.0000s ]
SQL: SELECT * FROM `user` WHERE `id` = 2 LIMIT 1   [ RunTime:0.0000s ]
SQL: SELECT COUNT(*) AS tp_count FROM `album` WHERE `user_id` = 2 LIMIT 1   [ RunTime:0.0010s ]
SQL: SELECT `path` FROM `album` WHERE `user_id` = 2 ORDER BY id desc LIMIT 3   [ RunTime:0.0000s ]
SQL: SHOW COLUMNS FROM `pho` [ RunTime:0.0050s ]
SQL: SELECT `id` FROM `category` WHERE `type` = 2 ORDER BY rank,id  [ RunTime:0.0000s ]
SQL: SELECT * FROM `category` WHERE `id` = 2 LIMIT 1   [ RunTime:0.0000s ]
SQL: SELECT * FROM `category` WHERE `id` = 3 LIMIT 1   [ RunTime:0.0010s ]
SQL: SELECT * FROM `category` WHERE `id` = 1 LIMIT 1   [ RunTime:0.0000s ]
SQL: SELECT * FROM `pho` WHERE `id` = 2 LIMIT 1   [ RunTime:0.0010s ]

[ 2016-09-10T14:51:37+08:00 ] 127.0.0.1 /Admin/Run/slideEdit/id/1
SQL: SHOW COLUMNS FROM `user` [ RunTime:0.0060s ]
SQL: SHOW COLUMNS FROM `slide` [ RunTime:0.0050s ]
SQL: SELECT * FROM `slide` WHERE `id` = 1 LIMIT 1   [ RunTime:0.0010s ]
SQL: SHOW COLUMNS FROM `task` [ RunTime:0.0050s ]
SQL: SHOW COLUMNS FROM `category` [ RunTime:0.0060s ]
SQL: SELECT `id` FROM `category` WHERE `type` = 1 ORDER BY rank,id  [ RunTime:0.0000s ]
SQL: SELECT * FROM `task` WHERE `id` = 1 LIMIT 1   [ RunTime:0.0010s ]
SQL: SHOW COLUMNS FROM `region` [ RunTime:0.0050s ]
SQL: SELECT * FROM `region` WHERE `id` = 0 LIMIT 1   [ RunTime:0.0000s ]
SQL: SHOW COLUMNS FROM `join` [ RunTime:0.0050s ]
SQL: SELECT COUNT(*) AS tp_count FROM `join` WHERE `task_id` = 1 LIMIT 1   [ RunTime:0.0000s ]
SQL: SHOW COLUMNS FROM `album` [ RunTime:0.0050s ]
SQL: SELECT `id` FROM `album` WHERE `type` = 0 AND `type_id` = 1 ORDER BY add_time desc LIMIT 20   [ RunTime:0.0010s ]
SQL: SELECT * FROM `album` WHERE `id` = 13 LIMIT 1   [ RunTime:0.0000s ]
SQL: SELECT * FROM `album` WHERE `id` = 7 LIMIT 1   [ RunTime:0.0010s ]
SQL: SELECT * FROM `album` WHERE `id` = 1 LIMIT 1   [ RunTime:0.0000s ]
SQL: SELECT * FROM `album` WHERE `id` = 2 LIMIT 1   [ RunTime:0.0000s ]
SQL: SELECT * FROM `user` WHERE `id` = 2 LIMIT 1   [ RunTime:0.0000s ]
SQL: SELECT COUNT(*) AS tp_count FROM `album` WHERE `user_id` = 2 LIMIT 1   [ RunTime:0.0010s ]
SQL: SELECT `path` FROM `album` WHERE `user_id` = 2 ORDER BY id desc LIMIT 3   [ RunTime:0.0000s ]
SQL: SHOW COLUMNS FROM `pho` [ RunTime:0.0060s ]
SQL: SELECT `id` FROM `category` WHERE `type` = 2 ORDER BY rank,id  [ RunTime:0.0000s ]
SQL: SELECT * FROM `category` WHERE `id` = 2 LIMIT 1   [ RunTime:0.0000s ]
SQL: SELECT * FROM `category` WHERE `id` = 3 LIMIT 1   [ RunTime:0.0000s ]
SQL: SELECT * FROM `category` WHERE `id` = 1 LIMIT 1   [ RunTime:0.0010s ]
SQL: SELECT * FROM `pho` WHERE `id` = 2 LIMIT 1   [ RunTime:0.0000s ]

[ 2016-09-10T15:04:25+08:00 ] 127.0.0.1 /Admin/Run/slideEdit/id/4
SQL: SHOW COLUMNS FROM `user` [ RunTime:0.0040s ]
SQL: SHOW COLUMNS FROM `slide` [ RunTime:0.0040s ]
SQL: SELECT * FROM `slide` WHERE `id` = 4 LIMIT 1   [ RunTime:0.0000s ]

[ 2016-09-10T15:04:31+08:00 ] 127.0.0.1 /Admin/Run/slideEdit
SQL: SHOW COLUMNS FROM `user` [ RunTime:0.0040s ]
SQL: SHOW COLUMNS FROM `slide` [ RunTime:0.0040s ]
SQL: UPDATE `slide` SET `type`='4',`node_id`='4',`link`='www.baidu.com/',`image`='/public/upload/image/2016-06-20/57680d6928b7d.png',`rank`='4',`id`='4',`update_time`='1473491071' WHERE ( id=4 ) [ RunTime:0.0060s ]

[ 2016-09-10T15:04:53+08:00 ] 127.0.0.1 /Admin/Run/slideEdit/id/4
SQL: SHOW COLUMNS FROM `user` [ RunTime:0.0030s ]
SQL: SHOW COLUMNS FROM `slide` [ RunTime:0.0030s ]
SQL: SELECT * FROM `slide` WHERE `id` = 4 LIMIT 1   [ RunTime:0.0000s ]

[ 2016-09-10T15:04:54+08:00 ] 127.0.0.1 /Admin/Run/slideEdit
SQL: SHOW COLUMNS FROM `user` [ RunTime:0.0040s ]
SQL: SHOW COLUMNS FROM `slide` [ RunTime:0.0030s ]

[ 2016-09-10T15:05:03+08:00 ] 127.0.0.1 /Admin/Run/slideEdit
SQL: SHOW COLUMNS FROM `user` [ RunTime:0.0040s ]
SQL: SHOW COLUMNS FROM `slide` [ RunTime:0.0040s ]

[ 2016-09-10T15:05:14+08:00 ] 127.0.0.1 /Admin/Run/slideEdit
SQL: SHOW COLUMNS FROM `user` [ RunTime:0.0120s ]
SQL: SHOW COLUMNS FROM `slide` [ RunTime:0.0100s ]
SQL: UPDATE `slide` SET `type`='4',`node_id`='4',`link`='http://www.baidu.com/',`image`='/public/upload/image/2016-06-20/57680d6928b7d.png',`rank`='4',`id`='4',`update_time`='1473491114' WHERE ( id=4 ) [ RunTime:0.0070s ]

[ 2016-09-10T15:05:16+08:00 ] 127.0.0.1 /Admin/Run/slideEdit
SQL: SHOW COLUMNS FROM `user` [ RunTime:0.0040s ]
SQL: SHOW COLUMNS FROM `slide` [ RunTime:0.0040s ]

[ 2016-09-10T15:05:33+08:00 ] 127.0.0.1 /Admin/Run/slideEdit
SQL: SHOW COLUMNS FROM `user` [ RunTime:0.0050s ]
SQL: SHOW COLUMNS FROM `slide` [ RunTime:0.0040s ]

[ 2016-09-10T15:05:40+08:00 ] 127.0.0.1 /Admin/Run/slideEdit
SQL: SHOW COLUMNS FROM `user` [ RunTime:0.0040s ]
SQL: SHOW COLUMNS FROM `slide` [ RunTime:0.0030s ]
SQL: INSERT INTO `slide` (`type`,`node_id`,`link`,`image`,`rank`,`id`,`add_time`,`update_time`) VALUES ('4','0','http://www.baidu.com/','/public/upload/image/2016-06-20/57680789c2e02.jpg','2','0','1473491140','1473491140') [ RunTime:0.0020s ]

