[ 2016-09-27T00:30:05+08:00 ] 127.0.0.1 /Admin/user/userChange/id/4
SQL: SHOW COLUMNS FROM `user` [ RunTime:0.0060s ]
SQL: SELECT * FROM `user` WHERE `id` = 4 LIMIT 1   [ RunTime:0.0010s ]
SQL: SHOW COLUMNS FROM `album` [ RunTime:0.0050s ]
SQL: SELECT COUNT(*) AS tp_count FROM `album` WHERE `user_id` = 4 LIMIT 1   [ RunTime:0.0000s ]
SQL: SELECT `path` FROM `album` WHERE `user_id` = 4 ORDER BY id desc LIMIT 3   [ RunTime:0.0000s ]
SQL: SHOW COLUMNS FROM `region` [ RunTime:0.0050s ]
SQL: SELECT * FROM `region` WHERE `id` = 0 LIMIT 1   [ RunTime:0.0010s ]
SQL: SHOW COLUMNS FROM `pho` [ RunTime:0.0050s ]
SQL: SHOW COLUMNS FROM `task` [ RunTime:0.0050s ]
SQL: SHOW COLUMNS FROM `category` [ RunTime:0.0050s ]
SQL: SELECT `id` FROM `category` WHERE `type` = 1 ORDER BY rank,id  [ RunTime:0.0000s ]
SQL: SELECT `id` FROM `category` WHERE `type` = 2 ORDER BY rank,id  [ RunTime:0.0010s ]
SQL: SELECT * FROM `category` WHERE `id` = 2 LIMIT 1   [ RunTime:0.0000s ]
SQL: SELECT * FROM `category` WHERE `id` = 3 LIMIT 1   [ RunTime:0.0000s ]
SQL: SELECT * FROM `category` WHERE `id` = 1 LIMIT 1   [ RunTime:0.0000s ]
SQL: SELECT * FROM `pho` WHERE `id` = 4 LIMIT 1   [ RunTime:0.0000s ]

[ 2016-09-27T00:30:24+08:00 ] 127.0.0.1 /Admin/Run/slideEdit/id/1
SQL: SHOW COLUMNS FROM `user` [ RunTime:0.0059s ]
SQL: SHOW COLUMNS FROM `slide` [ RunTime:0.0050s ]
SQL: SELECT * FROM `slide` WHERE `id` = 1 LIMIT 1   [ RunTime:0.0000s ]
SQL: SHOW COLUMNS FROM `task` [ RunTime:0.0059s ]
SQL: SHOW COLUMNS FROM `category` [ RunTime:0.0050s ]
SQL: SELECT `id` FROM `category` WHERE `type` = 1 ORDER BY rank,id  [ RunTime:0.0000s ]
SQL: SELECT * FROM `task` WHERE `id` = 1 LIMIT 1   [ RunTime:0.0000s ]
SQL: SHOW COLUMNS FROM `region` [ RunTime:0.0050s ]
SQL: SELECT * FROM `region` WHERE `id` = 2 LIMIT 1   [ RunTime:0.0000s ]
SQL: SHOW COLUMNS FROM `join` [ RunTime:0.0050s ]
SQL: SELECT COUNT(*) AS tp_count FROM `join` WHERE `task_id` = 1 LIMIT 1   [ RunTime:0.0000s ]
SQL: SHOW COLUMNS FROM `album` [ RunTime:0.0059s ]
SQL: SELECT `id` FROM `album` WHERE `type` = 0 AND `type_id` = 1 ORDER BY add_time desc LIMIT 20   [ RunTime:0.0010s ]
SQL: SELECT * FROM `album` WHERE `id` = 117 LIMIT 1   [ RunTime:0.0000s ]
SQL: SELECT * FROM `album` WHERE `id` = 115 LIMIT 1   [ RunTime:0.0000s ]
SQL: SELECT * FROM `album` WHERE `id` = 114 LIMIT 1   [ RunTime:0.0000s ]
SQL: SELECT * FROM `album` WHERE `id` = 113 LIMIT 1   [ RunTime:0.0000s ]
SQL: SELECT * FROM `album` WHERE `id` = 112 LIMIT 1   [ RunTime:0.0010s ]
SQL: SELECT * FROM `album` WHERE `id` = 125 LIMIT 1   [ RunTime:0.0000s ]
SQL: SELECT * FROM `album` WHERE `id` = 116 LIMIT 1   [ RunTime:0.0010s ]
SQL: SELECT * FROM `album` WHERE `id` = 127 LIMIT 1   [ RunTime:0.0000s ]
SQL: SELECT * FROM `album` WHERE `id` = 126 LIMIT 1   [ RunTime:0.0000s ]
SQL: SELECT * FROM `album` WHERE `id` = 121 LIMIT 1   [ RunTime:0.0000s ]
SQL: SELECT * FROM `album` WHERE `id` = 118 LIMIT 1   [ RunTime:0.0000s ]
SQL: SELECT * FROM `album` WHERE `id` = 119 LIMIT 1   [ RunTime:0.0010s ]
SQL: SELECT * FROM `album` WHERE `id` = 120 LIMIT 1   [ RunTime:0.0000s ]
SQL: SELECT * FROM `album` WHERE `id` = 122 LIMIT 1   [ RunTime:0.0000s ]
SQL: SELECT * FROM `album` WHERE `id` = 123 LIMIT 1   [ RunTime:0.0000s ]
SQL: SELECT * FROM `album` WHERE `id` = 124 LIMIT 1   [ RunTime:0.0000s ]
SQL: SELECT * FROM `album` WHERE `id` = 110 LIMIT 1   [ RunTime:0.0010s ]
SQL: SELECT * FROM `album` WHERE `id` = 109 LIMIT 1   [ RunTime:0.0000s ]
SQL: SELECT * FROM `album` WHERE `id` = 108 LIMIT 1   [ RunTime:0.0010s ]
SQL: SELECT * FROM `album` WHERE `id` = 107 LIMIT 1   [ RunTime:0.0000s ]
SQL: SELECT * FROM `user` WHERE `id` = 2 LIMIT 1   [ RunTime:0.0000s ]
SQL: SELECT COUNT(*) AS tp_count FROM `album` WHERE `user_id` = 2 LIMIT 1   [ RunTime:0.0010s ]
SQL: SELECT `path` FROM `album` WHERE `user_id` = 2 ORDER BY id desc LIMIT 3   [ RunTime:0.0000s ]
SQL: SELECT * FROM `region` WHERE `id` = 2 LIMIT 1   [ RunTime:0.0000s ]
SQL: SHOW COLUMNS FROM `pho` [ RunTime:0.0059s ]
SQL: SELECT `id` FROM `category` WHERE `type` = 2 ORDER BY rank,id  [ RunTime:0.0000s ]
SQL: SELECT * FROM `category` WHERE `id` = 2 LIMIT 1   [ RunTime:0.0000s ]
SQL: SELECT * FROM `category` WHERE `id` = 3 LIMIT 1   [ RunTime:0.0010s ]
SQL: SELECT * FROM `category` WHERE `id` = 1 LIMIT 1   [ RunTime:0.0000s ]
SQL: SELECT * FROM `pho` WHERE `id` = 2 LIMIT 1   [ RunTime:0.0010s ]

